CRITICAL - 2023-08-02 13:07:34 --> Archivo inválido: Admin/Usuarios/nuevo.php
#0 C:\laragon\www\alquilando\system\View\View.php(198): CodeIgniter\Exceptions\FrameworkException::forInvalidFile('Admin/Usuarios/...')
#1 C:\laragon\www\alquilando\system\Common.php(1094): CodeIgniter\View\View->render('Admin/Usuarios/...', Array, true)
#2 C:\laragon\www\alquilando\app\Controllers\Usuarios.php(84): view('Admin/Usuarios/...', Array)
#3 C:\laragon\www\alquilando\system\CodeIgniter.php(823): App\Controllers\Usuarios->nuevo()
#4 C:\laragon\www\alquilando\system\CodeIgniter.php(410): CodeIgniter\CodeIgniter->runController(Object(App\Controllers\Usuarios))
#5 C:\laragon\www\alquilando\system\CodeIgniter.php(318): CodeIgniter\CodeIgniter->handleRequest(NULL, Object(Config\Cache), false)
#6 C:\laragon\www\alquilando\public\index.php(37): CodeIgniter\CodeIgniter->run()
#7 {main}
CRITICAL - 2023-08-02 13:07:52 --> Archivo inválido: Admin/Usuarios/nuevo.php
#0 C:\laragon\www\alquilando\system\View\View.php(198): CodeIgniter\Exceptions\FrameworkException::forInvalidFile('Admin/Usuarios/...')
#1 C:\laragon\www\alquilando\system\Common.php(1094): CodeIgniter\View\View->render('Admin/Usuarios/...', Array, true)
#2 C:\laragon\www\alquilando\app\Controllers\Usuarios.php(84): view('Admin/Usuarios/...', Array)
#3 C:\laragon\www\alquilando\system\CodeIgniter.php(823): App\Controllers\Usuarios->nuevo()
#4 C:\laragon\www\alquilando\system\CodeIgniter.php(410): CodeIgniter\CodeIgniter->runController(Object(App\Controllers\Usuarios))
#5 C:\laragon\www\alquilando\system\CodeIgniter.php(318): CodeIgniter\CodeIgniter->handleRequest(NULL, Object(Config\Cache), false)
#6 C:\laragon\www\alquilando\public\index.php(37): CodeIgniter\CodeIgniter->run()
#7 {main}
CRITICAL - 2023-08-02 13:07:56 --> Archivo inválido: Admin/Usuarios/nuevo.php
#0 C:\laragon\www\alquilando\system\View\View.php(198): CodeIgniter\Exceptions\FrameworkException::forInvalidFile('Admin/Usuarios/...')
#1 C:\laragon\www\alquilando\system\Common.php(1094): CodeIgniter\View\View->render('Admin/Usuarios/...', Array, true)
#2 C:\laragon\www\alquilando\app\Controllers\Usuarios.php(84): view('Admin/Usuarios/...', Array)
#3 C:\laragon\www\alquilando\system\CodeIgniter.php(823): App\Controllers\Usuarios->nuevo()
#4 C:\laragon\www\alquilando\system\CodeIgniter.php(410): CodeIgniter\CodeIgniter->runController(Object(App\Controllers\Usuarios))
#5 C:\laragon\www\alquilando\system\CodeIgniter.php(318): CodeIgniter\CodeIgniter->handleRequest(NULL, Object(Config\Cache), false)
#6 C:\laragon\www\alquilando\public\index.php(37): CodeIgniter\CodeIgniter->run()
#7 {main}
CRITICAL - 2023-08-02 13:29:50 --> syntax error, unexpected token "=>"
#0 C:\laragon\www\alquilando\system\Router\Router.php(175): CodeIgniter\Router\Router->autoRoute('usuarios/nuevo')
#1 C:\laragon\www\alquilando\system\CodeIgniter.php(717): CodeIgniter\Router\Router->handle('usuarios/nuevo')
#2 C:\laragon\www\alquilando\system\CodeIgniter.php(359): CodeIgniter\CodeIgniter->tryToRouteIt(Object(CodeIgniter\Router\RouteCollection))
#3 C:\laragon\www\alquilando\system\CodeIgniter.php(318): CodeIgniter\CodeIgniter->handleRequest(NULL, Object(Config\Cache), false)
#4 C:\laragon\www\alquilando\public\index.php(37): CodeIgniter\CodeIgniter->run()
#5 {main}
CRITICAL - 2023-08-02 13:30:28 --> syntax error, unexpected token "="
#0 C:\laragon\www\alquilando\system\Router\Router.php(175): CodeIgniter\Router\Router->autoRoute('usuarios/nuevo')
#1 C:\laragon\www\alquilando\system\CodeIgniter.php(717): CodeIgniter\Router\Router->handle('usuarios/nuevo')
#2 C:\laragon\www\alquilando\system\CodeIgniter.php(359): CodeIgniter\CodeIgniter->tryToRouteIt(Object(CodeIgniter\Router\RouteCollection))
#3 C:\laragon\www\alquilando\system\CodeIgniter.php(318): CodeIgniter\CodeIgniter->handleRequest(NULL, Object(Config\Cache), false)
#4 C:\laragon\www\alquilando\public\index.php(37): CodeIgniter\CodeIgniter->run()
#5 {main}
CRITICAL - 2023-08-02 13:31:47 --> Undefined variable $imageName
#0 C:\laragon\www\alquilando\app\Controllers\Usuarios.php(125): CodeIgniter\Debug\Exceptions->errorHandler(2, 'Undefined varia...', 'C:\\laragon\\www\\...', 125)
#1 C:\laragon\www\alquilando\system\CodeIgniter.php(823): App\Controllers\Usuarios->insertar()
#2 C:\laragon\www\alquilando\system\CodeIgniter.php(410): CodeIgniter\CodeIgniter->runController(Object(App\Controllers\Usuarios))
#3 C:\laragon\www\alquilando\system\CodeIgniter.php(318): CodeIgniter\CodeIgniter->handleRequest(NULL, Object(Config\Cache), false)
#4 C:\laragon\www\alquilando\public\index.php(37): CodeIgniter\CodeIgniter->run()
#5 {main}
CRITICAL - 2023-08-02 13:43:35 --> Undefined variable $users
#0 C:\laragon\www\alquilando\app\Controllers\Usuarios.php(137): CodeIgniter\Debug\Exceptions->errorHandler(2, 'Undefined varia...', 'C:\\laragon\\www\\...', 137)
#1 C:\laragon\www\alquilando\system\CodeIgniter.php(823): App\Controllers\Usuarios->insertar()
#2 C:\laragon\www\alquilando\system\CodeIgniter.php(410): CodeIgniter\CodeIgniter->runController(Object(App\Controllers\Usuarios))
#3 C:\laragon\www\alquilando\system\CodeIgniter.php(318): CodeIgniter\CodeIgniter->handleRequest(NULL, Object(Config\Cache), false)
#4 C:\laragon\www\alquilando\public\index.php(37): CodeIgniter\CodeIgniter->run()
#5 {main}
CRITICAL - 2023-08-02 23:11:37 --> Undefined variable $idusuario
#0 C:\laragon\www\alquilando\app\Controllers\Usuarios.php(223): CodeIgniter\Debug\Exceptions->errorHandler(2, 'Undefined varia...', 'C:\\laragon\\www\\...', 223)
#1 C:\laragon\www\alquilando\system\CodeIgniter.php(823): App\Controllers\Usuarios->eliminar('1')
#2 C:\laragon\www\alquilando\system\CodeIgniter.php(410): CodeIgniter\CodeIgniter->runController(Object(App\Controllers\Usuarios))
#3 C:\laragon\www\alquilando\system\CodeIgniter.php(318): CodeIgniter\CodeIgniter->handleRequest(NULL, Object(Config\Cache), false)
#4 C:\laragon\www\alquilando\public\index.php(37): CodeIgniter\CodeIgniter->run()
#5 {main}
CRITICAL - 2023-08-02 23:11:46 --> Undefined variable $idusuario
#0 C:\laragon\www\alquilando\app\Controllers\Usuarios.php(223): CodeIgniter\Debug\Exceptions->errorHandler(2, 'Undefined varia...', 'C:\\laragon\\www\\...', 223)
#1 C:\laragon\www\alquilando\system\CodeIgniter.php(823): App\Controllers\Usuarios->eliminar('1')
#2 C:\laragon\www\alquilando\system\CodeIgniter.php(410): CodeIgniter\CodeIgniter->runController(Object(App\Controllers\Usuarios))
#3 C:\laragon\www\alquilando\system\CodeIgniter.php(318): CodeIgniter\CodeIgniter->handleRequest(NULL, Object(Config\Cache), false)
#4 C:\laragon\www\alquilando\public\index.php(37): CodeIgniter\CodeIgniter->run()
#5 {main}
