CRITICAL - 2022-11-21 15:55:36 --> syntax error, unexpected identifier "Config", expecting "]"
#0 C:\laragon\www\alquilando\system\CodeIgniter.php(359): CodeIgniter\CodeIgniter->tryToRouteIt(NULL)
#1 C:\laragon\www\alquilando\system\CodeIgniter.php(318): CodeIgniter\CodeIgniter->handleRequest(NULL, Object(Config\Cache), false)
#2 C:\laragon\www\alquilando\public\index.php(37): CodeIgniter\CodeIgniter->run()
#3 {main}
CRITICAL - 2022-11-21 19:08:07 --> Class "App\Controllers\InmuebleModel" not found
#0 C:\laragon\www\alquilando\system\CodeIgniter.php(800): App\Controllers\Inmuebles->__construct()
#1 C:\laragon\www\alquilando\system\CodeIgniter.php(401): CodeIgniter\CodeIgniter->createController()
#2 C:\laragon\www\alquilando\system\CodeIgniter.php(318): CodeIgniter\CodeIgniter->handleRequest(NULL, Object(Config\Cache), false)
#3 C:\laragon\www\alquilando\public\index.php(37): CodeIgniter\CodeIgniter->run()
#4 {main}
CRITICAL - 2022-11-21 19:09:12 --> number_format(): Passing null to parameter #1 ($num) of type float is deprecated
#0 [internal function]: CodeIgniter\Debug\Exceptions->errorHandler(8192, 'number_format()...', 'C:\\laragon\\www\\...', 933)
#1 C:\laragon\www\alquilando\system\Database\BaseConnection.php(933): number_format(NULL, 6)
#2 C:\laragon\www\alquilando\system\Debug\Toolbar\Collectors\Database.php(112): CodeIgniter\Database\BaseConnection->getConnectDuration()
#3 C:\laragon\www\alquilando\system\Debug\Toolbar\Collectors\BaseCollector.php(115): CodeIgniter\Debug\Toolbar\Collectors\Database->formatTimelineData()
#4 C:\laragon\www\alquilando\system\Debug\Toolbar\Collectors\BaseCollector.php(231): CodeIgniter\Debug\Toolbar\Collectors\BaseCollector->timelineData()
#5 C:\laragon\www\alquilando\system\Debug\Toolbar.php(90): CodeIgniter\Debug\Toolbar\Collectors\BaseCollector->getAsArray()
#6 C:\laragon\www\alquilando\system\Debug\Toolbar.php(368): CodeIgniter\Debug\Toolbar->run(1669079351.9793, 0.0335, Object(CodeIgniter\HTTP\IncomingRequest), Object(CodeIgniter\HTTP\Response))
#7 C:\laragon\www\alquilando\system\Filters\DebugToolbar.php(40): CodeIgniter\Debug\Toolbar->prepare(Object(CodeIgniter\HTTP\IncomingRequest), Object(CodeIgniter\HTTP\Response))
#8 C:\laragon\www\alquilando\system\Filters\Filters.php(196): CodeIgniter\Filters\DebugToolbar->after(Object(CodeIgniter\HTTP\IncomingRequest), Object(CodeIgniter\HTTP\Response), NULL)
#9 C:\laragon\www\alquilando\system\CodeIgniter.php(427): CodeIgniter\Filters\Filters->run('admin/registro', 'after')
#10 C:\laragon\www\alquilando\system\CodeIgniter.php(318): CodeIgniter\CodeIgniter->handleRequest(NULL, Object(Config\Cache), false)
#11 C:\laragon\www\alquilando\public\index.php(37): CodeIgniter\CodeIgniter->run()
#12 {main}
CRITICAL - 2022-11-21 19:15:04 --> number_format(): Passing null to parameter #1 ($num) of type float is deprecated
#0 [internal function]: CodeIgniter\Debug\Exceptions->errorHandler(8192, 'number_format()...', 'C:\\laragon\\www\\...', 933)
#1 C:\laragon\www\alquilando\system\Database\BaseConnection.php(933): number_format(NULL, 6)
#2 C:\laragon\www\alquilando\system\Debug\Toolbar\Collectors\Database.php(112): CodeIgniter\Database\BaseConnection->getConnectDuration()
#3 C:\laragon\www\alquilando\system\Debug\Toolbar\Collectors\BaseCollector.php(115): CodeIgniter\Debug\Toolbar\Collectors\Database->formatTimelineData()
#4 C:\laragon\www\alquilando\system\Debug\Toolbar\Collectors\BaseCollector.php(231): CodeIgniter\Debug\Toolbar\Collectors\BaseCollector->timelineData()
#5 C:\laragon\www\alquilando\system\Debug\Toolbar.php(90): CodeIgniter\Debug\Toolbar\Collectors\BaseCollector->getAsArray()
#6 C:\laragon\www\alquilando\system\Debug\Toolbar.php(368): CodeIgniter\Debug\Toolbar->run(1669079704.8037, 0.0321, Object(CodeIgniter\HTTP\IncomingRequest), Object(CodeIgniter\HTTP\Response))
#7 C:\laragon\www\alquilando\system\Filters\DebugToolbar.php(40): CodeIgniter\Debug\Toolbar->prepare(Object(CodeIgniter\HTTP\IncomingRequest), Object(CodeIgniter\HTTP\Response))
#8 C:\laragon\www\alquilando\system\Filters\Filters.php(196): CodeIgniter\Filters\DebugToolbar->after(Object(CodeIgniter\HTTP\IncomingRequest), Object(CodeIgniter\HTTP\Response), NULL)
#9 C:\laragon\www\alquilando\system\CodeIgniter.php(427): CodeIgniter\Filters\Filters->run('admin/registro', 'after')
#10 C:\laragon\www\alquilando\system\CodeIgniter.php(318): CodeIgniter\CodeIgniter->handleRequest(NULL, Object(Config\Cache), false)
#11 C:\laragon\www\alquilando\public\index.php(37): CodeIgniter\CodeIgniter->run()
#12 {main}
CRITICAL - 2022-11-21 19:16:39 --> number_format(): Passing null to parameter #1 ($num) of type float is deprecated
#0 [internal function]: CodeIgniter\Debug\Exceptions->errorHandler(8192, 'number_format()...', 'C:\\laragon\\www\\...', 933)
#1 C:\laragon\www\alquilando\system\Database\BaseConnection.php(933): number_format(NULL, 6)
#2 C:\laragon\www\alquilando\system\Debug\Toolbar\Collectors\Database.php(112): CodeIgniter\Database\BaseConnection->getConnectDuration()
#3 C:\laragon\www\alquilando\system\Debug\Toolbar\Collectors\BaseCollector.php(115): CodeIgniter\Debug\Toolbar\Collectors\Database->formatTimelineData()
#4 C:\laragon\www\alquilando\system\Debug\Toolbar\Collectors\BaseCollector.php(231): CodeIgniter\Debug\Toolbar\Collectors\BaseCollector->timelineData()
#5 C:\laragon\www\alquilando\system\Debug\Toolbar.php(90): CodeIgniter\Debug\Toolbar\Collectors\BaseCollector->getAsArray()
#6 C:\laragon\www\alquilando\system\Debug\Toolbar.php(368): CodeIgniter\Debug\Toolbar->run(1669079799.6664, 0.0303, Object(CodeIgniter\HTTP\IncomingRequest), Object(CodeIgniter\HTTP\Response))
#7 C:\laragon\www\alquilando\system\Filters\DebugToolbar.php(40): CodeIgniter\Debug\Toolbar->prepare(Object(CodeIgniter\HTTP\IncomingRequest), Object(CodeIgniter\HTTP\Response))
#8 C:\laragon\www\alquilando\system\Filters\Filters.php(196): CodeIgniter\Filters\DebugToolbar->after(Object(CodeIgniter\HTTP\IncomingRequest), Object(CodeIgniter\HTTP\Response), NULL)
#9 C:\laragon\www\alquilando\system\CodeIgniter.php(427): CodeIgniter\Filters\Filters->run('admin/registro', 'after')
#10 C:\laragon\www\alquilando\system\CodeIgniter.php(318): CodeIgniter\CodeIgniter->handleRequest(NULL, Object(Config\Cache), false)
#11 C:\laragon\www\alquilando\public\index.php(37): CodeIgniter\CodeIgniter->run()
#12 {main}
CRITICAL - 2022-11-21 19:18:13 --> number_format(): Passing null to parameter #1 ($num) of type float is deprecated
#0 [internal function]: CodeIgniter\Debug\Exceptions->errorHandler(8192, 'number_format()...', 'C:\\laragon\\www\\...', 933)
#1 C:\laragon\www\alquilando\system\Database\BaseConnection.php(933): number_format(NULL, 6)
#2 C:\laragon\www\alquilando\system\Debug\Toolbar\Collectors\Database.php(112): CodeIgniter\Database\BaseConnection->getConnectDuration()
#3 C:\laragon\www\alquilando\system\Debug\Toolbar\Collectors\BaseCollector.php(115): CodeIgniter\Debug\Toolbar\Collectors\Database->formatTimelineData()
#4 C:\laragon\www\alquilando\system\Debug\Toolbar\Collectors\BaseCollector.php(231): CodeIgniter\Debug\Toolbar\Collectors\BaseCollector->timelineData()
#5 C:\laragon\www\alquilando\system\Debug\Toolbar.php(90): CodeIgniter\Debug\Toolbar\Collectors\BaseCollector->getAsArray()
#6 C:\laragon\www\alquilando\system\Debug\Toolbar.php(368): CodeIgniter\Debug\Toolbar->run(1669079893.4119, 0.031, Object(CodeIgniter\HTTP\IncomingRequest), Object(CodeIgniter\HTTP\Response))
#7 C:\laragon\www\alquilando\system\Filters\DebugToolbar.php(40): CodeIgniter\Debug\Toolbar->prepare(Object(CodeIgniter\HTTP\IncomingRequest), Object(CodeIgniter\HTTP\Response))
#8 C:\laragon\www\alquilando\system\Filters\Filters.php(196): CodeIgniter\Filters\DebugToolbar->after(Object(CodeIgniter\HTTP\IncomingRequest), Object(CodeIgniter\HTTP\Response), NULL)
#9 C:\laragon\www\alquilando\system\CodeIgniter.php(427): CodeIgniter\Filters\Filters->run('admin/registro', 'after')
#10 C:\laragon\www\alquilando\system\CodeIgniter.php(318): CodeIgniter\CodeIgniter->handleRequest(NULL, Object(Config\Cache), false)
#11 C:\laragon\www\alquilando\public\index.php(37): CodeIgniter\CodeIgniter->run()
#12 {main}
CRITICAL - 2022-11-21 19:19:37 --> number_format(): Passing null to parameter #1 ($num) of type float is deprecated
#0 [internal function]: CodeIgniter\Debug\Exceptions->errorHandler(8192, 'number_format()...', 'C:\\laragon\\www\\...', 933)
#1 C:\laragon\www\alquilando\system\Database\BaseConnection.php(933): number_format(NULL, 6)
#2 C:\laragon\www\alquilando\system\Debug\Toolbar\Collectors\Database.php(112): CodeIgniter\Database\BaseConnection->getConnectDuration()
#3 C:\laragon\www\alquilando\system\Debug\Toolbar\Collectors\BaseCollector.php(115): CodeIgniter\Debug\Toolbar\Collectors\Database->formatTimelineData()
#4 C:\laragon\www\alquilando\system\Debug\Toolbar\Collectors\BaseCollector.php(231): CodeIgniter\Debug\Toolbar\Collectors\BaseCollector->timelineData()
#5 C:\laragon\www\alquilando\system\Debug\Toolbar.php(90): CodeIgniter\Debug\Toolbar\Collectors\BaseCollector->getAsArray()
#6 C:\laragon\www\alquilando\system\Debug\Toolbar.php(368): CodeIgniter\Debug\Toolbar->run(1669079977.8481, 0.0313, Object(CodeIgniter\HTTP\IncomingRequest), Object(CodeIgniter\HTTP\Response))
#7 C:\laragon\www\alquilando\system\Filters\DebugToolbar.php(40): CodeIgniter\Debug\Toolbar->prepare(Object(CodeIgniter\HTTP\IncomingRequest), Object(CodeIgniter\HTTP\Response))
#8 C:\laragon\www\alquilando\system\Filters\Filters.php(196): CodeIgniter\Filters\DebugToolbar->after(Object(CodeIgniter\HTTP\IncomingRequest), Object(CodeIgniter\HTTP\Response), NULL)
#9 C:\laragon\www\alquilando\system\CodeIgniter.php(427): CodeIgniter\Filters\Filters->run('admin/registro', 'after')
#10 C:\laragon\www\alquilando\system\CodeIgniter.php(318): CodeIgniter\CodeIgniter->handleRequest(NULL, Object(Config\Cache), false)
#11 C:\laragon\www\alquilando\public\index.php(37): CodeIgniter\CodeIgniter->run()
#12 {main}
CRITICAL - 2022-11-21 19:19:39 --> number_format(): Passing null to parameter #1 ($num) of type float is deprecated
#0 [internal function]: CodeIgniter\Debug\Exceptions->errorHandler(8192, 'number_format()...', 'C:\\laragon\\www\\...', 933)
#1 C:\laragon\www\alquilando\system\Database\BaseConnection.php(933): number_format(NULL, 6)
#2 C:\laragon\www\alquilando\system\Debug\Toolbar\Collectors\Database.php(112): CodeIgniter\Database\BaseConnection->getConnectDuration()
#3 C:\laragon\www\alquilando\system\Debug\Toolbar\Collectors\BaseCollector.php(115): CodeIgniter\Debug\Toolbar\Collectors\Database->formatTimelineData()
#4 C:\laragon\www\alquilando\system\Debug\Toolbar\Collectors\BaseCollector.php(231): CodeIgniter\Debug\Toolbar\Collectors\BaseCollector->timelineData()
#5 C:\laragon\www\alquilando\system\Debug\Toolbar.php(90): CodeIgniter\Debug\Toolbar\Collectors\BaseCollector->getAsArray()
#6 C:\laragon\www\alquilando\system\Debug\Toolbar.php(368): CodeIgniter\Debug\Toolbar->run(1669079979.1282, 0.0292, Object(CodeIgniter\HTTP\IncomingRequest), Object(CodeIgniter\HTTP\Response))
#7 C:\laragon\www\alquilando\system\Filters\DebugToolbar.php(40): CodeIgniter\Debug\Toolbar->prepare(Object(CodeIgniter\HTTP\IncomingRequest), Object(CodeIgniter\HTTP\Response))
#8 C:\laragon\www\alquilando\system\Filters\Filters.php(196): CodeIgniter\Filters\DebugToolbar->after(Object(CodeIgniter\HTTP\IncomingRequest), Object(CodeIgniter\HTTP\Response), NULL)
#9 C:\laragon\www\alquilando\system\CodeIgniter.php(427): CodeIgniter\Filters\Filters->run('admin/registro', 'after')
#10 C:\laragon\www\alquilando\system\CodeIgniter.php(318): CodeIgniter\CodeIgniter->handleRequest(NULL, Object(Config\Cache), false)
#11 C:\laragon\www\alquilando\public\index.php(37): CodeIgniter\CodeIgniter->run()
#12 {main}
CRITICAL - 2022-11-21 19:21:36 --> number_format(): Passing null to parameter #1 ($num) of type float is deprecated
#0 [internal function]: CodeIgniter\Debug\Exceptions->errorHandler(8192, 'number_format()...', 'C:\\laragon\\www\\...', 933)
#1 C:\laragon\www\alquilando\system\Database\BaseConnection.php(933): number_format(NULL, 6)
#2 C:\laragon\www\alquilando\system\Debug\Toolbar\Collectors\Database.php(112): CodeIgniter\Database\BaseConnection->getConnectDuration()
#3 C:\laragon\www\alquilando\system\Debug\Toolbar\Collectors\BaseCollector.php(115): CodeIgniter\Debug\Toolbar\Collectors\Database->formatTimelineData()
#4 C:\laragon\www\alquilando\system\Debug\Toolbar\Collectors\BaseCollector.php(231): CodeIgniter\Debug\Toolbar\Collectors\BaseCollector->timelineData()
#5 C:\laragon\www\alquilando\system\Debug\Toolbar.php(90): CodeIgniter\Debug\Toolbar\Collectors\BaseCollector->getAsArray()
#6 C:\laragon\www\alquilando\system\Debug\Toolbar.php(368): CodeIgniter\Debug\Toolbar->run(1669080096.4746, 0.0306, Object(CodeIgniter\HTTP\IncomingRequest), Object(CodeIgniter\HTTP\Response))
#7 C:\laragon\www\alquilando\system\Filters\DebugToolbar.php(40): CodeIgniter\Debug\Toolbar->prepare(Object(CodeIgniter\HTTP\IncomingRequest), Object(CodeIgniter\HTTP\Response))
#8 C:\laragon\www\alquilando\system\Filters\Filters.php(196): CodeIgniter\Filters\DebugToolbar->after(Object(CodeIgniter\HTTP\IncomingRequest), Object(CodeIgniter\HTTP\Response), NULL)
#9 C:\laragon\www\alquilando\system\CodeIgniter.php(427): CodeIgniter\Filters\Filters->run('admin/registro', 'after')
#10 C:\laragon\www\alquilando\system\CodeIgniter.php(318): CodeIgniter\CodeIgniter->handleRequest(NULL, Object(Config\Cache), false)
#11 C:\laragon\www\alquilando\public\index.php(37): CodeIgniter\CodeIgniter->run()
#12 {main}
CRITICAL - 2022-11-21 19:23:25 --> number_format(): Passing null to parameter #1 ($num) of type float is deprecated
#0 [internal function]: CodeIgniter\Debug\Exceptions->errorHandler(8192, 'number_format()...', 'C:\\laragon\\www\\...', 933)
#1 C:\laragon\www\alquilando\system\Database\BaseConnection.php(933): number_format(NULL, 6)
#2 C:\laragon\www\alquilando\system\Debug\Toolbar\Collectors\Database.php(112): CodeIgniter\Database\BaseConnection->getConnectDuration()
#3 C:\laragon\www\alquilando\system\Debug\Toolbar\Collectors\BaseCollector.php(115): CodeIgniter\Debug\Toolbar\Collectors\Database->formatTimelineData()
#4 C:\laragon\www\alquilando\system\Debug\Toolbar\Collectors\BaseCollector.php(231): CodeIgniter\Debug\Toolbar\Collectors\BaseCollector->timelineData()
#5 C:\laragon\www\alquilando\system\Debug\Toolbar.php(90): CodeIgniter\Debug\Toolbar\Collectors\BaseCollector->getAsArray()
#6 C:\laragon\www\alquilando\system\Debug\Toolbar.php(368): CodeIgniter\Debug\Toolbar->run(1669080205.2847, 0.0305, Object(CodeIgniter\HTTP\IncomingRequest), Object(CodeIgniter\HTTP\Response))
#7 C:\laragon\www\alquilando\system\Filters\DebugToolbar.php(40): CodeIgniter\Debug\Toolbar->prepare(Object(CodeIgniter\HTTP\IncomingRequest), Object(CodeIgniter\HTTP\Response))
#8 C:\laragon\www\alquilando\system\Filters\Filters.php(196): CodeIgniter\Filters\DebugToolbar->after(Object(CodeIgniter\HTTP\IncomingRequest), Object(CodeIgniter\HTTP\Response), NULL)
#9 C:\laragon\www\alquilando\system\CodeIgniter.php(427): CodeIgniter\Filters\Filters->run('admin/registro', 'after')
#10 C:\laragon\www\alquilando\system\CodeIgniter.php(318): CodeIgniter\CodeIgniter->handleRequest(NULL, Object(Config\Cache), false)
#11 C:\laragon\www\alquilando\public\index.php(37): CodeIgniter\CodeIgniter->run()
#12 {main}
CRITICAL - 2022-11-21 19:27:02 --> number_format(): Passing null to parameter #1 ($num) of type float is deprecated
#0 [internal function]: CodeIgniter\Debug\Exceptions->errorHandler(8192, 'number_format()...', 'C:\\laragon\\www\\...', 933)
#1 C:\laragon\www\alquilando\system\Database\BaseConnection.php(933): number_format(NULL, 6)
#2 C:\laragon\www\alquilando\system\Debug\Toolbar\Collectors\Database.php(112): CodeIgniter\Database\BaseConnection->getConnectDuration()
#3 C:\laragon\www\alquilando\system\Debug\Toolbar\Collectors\BaseCollector.php(115): CodeIgniter\Debug\Toolbar\Collectors\Database->formatTimelineData()
#4 C:\laragon\www\alquilando\system\Debug\Toolbar\Collectors\BaseCollector.php(231): CodeIgniter\Debug\Toolbar\Collectors\BaseCollector->timelineData()
#5 C:\laragon\www\alquilando\system\Debug\Toolbar.php(90): CodeIgniter\Debug\Toolbar\Collectors\BaseCollector->getAsArray()
#6 C:\laragon\www\alquilando\system\Debug\Toolbar.php(368): CodeIgniter\Debug\Toolbar->run(1669080422.5316, 0.0307, Object(CodeIgniter\HTTP\IncomingRequest), Object(CodeIgniter\HTTP\Response))
#7 C:\laragon\www\alquilando\system\Filters\DebugToolbar.php(40): CodeIgniter\Debug\Toolbar->prepare(Object(CodeIgniter\HTTP\IncomingRequest), Object(CodeIgniter\HTTP\Response))
#8 C:\laragon\www\alquilando\system\Filters\Filters.php(196): CodeIgniter\Filters\DebugToolbar->after(Object(CodeIgniter\HTTP\IncomingRequest), Object(CodeIgniter\HTTP\Response), NULL)
#9 C:\laragon\www\alquilando\system\CodeIgniter.php(427): CodeIgniter\Filters\Filters->run('admin/registro', 'after')
#10 C:\laragon\www\alquilando\system\CodeIgniter.php(318): CodeIgniter\CodeIgniter->handleRequest(NULL, Object(Config\Cache), false)
#11 C:\laragon\www\alquilando\public\index.php(37): CodeIgniter\CodeIgniter->run()
#12 {main}
CRITICAL - 2022-11-21 19:27:56 --> number_format(): Passing null to parameter #1 ($num) of type float is deprecated
#0 [internal function]: CodeIgniter\Debug\Exceptions->errorHandler(8192, 'number_format()...', 'C:\\laragon\\www\\...', 933)
#1 C:\laragon\www\alquilando\system\Database\BaseConnection.php(933): number_format(NULL, 6)
#2 C:\laragon\www\alquilando\system\Debug\Toolbar\Collectors\Database.php(112): CodeIgniter\Database\BaseConnection->getConnectDuration()
#3 C:\laragon\www\alquilando\system\Debug\Toolbar\Collectors\BaseCollector.php(115): CodeIgniter\Debug\Toolbar\Collectors\Database->formatTimelineData()
#4 C:\laragon\www\alquilando\system\Debug\Toolbar\Collectors\BaseCollector.php(231): CodeIgniter\Debug\Toolbar\Collectors\BaseCollector->timelineData()
#5 C:\laragon\www\alquilando\system\Debug\Toolbar.php(90): CodeIgniter\Debug\Toolbar\Collectors\BaseCollector->getAsArray()
#6 C:\laragon\www\alquilando\system\Debug\Toolbar.php(368): CodeIgniter\Debug\Toolbar->run(1669080476.0613, 0.0308, Object(CodeIgniter\HTTP\IncomingRequest), Object(CodeIgniter\HTTP\Response))
#7 C:\laragon\www\alquilando\system\Filters\DebugToolbar.php(40): CodeIgniter\Debug\Toolbar->prepare(Object(CodeIgniter\HTTP\IncomingRequest), Object(CodeIgniter\HTTP\Response))
#8 C:\laragon\www\alquilando\system\Filters\Filters.php(196): CodeIgniter\Filters\DebugToolbar->after(Object(CodeIgniter\HTTP\IncomingRequest), Object(CodeIgniter\HTTP\Response), NULL)
#9 C:\laragon\www\alquilando\system\CodeIgniter.php(427): CodeIgniter\Filters\Filters->run('admin/registro', 'after')
#10 C:\laragon\www\alquilando\system\CodeIgniter.php(318): CodeIgniter\CodeIgniter->handleRequest(NULL, Object(Config\Cache), false)
#11 C:\laragon\www\alquilando\public\index.php(37): CodeIgniter\CodeIgniter->run()
#12 {main}
CRITICAL - 2022-11-21 19:29:27 --> number_format(): Passing null to parameter #1 ($num) of type float is deprecated
#0 [internal function]: CodeIgniter\Debug\Exceptions->errorHandler(8192, 'number_format()...', 'C:\\laragon\\www\\...', 933)
#1 C:\laragon\www\alquilando\system\Database\BaseConnection.php(933): number_format(NULL, 6)
#2 C:\laragon\www\alquilando\system\Debug\Toolbar\Collectors\Database.php(112): CodeIgniter\Database\BaseConnection->getConnectDuration()
#3 C:\laragon\www\alquilando\system\Debug\Toolbar\Collectors\BaseCollector.php(115): CodeIgniter\Debug\Toolbar\Collectors\Database->formatTimelineData()
#4 C:\laragon\www\alquilando\system\Debug\Toolbar\Collectors\BaseCollector.php(231): CodeIgniter\Debug\Toolbar\Collectors\BaseCollector->timelineData()
#5 C:\laragon\www\alquilando\system\Debug\Toolbar.php(90): CodeIgniter\Debug\Toolbar\Collectors\BaseCollector->getAsArray()
#6 C:\laragon\www\alquilando\system\Debug\Toolbar.php(368): CodeIgniter\Debug\Toolbar->run(1669080567.6287, 0.0307, Object(CodeIgniter\HTTP\IncomingRequest), Object(CodeIgniter\HTTP\Response))
#7 C:\laragon\www\alquilando\system\Filters\DebugToolbar.php(40): CodeIgniter\Debug\Toolbar->prepare(Object(CodeIgniter\HTTP\IncomingRequest), Object(CodeIgniter\HTTP\Response))
#8 C:\laragon\www\alquilando\system\Filters\Filters.php(196): CodeIgniter\Filters\DebugToolbar->after(Object(CodeIgniter\HTTP\IncomingRequest), Object(CodeIgniter\HTTP\Response), NULL)
#9 C:\laragon\www\alquilando\system\CodeIgniter.php(427): CodeIgniter\Filters\Filters->run('admin/registro', 'after')
#10 C:\laragon\www\alquilando\system\CodeIgniter.php(318): CodeIgniter\CodeIgniter->handleRequest(NULL, Object(Config\Cache), false)
#11 C:\laragon\www\alquilando\public\index.php(37): CodeIgniter\CodeIgniter->run()
#12 {main}
