CRITICAL - 2023-07-31 12:20:09 --> Array to string conversion
#0 C:\laragon\www\alquilando\app\Views\Admin\Usuario\nuevo.php(57): CodeIgniter\Debug\Exceptions->errorHandler(2, 'Array to string...', 'C:\\laragon\\www\\...', 57)
#1 C:\laragon\www\alquilando\system\View\View.php(210): include('C:\\laragon\\www\\...')
#2 C:\laragon\www\alquilando\system\View\View.php(213): CodeIgniter\View\View->CodeIgniter\View\{closure}()
#3 C:\laragon\www\alquilando\system\Common.php(1094): CodeIgniter\View\View->render('Admin/Usuario/n...', Array, true)
#4 C:\laragon\www\alquilando\app\Controllers\Usuarios.php(83): view('Admin/Usuario/n...', Array)
#5 C:\laragon\www\alquilando\system\CodeIgniter.php(823): App\Controllers\Usuarios->nuevo()
#6 C:\laragon\www\alquilando\system\CodeIgniter.php(410): CodeIgniter\CodeIgniter->runController(Object(App\Controllers\Usuarios))
#7 C:\laragon\www\alquilando\system\CodeIgniter.php(318): CodeIgniter\CodeIgniter->handleRequest(NULL, Object(Config\Cache), false)
#8 C:\laragon\www\alquilando\public\index.php(37): CodeIgniter\CodeIgniter->run()
#9 {main}
CRITICAL - 2023-07-31 12:24:52 --> Array to string conversion
#0 C:\laragon\www\alquilando\app\Views\Admin\Usuario\nuevo.php(70): CodeIgniter\Debug\Exceptions->errorHandler(2, 'Array to string...', 'C:\\laragon\\www\\...', 70)
#1 C:\laragon\www\alquilando\system\View\View.php(210): include('C:\\laragon\\www\\...')
#2 C:\laragon\www\alquilando\system\View\View.php(213): CodeIgniter\View\View->CodeIgniter\View\{closure}()
#3 C:\laragon\www\alquilando\system\Common.php(1094): CodeIgniter\View\View->render('Admin/Usuario/n...', Array, true)
#4 C:\laragon\www\alquilando\app\Controllers\Usuarios.php(83): view('Admin/Usuario/n...', Array)
#5 C:\laragon\www\alquilando\system\CodeIgniter.php(823): App\Controllers\Usuarios->nuevo()
#6 C:\laragon\www\alquilando\system\CodeIgniter.php(410): CodeIgniter\CodeIgniter->runController(Object(App\Controllers\Usuarios))
#7 C:\laragon\www\alquilando\system\CodeIgniter.php(318): CodeIgniter\CodeIgniter->handleRequest(NULL, Object(Config\Cache), false)
#8 C:\laragon\www\alquilando\public\index.php(37): CodeIgniter\CodeIgniter->run()
#9 {main}
CRITICAL - 2023-07-31 12:31:50 --> Attempt to read property "errno" on bool
#0 C:\laragon\www\alquilando\system\Database\MySQLi\Connection.php(555): CodeIgniter\Debug\Exceptions->errorHandler(2, 'Attempt to read...', 'C:\\laragon\\www\\...', 555)
#1 C:\laragon\www\alquilando\system\Model.php(411): CodeIgniter\Database\MySQLi\Connection->error()
#2 C:\laragon\www\alquilando\system\BaseModel.php(1059): CodeIgniter\Model->doErrors()
#3 C:\laragon\www\alquilando\app\Controllers\Usuarios.php(96): CodeIgniter\BaseModel->errors()
#4 C:\laragon\www\alquilando\system\CodeIgniter.php(823): App\Controllers\Usuarios->insertar()
#5 C:\laragon\www\alquilando\system\CodeIgniter.php(410): CodeIgniter\CodeIgniter->runController(Object(App\Controllers\Usuarios))
#6 C:\laragon\www\alquilando\system\CodeIgniter.php(318): CodeIgniter\CodeIgniter->handleRequest(NULL, Object(Config\Cache), false)
#7 C:\laragon\www\alquilando\public\index.php(37): CodeIgniter\CodeIgniter->run()
#8 {main}
CRITICAL - 2023-07-31 12:32:25 --> Call to undefined method App\Models\UsuarioModel::getErrors
#0 C:\laragon\www\alquilando\app\Controllers\Usuarios.php(96): CodeIgniter\Model->__call('getErrors', Array)
#1 C:\laragon\www\alquilando\system\CodeIgniter.php(823): App\Controllers\Usuarios->insertar()
#2 C:\laragon\www\alquilando\system\CodeIgniter.php(410): CodeIgniter\CodeIgniter->runController(Object(App\Controllers\Usuarios))
#3 C:\laragon\www\alquilando\system\CodeIgniter.php(318): CodeIgniter\CodeIgniter->handleRequest(NULL, Object(Config\Cache), false)
#4 C:\laragon\www\alquilando\public\index.php(37): CodeIgniter\CodeIgniter->run()
#5 {main}
CRITICAL - 2023-07-31 12:36:00 --> Attempt to read property "errno" on bool
#0 C:\laragon\www\alquilando\system\Database\MySQLi\Connection.php(555): CodeIgniter\Debug\Exceptions->errorHandler(2, 'Attempt to read...', 'C:\\laragon\\www\\...', 555)
#1 C:\laragon\www\alquilando\system\Model.php(411): CodeIgniter\Database\MySQLi\Connection->error()
#2 C:\laragon\www\alquilando\system\BaseModel.php(1059): CodeIgniter\Model->doErrors()
#3 C:\laragon\www\alquilando\app\Controllers\Usuarios.php(96): CodeIgniter\BaseModel->errors()
#4 C:\laragon\www\alquilando\system\CodeIgniter.php(823): App\Controllers\Usuarios->insertar()
#5 C:\laragon\www\alquilando\system\CodeIgniter.php(410): CodeIgniter\CodeIgniter->runController(Object(App\Controllers\Usuarios))
#6 C:\laragon\www\alquilando\system\CodeIgniter.php(318): CodeIgniter\CodeIgniter->handleRequest(NULL, Object(Config\Cache), false)
#7 C:\laragon\www\alquilando\public\index.php(37): CodeIgniter\CodeIgniter->run()
#8 {main}
CRITICAL - 2023-07-31 12:38:47 --> Attempt to read property "errno" on bool
#0 C:\laragon\www\alquilando\system\Database\MySQLi\Connection.php(555): CodeIgniter\Debug\Exceptions->errorHandler(2, 'Attempt to read...', 'C:\\laragon\\www\\...', 555)
#1 C:\laragon\www\alquilando\system\Model.php(411): CodeIgniter\Database\MySQLi\Connection->error()
#2 C:\laragon\www\alquilando\system\BaseModel.php(1059): CodeIgniter\Model->doErrors()
#3 C:\laragon\www\alquilando\app\Controllers\Usuarios.php(96): CodeIgniter\BaseModel->errors()
#4 C:\laragon\www\alquilando\system\CodeIgniter.php(823): App\Controllers\Usuarios->insertar()
#5 C:\laragon\www\alquilando\system\CodeIgniter.php(410): CodeIgniter\CodeIgniter->runController(Object(App\Controllers\Usuarios))
#6 C:\laragon\www\alquilando\system\CodeIgniter.php(318): CodeIgniter\CodeIgniter->handleRequest(NULL, Object(Config\Cache), false)
#7 C:\laragon\www\alquilando\public\index.php(37): CodeIgniter\CodeIgniter->run()
#8 {main}
CRITICAL - 2023-07-31 12:38:51 --> Attempt to read property "errno" on bool
#0 C:\laragon\www\alquilando\system\Database\MySQLi\Connection.php(555): CodeIgniter\Debug\Exceptions->errorHandler(2, 'Attempt to read...', 'C:\\laragon\\www\\...', 555)
#1 C:\laragon\www\alquilando\system\Model.php(411): CodeIgniter\Database\MySQLi\Connection->error()
#2 C:\laragon\www\alquilando\system\BaseModel.php(1059): CodeIgniter\Model->doErrors()
#3 C:\laragon\www\alquilando\app\Controllers\Usuarios.php(96): CodeIgniter\BaseModel->errors()
#4 C:\laragon\www\alquilando\system\CodeIgniter.php(823): App\Controllers\Usuarios->insertar()
#5 C:\laragon\www\alquilando\system\CodeIgniter.php(410): CodeIgniter\CodeIgniter->runController(Object(App\Controllers\Usuarios))
#6 C:\laragon\www\alquilando\system\CodeIgniter.php(318): CodeIgniter\CodeIgniter->handleRequest(NULL, Object(Config\Cache), false)
#7 C:\laragon\www\alquilando\public\index.php(37): CodeIgniter\CodeIgniter->run()
#8 {main}
CRITICAL - 2023-07-31 12:39:45 --> Attempt to read property "errno" on bool
#0 C:\laragon\www\alquilando\system\Database\MySQLi\Connection.php(555): CodeIgniter\Debug\Exceptions->errorHandler(2, 'Attempt to read...', 'C:\\laragon\\www\\...', 555)
#1 C:\laragon\www\alquilando\system\Model.php(411): CodeIgniter\Database\MySQLi\Connection->error()
#2 C:\laragon\www\alquilando\system\BaseModel.php(1059): CodeIgniter\Model->doErrors()
#3 C:\laragon\www\alquilando\app\Controllers\Usuarios.php(96): CodeIgniter\BaseModel->errors()
#4 C:\laragon\www\alquilando\system\CodeIgniter.php(823): App\Controllers\Usuarios->insertar()
#5 C:\laragon\www\alquilando\system\CodeIgniter.php(410): CodeIgniter\CodeIgniter->runController(Object(App\Controllers\Usuarios))
#6 C:\laragon\www\alquilando\system\CodeIgniter.php(318): CodeIgniter\CodeIgniter->handleRequest(NULL, Object(Config\Cache), false)
#7 C:\laragon\www\alquilando\public\index.php(37): CodeIgniter\CodeIgniter->run()
#8 {main}
CRITICAL - 2023-07-31 12:57:47 --> syntax error, unexpected token "*"
#0 C:\laragon\www\alquilando\system\Router\Router.php(175): CodeIgniter\Router\Router->autoRoute('usuarios/nuevo')
#1 C:\laragon\www\alquilando\system\CodeIgniter.php(717): CodeIgniter\Router\Router->handle('usuarios/nuevo')
#2 C:\laragon\www\alquilando\system\CodeIgniter.php(359): CodeIgniter\CodeIgniter->tryToRouteIt(Object(CodeIgniter\Router\RouteCollection))
#3 C:\laragon\www\alquilando\system\CodeIgniter.php(318): CodeIgniter\CodeIgniter->handleRequest(NULL, Object(Config\Cache), false)
#4 C:\laragon\www\alquilando\public\index.php(37): CodeIgniter\CodeIgniter->run()
#5 {main}
CRITICAL - 2023-07-31 12:58:28 --> Archivo inválido: formulario_registro.php
#0 C:\laragon\www\alquilando\system\View\View.php(198): CodeIgniter\Exceptions\FrameworkException::forInvalidFile('formulario_regi...')
#1 C:\laragon\www\alquilando\system\Common.php(1094): CodeIgniter\View\View->render('formulario_regi...', Array, true)
#2 C:\laragon\www\alquilando\app\Controllers\Usuarios.php(136): view('formulario_regi...', Array)
#3 C:\laragon\www\alquilando\system\CodeIgniter.php(823): App\Controllers\Usuarios->insertar()
#4 C:\laragon\www\alquilando\system\CodeIgniter.php(410): CodeIgniter\CodeIgniter->runController(Object(App\Controllers\Usuarios))
#5 C:\laragon\www\alquilando\system\CodeIgniter.php(318): CodeIgniter\CodeIgniter->handleRequest(NULL, Object(Config\Cache), false)
#6 C:\laragon\www\alquilando\public\index.php(37): CodeIgniter\CodeIgniter->run()
#7 {main}
CRITICAL - 2023-07-31 12:58:55 --> Archivo inválido: formulario_registro.php
#0 C:\laragon\www\alquilando\system\View\View.php(198): CodeIgniter\Exceptions\FrameworkException::forInvalidFile('formulario_regi...')
#1 C:\laragon\www\alquilando\system\Common.php(1094): CodeIgniter\View\View->render('formulario_regi...', Array, true)
#2 C:\laragon\www\alquilando\app\Controllers\Usuarios.php(136): view('formulario_regi...', Array)
#3 C:\laragon\www\alquilando\system\CodeIgniter.php(823): App\Controllers\Usuarios->insertar()
#4 C:\laragon\www\alquilando\system\CodeIgniter.php(410): CodeIgniter\CodeIgniter->runController(Object(App\Controllers\Usuarios))
#5 C:\laragon\www\alquilando\system\CodeIgniter.php(318): CodeIgniter\CodeIgniter->handleRequest(NULL, Object(Config\Cache), false)
#6 C:\laragon\www\alquilando\public\index.php(37): CodeIgniter\CodeIgniter->run()
#7 {main}
CRITICAL - 2023-07-31 12:59:38 --> Archivo inválido: formulario_registro.php
#0 C:\laragon\www\alquilando\system\View\View.php(198): CodeIgniter\Exceptions\FrameworkException::forInvalidFile('formulario_regi...')
#1 C:\laragon\www\alquilando\system\Common.php(1094): CodeIgniter\View\View->render('formulario_regi...', Array, true)
#2 C:\laragon\www\alquilando\app\Controllers\Usuarios.php(136): view('formulario_regi...', Array)
#3 C:\laragon\www\alquilando\system\CodeIgniter.php(823): App\Controllers\Usuarios->insertar()
#4 C:\laragon\www\alquilando\system\CodeIgniter.php(410): CodeIgniter\CodeIgniter->runController(Object(App\Controllers\Usuarios))
#5 C:\laragon\www\alquilando\system\CodeIgniter.php(318): CodeIgniter\CodeIgniter->handleRequest(NULL, Object(Config\Cache), false)
#6 C:\laragon\www\alquilando\public\index.php(37): CodeIgniter\CodeIgniter->run()
#7 {main}
CRITICAL - 2023-07-31 13:00:18 --> Archivo inválido: nuevo.php
#0 C:\laragon\www\alquilando\system\View\View.php(198): CodeIgniter\Exceptions\FrameworkException::forInvalidFile('nuevo.php')
#1 C:\laragon\www\alquilando\system\Common.php(1094): CodeIgniter\View\View->render('nuevo', Array, true)
#2 C:\laragon\www\alquilando\app\Controllers\Usuarios.php(136): view('nuevo', Array)
#3 C:\laragon\www\alquilando\system\CodeIgniter.php(823): App\Controllers\Usuarios->insertar()
#4 C:\laragon\www\alquilando\system\CodeIgniter.php(410): CodeIgniter\CodeIgniter->runController(Object(App\Controllers\Usuarios))
#5 C:\laragon\www\alquilando\system\CodeIgniter.php(318): CodeIgniter\CodeIgniter->handleRequest(NULL, Object(Config\Cache), false)
#6 C:\laragon\www\alquilando\public\index.php(37): CodeIgniter\CodeIgniter->run()
#7 {main}
CRITICAL - 2023-07-31 13:00:22 --> Archivo inválido: nuevo.php
#0 C:\laragon\www\alquilando\system\View\View.php(198): CodeIgniter\Exceptions\FrameworkException::forInvalidFile('nuevo.php')
#1 C:\laragon\www\alquilando\system\Common.php(1094): CodeIgniter\View\View->render('nuevo', Array, true)
#2 C:\laragon\www\alquilando\app\Controllers\Usuarios.php(136): view('nuevo', Array)
#3 C:\laragon\www\alquilando\system\CodeIgniter.php(823): App\Controllers\Usuarios->insertar()
#4 C:\laragon\www\alquilando\system\CodeIgniter.php(410): CodeIgniter\CodeIgniter->runController(Object(App\Controllers\Usuarios))
#5 C:\laragon\www\alquilando\system\CodeIgniter.php(318): CodeIgniter\CodeIgniter->handleRequest(NULL, Object(Config\Cache), false)
#6 C:\laragon\www\alquilando\public\index.php(37): CodeIgniter\CodeIgniter->run()
#7 {main}
CRITICAL - 2023-07-31 13:02:07 --> Archivo inválido: nuevo.php
#0 C:\laragon\www\alquilando\system\View\View.php(198): CodeIgniter\Exceptions\FrameworkException::forInvalidFile('nuevo.php')
#1 C:\laragon\www\alquilando\system\Common.php(1094): CodeIgniter\View\View->render('nuevo', Array, true)
#2 C:\laragon\www\alquilando\app\Controllers\Usuarios.php(136): view('nuevo', Array)
#3 C:\laragon\www\alquilando\system\CodeIgniter.php(823): App\Controllers\Usuarios->insertar()
#4 C:\laragon\www\alquilando\system\CodeIgniter.php(410): CodeIgniter\CodeIgniter->runController(Object(App\Controllers\Usuarios))
#5 C:\laragon\www\alquilando\system\CodeIgniter.php(318): CodeIgniter\CodeIgniter->handleRequest(NULL, Object(Config\Cache), false)
#6 C:\laragon\www\alquilando\public\index.php(37): CodeIgniter\CodeIgniter->run()
#7 {main}
CRITICAL - 2023-07-31 16:50:20 --> Undefined array key "nombre_rol"
#0 C:\laragon\www\alquilando\app\Views\Admin\Usuario\eliminados.php(91): CodeIgniter\Debug\Exceptions->errorHandler(2, 'Undefined array...', 'C:\\laragon\\www\\...', 91)
#1 C:\laragon\www\alquilando\system\View\View.php(210): include('C:\\laragon\\www\\...')
#2 C:\laragon\www\alquilando\system\View\View.php(213): CodeIgniter\View\View->CodeIgniter\View\{closure}()
#3 C:\laragon\www\alquilando\system\Common.php(1094): CodeIgniter\View\View->render('/Admin/Usuario/...', Array, true)
#4 C:\laragon\www\alquilando\app\Controllers\Usuarios.php(248): view('/Admin/Usuario/...', Array)
#5 C:\laragon\www\alquilando\system\CodeIgniter.php(823): App\Controllers\Usuarios->eliminados()
#6 C:\laragon\www\alquilando\system\CodeIgniter.php(410): CodeIgniter\CodeIgniter->runController(Object(App\Controllers\Usuarios))
#7 C:\laragon\www\alquilando\system\CodeIgniter.php(318): CodeIgniter\CodeIgniter->handleRequest(NULL, Object(Config\Cache), false)
#8 C:\laragon\www\alquilando\public\index.php(37): CodeIgniter\CodeIgniter->run()
#9 {main}
CRITICAL - 2023-07-31 17:14:35 --> Undefined variable $users
#0 C:\laragon\www\alquilando\app\Controllers\Usuarios.php(232): CodeIgniter\Debug\Exceptions->errorHandler(2, 'Undefined varia...', 'C:\\laragon\\www\\...', 232)
#1 C:\laragon\www\alquilando\system\CodeIgniter.php(823): App\Controllers\Usuarios->eliminar('13')
#2 C:\laragon\www\alquilando\system\CodeIgniter.php(410): CodeIgniter\CodeIgniter->runController(Object(App\Controllers\Usuarios))
#3 C:\laragon\www\alquilando\system\CodeIgniter.php(318): CodeIgniter\CodeIgniter->handleRequest(NULL, Object(Config\Cache), false)
#4 C:\laragon\www\alquilando\public\index.php(37): CodeIgniter\CodeIgniter->run()
#5 {main}
CRITICAL - 2023-07-31 17:21:21 --> Undefined array key "id"
#0 C:\laragon\www\alquilando\app\Controllers\Usuarios.php(227): CodeIgniter\Debug\Exceptions->errorHandler(2, 'Undefined array...', 'C:\\laragon\\www\\...', 227)
#1 C:\laragon\www\alquilando\system\CodeIgniter.php(823): App\Controllers\Usuarios->eliminar('13')
#2 C:\laragon\www\alquilando\system\CodeIgniter.php(410): CodeIgniter\CodeIgniter->runController(Object(App\Controllers\Usuarios))
#3 C:\laragon\www\alquilando\system\CodeIgniter.php(318): CodeIgniter\CodeIgniter->handleRequest(NULL, Object(Config\Cache), false)
#4 C:\laragon\www\alquilando\public\index.php(37): CodeIgniter\CodeIgniter->run()
#5 {main}
CRITICAL - 2023-07-31 17:22:09 --> Undefined array key "idusuario"
#0 C:\laragon\www\alquilando\app\Controllers\Usuarios.php(227): CodeIgniter\Debug\Exceptions->errorHandler(2, 'Undefined array...', 'C:\\laragon\\www\\...', 227)
#1 C:\laragon\www\alquilando\system\CodeIgniter.php(823): App\Controllers\Usuarios->eliminar('13')
#2 C:\laragon\www\alquilando\system\CodeIgniter.php(410): CodeIgniter\CodeIgniter->runController(Object(App\Controllers\Usuarios))
#3 C:\laragon\www\alquilando\system\CodeIgniter.php(318): CodeIgniter\CodeIgniter->handleRequest(NULL, Object(Config\Cache), false)
#4 C:\laragon\www\alquilando\public\index.php(37): CodeIgniter\CodeIgniter->run()
#5 {main}
CRITICAL - 2023-07-31 17:25:34 --> Undefined array key "idusuario"
#0 C:\laragon\www\alquilando\app\Controllers\Usuarios.php(228): CodeIgniter\Debug\Exceptions->errorHandler(2, 'Undefined array...', 'C:\\laragon\\www\\...', 228)
#1 C:\laragon\www\alquilando\system\CodeIgniter.php(823): App\Controllers\Usuarios->eliminar('13')
#2 C:\laragon\www\alquilando\system\CodeIgniter.php(410): CodeIgniter\CodeIgniter->runController(Object(App\Controllers\Usuarios))
#3 C:\laragon\www\alquilando\system\CodeIgniter.php(318): CodeIgniter\CodeIgniter->handleRequest(NULL, Object(Config\Cache), false)
#4 C:\laragon\www\alquilando\public\index.php(37): CodeIgniter\CodeIgniter->run()
#5 {main}
CRITICAL - 2023-07-31 17:25:47 --> Undefined array key "idusuario"
#0 C:\laragon\www\alquilando\app\Controllers\Usuarios.php(228): CodeIgniter\Debug\Exceptions->errorHandler(2, 'Undefined array...', 'C:\\laragon\\www\\...', 228)
#1 C:\laragon\www\alquilando\system\CodeIgniter.php(823): App\Controllers\Usuarios->eliminar('13')
#2 C:\laragon\www\alquilando\system\CodeIgniter.php(410): CodeIgniter\CodeIgniter->runController(Object(App\Controllers\Usuarios))
#3 C:\laragon\www\alquilando\system\CodeIgniter.php(318): CodeIgniter\CodeIgniter->handleRequest(NULL, Object(Config\Cache), false)
#4 C:\laragon\www\alquilando\public\index.php(37): CodeIgniter\CodeIgniter->run()
#5 {main}
CRITICAL - 2023-07-31 17:28:43 --> Undefined array key "idusuario"
#0 C:\laragon\www\alquilando\app\Controllers\Usuarios.php(228): CodeIgniter\Debug\Exceptions->errorHandler(2, 'Undefined array...', 'C:\\laragon\\www\\...', 228)
#1 C:\laragon\www\alquilando\system\CodeIgniter.php(823): App\Controllers\Usuarios->eliminar('13')
#2 C:\laragon\www\alquilando\system\CodeIgniter.php(410): CodeIgniter\CodeIgniter->runController(Object(App\Controllers\Usuarios))
#3 C:\laragon\www\alquilando\system\CodeIgniter.php(318): CodeIgniter\CodeIgniter->handleRequest(NULL, Object(Config\Cache), false)
#4 C:\laragon\www\alquilando\public\index.php(37): CodeIgniter\CodeIgniter->run()
#5 {main}
CRITICAL - 2023-07-31 17:28:45 --> Undefined array key "idusuario"
#0 C:\laragon\www\alquilando\app\Controllers\Usuarios.php(228): CodeIgniter\Debug\Exceptions->errorHandler(2, 'Undefined array...', 'C:\\laragon\\www\\...', 228)
#1 C:\laragon\www\alquilando\system\CodeIgniter.php(823): App\Controllers\Usuarios->eliminar('13')
#2 C:\laragon\www\alquilando\system\CodeIgniter.php(410): CodeIgniter\CodeIgniter->runController(Object(App\Controllers\Usuarios))
#3 C:\laragon\www\alquilando\system\CodeIgniter.php(318): CodeIgniter\CodeIgniter->handleRequest(NULL, Object(Config\Cache), false)
#4 C:\laragon\www\alquilando\public\index.php(37): CodeIgniter\CodeIgniter->run()
#5 {main}
CRITICAL - 2023-07-31 17:28:50 --> Undefined array key "idusuario"
#0 C:\laragon\www\alquilando\app\Controllers\Usuarios.php(228): CodeIgniter\Debug\Exceptions->errorHandler(2, 'Undefined array...', 'C:\\laragon\\www\\...', 228)
#1 C:\laragon\www\alquilando\system\CodeIgniter.php(823): App\Controllers\Usuarios->eliminar('13')
#2 C:\laragon\www\alquilando\system\CodeIgniter.php(410): CodeIgniter\CodeIgniter->runController(Object(App\Controllers\Usuarios))
#3 C:\laragon\www\alquilando\system\CodeIgniter.php(318): CodeIgniter\CodeIgniter->handleRequest(NULL, Object(Config\Cache), false)
#4 C:\laragon\www\alquilando\public\index.php(37): CodeIgniter\CodeIgniter->run()
#5 {main}
CRITICAL - 2023-07-31 17:29:06 --> Undefined array key "id"
#0 C:\laragon\www\alquilando\app\Controllers\Usuarios.php(228): CodeIgniter\Debug\Exceptions->errorHandler(2, 'Undefined array...', 'C:\\laragon\\www\\...', 228)
#1 C:\laragon\www\alquilando\system\CodeIgniter.php(823): App\Controllers\Usuarios->eliminar('13')
#2 C:\laragon\www\alquilando\system\CodeIgniter.php(410): CodeIgniter\CodeIgniter->runController(Object(App\Controllers\Usuarios))
#3 C:\laragon\www\alquilando\system\CodeIgniter.php(318): CodeIgniter\CodeIgniter->handleRequest(NULL, Object(Config\Cache), false)
#4 C:\laragon\www\alquilando\public\index.php(37): CodeIgniter\CodeIgniter->run()
#5 {main}
CRITICAL - 2023-07-31 17:29:08 --> Undefined array key "id"
#0 C:\laragon\www\alquilando\app\Controllers\Usuarios.php(228): CodeIgniter\Debug\Exceptions->errorHandler(2, 'Undefined array...', 'C:\\laragon\\www\\...', 228)
#1 C:\laragon\www\alquilando\system\CodeIgniter.php(823): App\Controllers\Usuarios->eliminar('13')
#2 C:\laragon\www\alquilando\system\CodeIgniter.php(410): CodeIgniter\CodeIgniter->runController(Object(App\Controllers\Usuarios))
#3 C:\laragon\www\alquilando\system\CodeIgniter.php(318): CodeIgniter\CodeIgniter->handleRequest(NULL, Object(Config\Cache), false)
#4 C:\laragon\www\alquilando\public\index.php(37): CodeIgniter\CodeIgniter->run()
#5 {main}
CRITICAL - 2023-07-31 17:29:28 --> Undefined array key "rol"
#0 C:\laragon\www\alquilando\app\Controllers\Usuarios.php(228): CodeIgniter\Debug\Exceptions->errorHandler(2, 'Undefined array...', 'C:\\laragon\\www\\...', 228)
#1 C:\laragon\www\alquilando\system\CodeIgniter.php(823): App\Controllers\Usuarios->eliminar('13')
#2 C:\laragon\www\alquilando\system\CodeIgniter.php(410): CodeIgniter\CodeIgniter->runController(Object(App\Controllers\Usuarios))
#3 C:\laragon\www\alquilando\system\CodeIgniter.php(318): CodeIgniter\CodeIgniter->handleRequest(NULL, Object(Config\Cache), false)
#4 C:\laragon\www\alquilando\public\index.php(37): CodeIgniter\CodeIgniter->run()
#5 {main}
CRITICAL - 2023-07-31 17:30:44 --> Attempt to read property "rol" on array
#0 C:\laragon\www\alquilando\app\Controllers\Usuarios.php(228): CodeIgniter\Debug\Exceptions->errorHandler(2, 'Attempt to read...', 'C:\\laragon\\www\\...', 228)
#1 C:\laragon\www\alquilando\system\CodeIgniter.php(823): App\Controllers\Usuarios->eliminar('13')
#2 C:\laragon\www\alquilando\system\CodeIgniter.php(410): CodeIgniter\CodeIgniter->runController(Object(App\Controllers\Usuarios))
#3 C:\laragon\www\alquilando\system\CodeIgniter.php(318): CodeIgniter\CodeIgniter->handleRequest(NULL, Object(Config\Cache), false)
#4 C:\laragon\www\alquilando\public\index.php(37): CodeIgniter\CodeIgniter->run()
#5 {main}
CRITICAL - 2023-07-31 17:32:44 --> Undefined array key "idusuario"
#0 C:\laragon\www\alquilando\app\Controllers\Usuarios.php(228): CodeIgniter\Debug\Exceptions->errorHandler(2, 'Undefined array...', 'C:\\laragon\\www\\...', 228)
#1 C:\laragon\www\alquilando\system\CodeIgniter.php(823): App\Controllers\Usuarios->eliminar('13')
#2 C:\laragon\www\alquilando\system\CodeIgniter.php(410): CodeIgniter\CodeIgniter->runController(Object(App\Controllers\Usuarios))
#3 C:\laragon\www\alquilando\system\CodeIgniter.php(318): CodeIgniter\CodeIgniter->handleRequest(NULL, Object(Config\Cache), false)
#4 C:\laragon\www\alquilando\public\index.php(37): CodeIgniter\CodeIgniter->run()
#5 {main}
CRITICAL - 2023-07-31 17:32:45 --> Undefined array key "idusuario"
#0 C:\laragon\www\alquilando\app\Controllers\Usuarios.php(228): CodeIgniter\Debug\Exceptions->errorHandler(2, 'Undefined array...', 'C:\\laragon\\www\\...', 228)
#1 C:\laragon\www\alquilando\system\CodeIgniter.php(823): App\Controllers\Usuarios->eliminar('13')
#2 C:\laragon\www\alquilando\system\CodeIgniter.php(410): CodeIgniter\CodeIgniter->runController(Object(App\Controllers\Usuarios))
#3 C:\laragon\www\alquilando\system\CodeIgniter.php(318): CodeIgniter\CodeIgniter->handleRequest(NULL, Object(Config\Cache), false)
#4 C:\laragon\www\alquilando\public\index.php(37): CodeIgniter\CodeIgniter->run()
#5 {main}
CRITICAL - 2023-07-31 17:34:08 --> Undefined array key "id"
#0 C:\laragon\www\alquilando\app\Controllers\Usuarios.php(228): CodeIgniter\Debug\Exceptions->errorHandler(2, 'Undefined array...', 'C:\\laragon\\www\\...', 228)
#1 C:\laragon\www\alquilando\system\CodeIgniter.php(823): App\Controllers\Usuarios->eliminar('13')
#2 C:\laragon\www\alquilando\system\CodeIgniter.php(410): CodeIgniter\CodeIgniter->runController(Object(App\Controllers\Usuarios))
#3 C:\laragon\www\alquilando\system\CodeIgniter.php(318): CodeIgniter\CodeIgniter->handleRequest(NULL, Object(Config\Cache), false)
#4 C:\laragon\www\alquilando\public\index.php(37): CodeIgniter\CodeIgniter->run()
#5 {main}
CRITICAL - 2023-07-31 17:34:21 --> Undefined array key "idusuario"
#0 C:\laragon\www\alquilando\app\Controllers\Usuarios.php(228): CodeIgniter\Debug\Exceptions->errorHandler(2, 'Undefined array...', 'C:\\laragon\\www\\...', 228)
#1 C:\laragon\www\alquilando\system\CodeIgniter.php(823): App\Controllers\Usuarios->eliminar('13')
#2 C:\laragon\www\alquilando\system\CodeIgniter.php(410): CodeIgniter\CodeIgniter->runController(Object(App\Controllers\Usuarios))
#3 C:\laragon\www\alquilando\system\CodeIgniter.php(318): CodeIgniter\CodeIgniter->handleRequest(NULL, Object(Config\Cache), false)
#4 C:\laragon\www\alquilando\public\index.php(37): CodeIgniter\CodeIgniter->run()
#5 {main}
CRITICAL - 2023-07-31 18:06:34 --> Call to a member function eliminarUsuario() on array
#0 C:\laragon\www\alquilando\system\CodeIgniter.php(823): App\Controllers\Usuarios->eliminar('11')
#1 C:\laragon\www\alquilando\system\CodeIgniter.php(410): CodeIgniter\CodeIgniter->runController(Object(App\Controllers\Usuarios))
#2 C:\laragon\www\alquilando\system\CodeIgniter.php(318): CodeIgniter\CodeIgniter->handleRequest(NULL, Object(Config\Cache), false)
#3 C:\laragon\www\alquilando\public\index.php(37): CodeIgniter\CodeIgniter->run()
#4 {main}
CRITICAL - 2023-07-31 22:45:47 --> syntax error, unexpected token "public", expecting end of file
#0 C:\laragon\www\alquilando\system\Router\Router.php(175): CodeIgniter\Router\Router->autoRoute('usuarios')
#1 C:\laragon\www\alquilando\system\CodeIgniter.php(717): CodeIgniter\Router\Router->handle('usuarios')
#2 C:\laragon\www\alquilando\system\CodeIgniter.php(359): CodeIgniter\CodeIgniter->tryToRouteIt(Object(CodeIgniter\Router\RouteCollection))
#3 C:\laragon\www\alquilando\system\CodeIgniter.php(318): CodeIgniter\CodeIgniter->handleRequest(NULL, Object(Config\Cache), false)
#4 C:\laragon\www\alquilando\public\index.php(37): CodeIgniter\CodeIgniter->run()
#5 {main}
CRITICAL - 2023-07-31 22:46:28 --> Undefined property: App\Controllers\Usuarios::$model
#0 C:\laragon\www\alquilando\app\Controllers\Usuarios.php(231): CodeIgniter\Debug\Exceptions->errorHandler(2, 'Undefined prope...', 'C:\\laragon\\www\\...', 231)
#1 C:\laragon\www\alquilando\system\CodeIgniter.php(823): App\Controllers\Usuarios->eliminar('1')
#2 C:\laragon\www\alquilando\system\CodeIgniter.php(410): CodeIgniter\CodeIgniter->runController(Object(App\Controllers\Usuarios))
#3 C:\laragon\www\alquilando\system\CodeIgniter.php(318): CodeIgniter\CodeIgniter->handleRequest(NULL, Object(Config\Cache), false)
#4 C:\laragon\www\alquilando\public\index.php(37): CodeIgniter\CodeIgniter->run()
#5 {main}
