CRITICAL - 2023-02-27 20:39:00 --> Array to string conversion
#0 C:\laragon\www\alquilando\app\Views\Admin\Layout\aside.php(45): CodeIgniter\Debug\Exceptions->errorHandler(2, 'Array to string...', 'C:\\laragon\\www\\...', 45)
#1 C:\laragon\www\alquilando\system\View\View.php(210): include('C:\\laragon\\www\\...')
#2 C:\laragon\www\alquilando\system\View\View.php(213): CodeIgniter\View\View->CodeIgniter\View\{closure}()
#3 C:\laragon\www\alquilando\system\View\View.php(424): CodeIgniter\View\View->render('Admin/Layout/as...', NULL, true)
#4 C:\laragon\www\alquilando\app\Views\Admin\Layout\main.php(5): CodeIgniter\View\View->include('Admin/Layout/as...')
#5 C:\laragon\www\alquilando\system\View\View.php(210): include('C:\\laragon\\www\\...')
#6 C:\laragon\www\alquilando\system\View\View.php(213): CodeIgniter\View\View->CodeIgniter\View\{closure}()
#7 C:\laragon\www\alquilando\system\View\View.php(226): CodeIgniter\View\View->render('Admin/Layout/ma...', Array, true)
#8 C:\laragon\www\alquilando\system\Common.php(1094): CodeIgniter\View\View->render('/Admin/home/inm...', Array, true)
#9 C:\laragon\www\alquilando\app\Controllers\Inmuebles.php(47): view('/Admin/home/inm...', Array)
#10 C:\laragon\www\alquilando\system\CodeIgniter.php(823): App\Controllers\Inmuebles->listar()
#11 C:\laragon\www\alquilando\system\CodeIgniter.php(410): CodeIgniter\CodeIgniter->runController(Object(App\Controllers\Inmuebles))
#12 C:\laragon\www\alquilando\system\CodeIgniter.php(318): CodeIgniter\CodeIgniter->handleRequest(NULL, Object(Config\Cache), false)
#13 C:\laragon\www\alquilando\public\index.php(37): CodeIgniter\CodeIgniter->run()
#14 {main}
CRITICAL - 2023-02-27 20:41:14 --> Array to string conversion
#0 C:\laragon\www\alquilando\app\Views\Admin\Layout\aside.php(45): CodeIgniter\Debug\Exceptions->errorHandler(2, 'Array to string...', 'C:\\laragon\\www\\...', 45)
#1 C:\laragon\www\alquilando\system\View\View.php(210): include('C:\\laragon\\www\\...')
#2 C:\laragon\www\alquilando\system\View\View.php(213): CodeIgniter\View\View->CodeIgniter\View\{closure}()
#3 C:\laragon\www\alquilando\system\View\View.php(424): CodeIgniter\View\View->render('Admin/Layout/as...', NULL, true)
#4 C:\laragon\www\alquilando\app\Views\Admin\Layout\main.php(5): CodeIgniter\View\View->include('Admin/Layout/as...')
#5 C:\laragon\www\alquilando\system\View\View.php(210): include('C:\\laragon\\www\\...')
#6 C:\laragon\www\alquilando\system\View\View.php(213): CodeIgniter\View\View->CodeIgniter\View\{closure}()
#7 C:\laragon\www\alquilando\system\View\View.php(226): CodeIgniter\View\View->render('Admin/Layout/ma...', Array, true)
#8 C:\laragon\www\alquilando\system\Common.php(1094): CodeIgniter\View\View->render('/Admin/home/inm...', Array, true)
#9 C:\laragon\www\alquilando\app\Controllers\Inmuebles.php(47): view('/Admin/home/inm...', Array)
#10 C:\laragon\www\alquilando\system\CodeIgniter.php(823): App\Controllers\Inmuebles->listar()
#11 C:\laragon\www\alquilando\system\CodeIgniter.php(410): CodeIgniter\CodeIgniter->runController(Object(App\Controllers\Inmuebles))
#12 C:\laragon\www\alquilando\system\CodeIgniter.php(318): CodeIgniter\CodeIgniter->handleRequest(NULL, Object(Config\Cache), false)
#13 C:\laragon\www\alquilando\public\index.php(37): CodeIgniter\CodeIgniter->run()
#14 {main}
CRITICAL - 2023-02-27 20:44:54 --> Undefined variable $candidadinmo
#0 C:\laragon\www\alquilando\app\Views\Admin\Layout\aside.php(45): CodeIgniter\Debug\Exceptions->errorHandler(2, 'Undefined varia...', 'C:\\laragon\\www\\...', 45)
#1 C:\laragon\www\alquilando\system\View\View.php(210): include('C:\\laragon\\www\\...')
#2 C:\laragon\www\alquilando\system\View\View.php(213): CodeIgniter\View\View->CodeIgniter\View\{closure}()
#3 C:\laragon\www\alquilando\system\View\View.php(424): CodeIgniter\View\View->render('Admin/Layout/as...', NULL, true)
#4 C:\laragon\www\alquilando\app\Views\Admin\Layout\main.php(5): CodeIgniter\View\View->include('Admin/Layout/as...')
#5 C:\laragon\www\alquilando\system\View\View.php(210): include('C:\\laragon\\www\\...')
#6 C:\laragon\www\alquilando\system\View\View.php(213): CodeIgniter\View\View->CodeIgniter\View\{closure}()
#7 C:\laragon\www\alquilando\system\View\View.php(226): CodeIgniter\View\View->render('Admin/Layout/ma...', Array, true)
#8 C:\laragon\www\alquilando\system\Common.php(1094): CodeIgniter\View\View->render('/Admin/home/inm...', Array, true)
#9 C:\laragon\www\alquilando\app\Controllers\Inmuebles.php(47): view('/Admin/home/inm...', Array)
#10 C:\laragon\www\alquilando\system\CodeIgniter.php(823): App\Controllers\Inmuebles->listar()
#11 C:\laragon\www\alquilando\system\CodeIgniter.php(410): CodeIgniter\CodeIgniter->runController(Object(App\Controllers\Inmuebles))
#12 C:\laragon\www\alquilando\system\CodeIgniter.php(318): CodeIgniter\CodeIgniter->handleRequest(NULL, Object(Config\Cache), false)
#13 C:\laragon\www\alquilando\public\index.php(37): CodeIgniter\CodeIgniter->run()
#14 {main}
CRITICAL - 2023-02-27 20:45:36 --> Undefined variable $candidadinmo
#0 C:\laragon\www\alquilando\app\Views\Admin\Layout\aside.php(45): CodeIgniter\Debug\Exceptions->errorHandler(2, 'Undefined varia...', 'C:\\laragon\\www\\...', 45)
#1 C:\laragon\www\alquilando\system\View\View.php(210): include('C:\\laragon\\www\\...')
#2 C:\laragon\www\alquilando\system\View\View.php(213): CodeIgniter\View\View->CodeIgniter\View\{closure}()
#3 C:\laragon\www\alquilando\system\View\View.php(424): CodeIgniter\View\View->render('Admin/Layout/as...', NULL, true)
#4 C:\laragon\www\alquilando\app\Views\Admin\Layout\main.php(5): CodeIgniter\View\View->include('Admin/Layout/as...')
#5 C:\laragon\www\alquilando\system\View\View.php(210): include('C:\\laragon\\www\\...')
#6 C:\laragon\www\alquilando\system\View\View.php(213): CodeIgniter\View\View->CodeIgniter\View\{closure}()
#7 C:\laragon\www\alquilando\system\View\View.php(226): CodeIgniter\View\View->render('Admin/Layout/ma...', Array, true)
#8 C:\laragon\www\alquilando\system\Common.php(1094): CodeIgniter\View\View->render('/Admin/home/inm...', Array, true)
#9 C:\laragon\www\alquilando\app\Controllers\Inmuebles.php(47): view('/Admin/home/inm...', Array)
#10 C:\laragon\www\alquilando\system\CodeIgniter.php(823): App\Controllers\Inmuebles->listar()
#11 C:\laragon\www\alquilando\system\CodeIgniter.php(410): CodeIgniter\CodeIgniter->runController(Object(App\Controllers\Inmuebles))
#12 C:\laragon\www\alquilando\system\CodeIgniter.php(318): CodeIgniter\CodeIgniter->handleRequest(NULL, Object(Config\Cache), false)
#13 C:\laragon\www\alquilando\public\index.php(37): CodeIgniter\CodeIgniter->run()
#14 {main}
CRITICAL - 2023-02-27 20:45:37 --> Undefined variable $candidadinmo
#0 C:\laragon\www\alquilando\app\Views\Admin\Layout\aside.php(45): CodeIgniter\Debug\Exceptions->errorHandler(2, 'Undefined varia...', 'C:\\laragon\\www\\...', 45)
#1 C:\laragon\www\alquilando\system\View\View.php(210): include('C:\\laragon\\www\\...')
#2 C:\laragon\www\alquilando\system\View\View.php(213): CodeIgniter\View\View->CodeIgniter\View\{closure}()
#3 C:\laragon\www\alquilando\system\View\View.php(424): CodeIgniter\View\View->render('Admin/Layout/as...', NULL, true)
#4 C:\laragon\www\alquilando\app\Views\Admin\Layout\main.php(5): CodeIgniter\View\View->include('Admin/Layout/as...')
#5 C:\laragon\www\alquilando\system\View\View.php(210): include('C:\\laragon\\www\\...')
#6 C:\laragon\www\alquilando\system\View\View.php(213): CodeIgniter\View\View->CodeIgniter\View\{closure}()
#7 C:\laragon\www\alquilando\system\View\View.php(226): CodeIgniter\View\View->render('Admin/Layout/ma...', Array, true)
#8 C:\laragon\www\alquilando\system\Common.php(1094): CodeIgniter\View\View->render('/Admin/home/inm...', Array, true)
#9 C:\laragon\www\alquilando\app\Controllers\Inmuebles.php(47): view('/Admin/home/inm...', Array)
#10 C:\laragon\www\alquilando\system\CodeIgniter.php(823): App\Controllers\Inmuebles->listar()
#11 C:\laragon\www\alquilando\system\CodeIgniter.php(410): CodeIgniter\CodeIgniter->runController(Object(App\Controllers\Inmuebles))
#12 C:\laragon\www\alquilando\system\CodeIgniter.php(318): CodeIgniter\CodeIgniter->handleRequest(NULL, Object(Config\Cache), false)
#13 C:\laragon\www\alquilando\public\index.php(37): CodeIgniter\CodeIgniter->run()
#14 {main}
CRITICAL - 2023-02-27 20:49:09 --> Archivo inválido: /Admin/Home/Layout/main.php
#0 C:\laragon\www\alquilando\system\View\View.php(198): CodeIgniter\Exceptions\FrameworkException::forInvalidFile('/Admin/Home/Lay...')
#1 C:\laragon\www\alquilando\system\Common.php(1094): CodeIgniter\View\View->render('/Admin/Home/Lay...', Array, true)
#2 C:\laragon\www\alquilando\app\Controllers\Home.php(21): view('/Admin/Home/Lay...', Array)
#3 C:\laragon\www\alquilando\system\CodeIgniter.php(823): App\Controllers\Home->index()
#4 C:\laragon\www\alquilando\system\CodeIgniter.php(410): CodeIgniter\CodeIgniter->runController(Object(App\Controllers\Home))
#5 C:\laragon\www\alquilando\system\CodeIgniter.php(318): CodeIgniter\CodeIgniter->handleRequest(NULL, Object(Config\Cache), false)
#6 C:\laragon\www\alquilando\public\index.php(37): CodeIgniter\CodeIgniter->run()
#7 {main}
CRITICAL - 2023-02-27 20:50:24 --> Undefined variable $candidadinmo
#0 C:\laragon\www\alquilando\app\Views\Admin\Layout\aside.php(45): CodeIgniter\Debug\Exceptions->errorHandler(2, 'Undefined varia...', 'C:\\laragon\\www\\...', 45)
#1 C:\laragon\www\alquilando\system\View\View.php(210): include('C:\\laragon\\www\\...')
#2 C:\laragon\www\alquilando\system\View\View.php(213): CodeIgniter\View\View->CodeIgniter\View\{closure}()
#3 C:\laragon\www\alquilando\system\View\View.php(424): CodeIgniter\View\View->render('Admin/Layout/as...', NULL, true)
#4 C:\laragon\www\alquilando\app\Views\Admin\Layout\main.php(5): CodeIgniter\View\View->include('Admin/Layout/as...')
#5 C:\laragon\www\alquilando\system\View\View.php(210): include('C:\\laragon\\www\\...')
#6 C:\laragon\www\alquilando\system\View\View.php(213): CodeIgniter\View\View->CodeIgniter\View\{closure}()
#7 C:\laragon\www\alquilando\system\Common.php(1094): CodeIgniter\View\View->render('/Admin/Layout/m...', Array, true)
#8 C:\laragon\www\alquilando\app\Controllers\Home.php(21): view('/Admin/Layout/m...', Array)
#9 C:\laragon\www\alquilando\system\CodeIgniter.php(823): App\Controllers\Home->index()
#10 C:\laragon\www\alquilando\system\CodeIgniter.php(410): CodeIgniter\CodeIgniter->runController(Object(App\Controllers\Home))
#11 C:\laragon\www\alquilando\system\CodeIgniter.php(318): CodeIgniter\CodeIgniter->handleRequest(NULL, Object(Config\Cache), false)
#12 C:\laragon\www\alquilando\public\index.php(37): CodeIgniter\CodeIgniter->run()
#13 {main}
CRITICAL - 2023-02-27 20:51:37 --> Undefined variable $candidadinmo
#0 C:\laragon\www\alquilando\app\Views\Admin\Layout\aside.php(45): CodeIgniter\Debug\Exceptions->errorHandler(2, 'Undefined varia...', 'C:\\laragon\\www\\...', 45)
#1 C:\laragon\www\alquilando\system\View\View.php(210): include('C:\\laragon\\www\\...')
#2 C:\laragon\www\alquilando\system\View\View.php(213): CodeIgniter\View\View->CodeIgniter\View\{closure}()
#3 C:\laragon\www\alquilando\system\View\View.php(424): CodeIgniter\View\View->render('Admin/Layout/as...', NULL, true)
#4 C:\laragon\www\alquilando\app\Views\Admin\Layout\main.php(5): CodeIgniter\View\View->include('Admin/Layout/as...')
#5 C:\laragon\www\alquilando\system\View\View.php(210): include('C:\\laragon\\www\\...')
#6 C:\laragon\www\alquilando\system\View\View.php(213): CodeIgniter\View\View->CodeIgniter\View\{closure}()
#7 C:\laragon\www\alquilando\system\View\View.php(226): CodeIgniter\View\View->render('Admin/Layout/ma...', Array, true)
#8 C:\laragon\www\alquilando\system\Common.php(1094): CodeIgniter\View\View->render('/Admin/Home/ind...', Array, true)
#9 C:\laragon\www\alquilando\app\Controllers\Home.php(21): view('/Admin/Home/ind...', Array)
#10 C:\laragon\www\alquilando\system\CodeIgniter.php(823): App\Controllers\Home->index()
#11 C:\laragon\www\alquilando\system\CodeIgniter.php(410): CodeIgniter\CodeIgniter->runController(Object(App\Controllers\Home))
#12 C:\laragon\www\alquilando\system\CodeIgniter.php(318): CodeIgniter\CodeIgniter->handleRequest(NULL, Object(Config\Cache), false)
#13 C:\laragon\www\alquilando\public\index.php(37): CodeIgniter\CodeIgniter->run()
#14 {main}
CRITICAL - 2023-02-27 20:51:38 --> Undefined variable $candidadinmo
#0 C:\laragon\www\alquilando\app\Views\Admin\Layout\aside.php(45): CodeIgniter\Debug\Exceptions->errorHandler(2, 'Undefined varia...', 'C:\\laragon\\www\\...', 45)
#1 C:\laragon\www\alquilando\system\View\View.php(210): include('C:\\laragon\\www\\...')
#2 C:\laragon\www\alquilando\system\View\View.php(213): CodeIgniter\View\View->CodeIgniter\View\{closure}()
#3 C:\laragon\www\alquilando\system\View\View.php(424): CodeIgniter\View\View->render('Admin/Layout/as...', NULL, true)
#4 C:\laragon\www\alquilando\app\Views\Admin\Layout\main.php(5): CodeIgniter\View\View->include('Admin/Layout/as...')
#5 C:\laragon\www\alquilando\system\View\View.php(210): include('C:\\laragon\\www\\...')
#6 C:\laragon\www\alquilando\system\View\View.php(213): CodeIgniter\View\View->CodeIgniter\View\{closure}()
#7 C:\laragon\www\alquilando\system\View\View.php(226): CodeIgniter\View\View->render('Admin/Layout/ma...', Array, true)
#8 C:\laragon\www\alquilando\system\Common.php(1094): CodeIgniter\View\View->render('/Admin/Home/ind...', Array, true)
#9 C:\laragon\www\alquilando\app\Controllers\Home.php(21): view('/Admin/Home/ind...', Array)
#10 C:\laragon\www\alquilando\system\CodeIgniter.php(823): App\Controllers\Home->index()
#11 C:\laragon\www\alquilando\system\CodeIgniter.php(410): CodeIgniter\CodeIgniter->runController(Object(App\Controllers\Home))
#12 C:\laragon\www\alquilando\system\CodeIgniter.php(318): CodeIgniter\CodeIgniter->handleRequest(NULL, Object(Config\Cache), false)
#13 C:\laragon\www\alquilando\public\index.php(37): CodeIgniter\CodeIgniter->run()
#14 {main}
CRITICAL - 2023-02-27 20:51:47 --> Undefined variable $candidadinmo
#0 C:\laragon\www\alquilando\app\Views\Admin\Layout\aside.php(45): CodeIgniter\Debug\Exceptions->errorHandler(2, 'Undefined varia...', 'C:\\laragon\\www\\...', 45)
#1 C:\laragon\www\alquilando\system\View\View.php(210): include('C:\\laragon\\www\\...')
#2 C:\laragon\www\alquilando\system\View\View.php(213): CodeIgniter\View\View->CodeIgniter\View\{closure}()
#3 C:\laragon\www\alquilando\system\View\View.php(424): CodeIgniter\View\View->render('Admin/Layout/as...', NULL, true)
#4 C:\laragon\www\alquilando\app\Views\Admin\Layout\main.php(5): CodeIgniter\View\View->include('Admin/Layout/as...')
#5 C:\laragon\www\alquilando\system\View\View.php(210): include('C:\\laragon\\www\\...')
#6 C:\laragon\www\alquilando\system\View\View.php(213): CodeIgniter\View\View->CodeIgniter\View\{closure}()
#7 C:\laragon\www\alquilando\system\View\View.php(226): CodeIgniter\View\View->render('Admin/Layout/ma...', Array, true)
#8 C:\laragon\www\alquilando\system\Common.php(1094): CodeIgniter\View\View->render('/Admin/Home/ind...', Array, true)
#9 C:\laragon\www\alquilando\app\Controllers\Home.php(21): view('/Admin/Home/ind...', Array)
#10 C:\laragon\www\alquilando\system\CodeIgniter.php(823): App\Controllers\Home->index()
#11 C:\laragon\www\alquilando\system\CodeIgniter.php(410): CodeIgniter\CodeIgniter->runController(Object(App\Controllers\Home))
#12 C:\laragon\www\alquilando\system\CodeIgniter.php(318): CodeIgniter\CodeIgniter->handleRequest(NULL, Object(Config\Cache), false)
#13 C:\laragon\www\alquilando\public\index.php(37): CodeIgniter\CodeIgniter->run()
#14 {main}
CRITICAL - 2023-02-27 20:51:48 --> Undefined variable $candidadinmo
#0 C:\laragon\www\alquilando\app\Views\Admin\Layout\aside.php(45): CodeIgniter\Debug\Exceptions->errorHandler(2, 'Undefined varia...', 'C:\\laragon\\www\\...', 45)
#1 C:\laragon\www\alquilando\system\View\View.php(210): include('C:\\laragon\\www\\...')
#2 C:\laragon\www\alquilando\system\View\View.php(213): CodeIgniter\View\View->CodeIgniter\View\{closure}()
#3 C:\laragon\www\alquilando\system\View\View.php(424): CodeIgniter\View\View->render('Admin/Layout/as...', NULL, true)
#4 C:\laragon\www\alquilando\app\Views\Admin\Layout\main.php(5): CodeIgniter\View\View->include('Admin/Layout/as...')
#5 C:\laragon\www\alquilando\system\View\View.php(210): include('C:\\laragon\\www\\...')
#6 C:\laragon\www\alquilando\system\View\View.php(213): CodeIgniter\View\View->CodeIgniter\View\{closure}()
#7 C:\laragon\www\alquilando\system\View\View.php(226): CodeIgniter\View\View->render('Admin/Layout/ma...', Array, true)
#8 C:\laragon\www\alquilando\system\Common.php(1094): CodeIgniter\View\View->render('/Admin/Home/ind...', Array, true)
#9 C:\laragon\www\alquilando\app\Controllers\Home.php(21): view('/Admin/Home/ind...', Array)
#10 C:\laragon\www\alquilando\system\CodeIgniter.php(823): App\Controllers\Home->index()
#11 C:\laragon\www\alquilando\system\CodeIgniter.php(410): CodeIgniter\CodeIgniter->runController(Object(App\Controllers\Home))
#12 C:\laragon\www\alquilando\system\CodeIgniter.php(318): CodeIgniter\CodeIgniter->handleRequest(NULL, Object(Config\Cache), false)
#13 C:\laragon\www\alquilando\public\index.php(37): CodeIgniter\CodeIgniter->run()
#14 {main}
CRITICAL - 2023-02-27 20:53:35 --> Undefined variable $cantidadinmo
#0 C:\laragon\www\alquilando\app\Views\Admin\Layout\aside.php(45): CodeIgniter\Debug\Exceptions->errorHandler(2, 'Undefined varia...', 'C:\\laragon\\www\\...', 45)
#1 C:\laragon\www\alquilando\system\View\View.php(210): include('C:\\laragon\\www\\...')
#2 C:\laragon\www\alquilando\system\View\View.php(213): CodeIgniter\View\View->CodeIgniter\View\{closure}()
#3 C:\laragon\www\alquilando\system\View\View.php(424): CodeIgniter\View\View->render('Admin/Layout/as...', NULL, true)
#4 C:\laragon\www\alquilando\app\Views\Admin\Layout\main.php(5): CodeIgniter\View\View->include('Admin/Layout/as...')
#5 C:\laragon\www\alquilando\system\View\View.php(210): include('C:\\laragon\\www\\...')
#6 C:\laragon\www\alquilando\system\View\View.php(213): CodeIgniter\View\View->CodeIgniter\View\{closure}()
#7 C:\laragon\www\alquilando\system\View\View.php(226): CodeIgniter\View\View->render('Admin/Layout/ma...', Array, true)
#8 C:\laragon\www\alquilando\system\Common.php(1094): CodeIgniter\View\View->render('/Admin/home/inm...', Array, true)
#9 C:\laragon\www\alquilando\app\Controllers\Inmuebles.php(47): view('/Admin/home/inm...', Array)
#10 C:\laragon\www\alquilando\system\CodeIgniter.php(823): App\Controllers\Inmuebles->listar()
#11 C:\laragon\www\alquilando\system\CodeIgniter.php(410): CodeIgniter\CodeIgniter->runController(Object(App\Controllers\Inmuebles))
#12 C:\laragon\www\alquilando\system\CodeIgniter.php(318): CodeIgniter\CodeIgniter->handleRequest(NULL, Object(Config\Cache), false)
#13 C:\laragon\www\alquilando\public\index.php(37): CodeIgniter\CodeIgniter->run()
#14 {main}
CRITICAL - 2023-02-27 20:54:09 --> Undefined variable $cantidadinmo
#0 C:\laragon\www\alquilando\app\Views\Admin\Layout\aside.php(45): CodeIgniter\Debug\Exceptions->errorHandler(2, 'Undefined varia...', 'C:\\laragon\\www\\...', 45)
#1 C:\laragon\www\alquilando\system\View\View.php(210): include('C:\\laragon\\www\\...')
#2 C:\laragon\www\alquilando\system\View\View.php(213): CodeIgniter\View\View->CodeIgniter\View\{closure}()
#3 C:\laragon\www\alquilando\system\View\View.php(424): CodeIgniter\View\View->render('Admin/Layout/as...', NULL, true)
#4 C:\laragon\www\alquilando\app\Views\Admin\Layout\main.php(5): CodeIgniter\View\View->include('Admin/Layout/as...')
#5 C:\laragon\www\alquilando\system\View\View.php(210): include('C:\\laragon\\www\\...')
#6 C:\laragon\www\alquilando\system\View\View.php(213): CodeIgniter\View\View->CodeIgniter\View\{closure}()
#7 C:\laragon\www\alquilando\system\View\View.php(226): CodeIgniter\View\View->render('Admin/Layout/ma...', Array, true)
#8 C:\laragon\www\alquilando\system\Common.php(1094): CodeIgniter\View\View->render('/Admin/home/inm...', Array, true)
#9 C:\laragon\www\alquilando\app\Controllers\Inmuebles.php(47): view('/Admin/home/inm...', Array)
#10 C:\laragon\www\alquilando\system\CodeIgniter.php(823): App\Controllers\Inmuebles->listar()
#11 C:\laragon\www\alquilando\system\CodeIgniter.php(410): CodeIgniter\CodeIgniter->runController(Object(App\Controllers\Inmuebles))
#12 C:\laragon\www\alquilando\system\CodeIgniter.php(318): CodeIgniter\CodeIgniter->handleRequest(NULL, Object(Config\Cache), false)
#13 C:\laragon\www\alquilando\public\index.php(37): CodeIgniter\CodeIgniter->run()
#14 {main}
CRITICAL - 2023-02-27 20:54:25 --> Undefined variable $cantidadinmo
#0 C:\laragon\www\alquilando\app\Views\Admin\Layout\aside.php(45): CodeIgniter\Debug\Exceptions->errorHandler(2, 'Undefined varia...', 'C:\\laragon\\www\\...', 45)
#1 C:\laragon\www\alquilando\system\View\View.php(210): include('C:\\laragon\\www\\...')
#2 C:\laragon\www\alquilando\system\View\View.php(213): CodeIgniter\View\View->CodeIgniter\View\{closure}()
#3 C:\laragon\www\alquilando\system\View\View.php(424): CodeIgniter\View\View->render('Admin/Layout/as...', NULL, true)
#4 C:\laragon\www\alquilando\app\Views\Admin\Layout\main.php(5): CodeIgniter\View\View->include('Admin/Layout/as...')
#5 C:\laragon\www\alquilando\system\View\View.php(210): include('C:\\laragon\\www\\...')
#6 C:\laragon\www\alquilando\system\View\View.php(213): CodeIgniter\View\View->CodeIgniter\View\{closure}()
#7 C:\laragon\www\alquilando\system\View\View.php(226): CodeIgniter\View\View->render('Admin/Layout/ma...', Array, true)
#8 C:\laragon\www\alquilando\system\Common.php(1094): CodeIgniter\View\View->render('/Admin/home/inm...', Array, true)
#9 C:\laragon\www\alquilando\app\Controllers\Inmuebles.php(47): view('/Admin/home/inm...', Array)
#10 C:\laragon\www\alquilando\system\CodeIgniter.php(823): App\Controllers\Inmuebles->listar()
#11 C:\laragon\www\alquilando\system\CodeIgniter.php(410): CodeIgniter\CodeIgniter->runController(Object(App\Controllers\Inmuebles))
#12 C:\laragon\www\alquilando\system\CodeIgniter.php(318): CodeIgniter\CodeIgniter->handleRequest(NULL, Object(Config\Cache), false)
#13 C:\laragon\www\alquilando\public\index.php(37): CodeIgniter\CodeIgniter->run()
#14 {main}
CRITICAL - 2023-02-27 20:55:17 --> Undefined variable $cantidadinmo
#0 C:\laragon\www\alquilando\app\Views\Admin\Layout\aside.php(45): CodeIgniter\Debug\Exceptions->errorHandler(2, 'Undefined varia...', 'C:\\laragon\\www\\...', 45)
#1 C:\laragon\www\alquilando\system\View\View.php(210): include('C:\\laragon\\www\\...')
#2 C:\laragon\www\alquilando\system\View\View.php(213): CodeIgniter\View\View->CodeIgniter\View\{closure}()
#3 C:\laragon\www\alquilando\system\View\View.php(424): CodeIgniter\View\View->render('Admin/Layout/as...', NULL, true)
#4 C:\laragon\www\alquilando\app\Views\Admin\Layout\main.php(5): CodeIgniter\View\View->include('Admin/Layout/as...')
#5 C:\laragon\www\alquilando\system\View\View.php(210): include('C:\\laragon\\www\\...')
#6 C:\laragon\www\alquilando\system\View\View.php(213): CodeIgniter\View\View->CodeIgniter\View\{closure}()
#7 C:\laragon\www\alquilando\system\View\View.php(226): CodeIgniter\View\View->render('Admin/Layout/ma...', Array, true)
#8 C:\laragon\www\alquilando\system\Common.php(1094): CodeIgniter\View\View->render('/Admin/home/inm...', Array, true)
#9 C:\laragon\www\alquilando\app\Controllers\Inmuebles.php(47): view('/Admin/home/inm...', Array)
#10 C:\laragon\www\alquilando\system\CodeIgniter.php(823): App\Controllers\Inmuebles->listar()
#11 C:\laragon\www\alquilando\system\CodeIgniter.php(410): CodeIgniter\CodeIgniter->runController(Object(App\Controllers\Inmuebles))
#12 C:\laragon\www\alquilando\system\CodeIgniter.php(318): CodeIgniter\CodeIgniter->handleRequest(NULL, Object(Config\Cache), false)
#13 C:\laragon\www\alquilando\public\index.php(37): CodeIgniter\CodeIgniter->run()
#14 {main}
CRITICAL - 2023-02-27 20:55:43 --> syntax error, unexpected token "=>"
#0 C:\laragon\www\alquilando\system\Autoloader\Autoloader.php(241): CodeIgniter\Autoloader\Autoloader->includeFile('C:\\laragon\\www\\...')
#1 C:\laragon\www\alquilando\system\Autoloader\Autoloader.php(219): CodeIgniter\Autoloader\Autoloader->loadInNamespace('App\\Controllers...')
#2 [internal function]: CodeIgniter\Autoloader\Autoloader->loadClass('App\\Controllers...')
#3 C:\laragon\www\alquilando\system\CodeIgniter.php(788): class_exists('\\App\\Controller...', true)
#4 C:\laragon\www\alquilando\system\CodeIgniter.php(397): CodeIgniter\CodeIgniter->startController()
#5 C:\laragon\www\alquilando\system\CodeIgniter.php(318): CodeIgniter\CodeIgniter->handleRequest(NULL, Object(Config\Cache), false)
#6 C:\laragon\www\alquilando\public\index.php(37): CodeIgniter\CodeIgniter->run()
#7 {main}
CRITICAL - 2023-02-27 20:57:19 --> Undefined variable $cantidadinmo
#0 C:\laragon\www\alquilando\app\Views\Admin\Layout\aside.php(45): CodeIgniter\Debug\Exceptions->errorHandler(2, 'Undefined varia...', 'C:\\laragon\\www\\...', 45)
#1 C:\laragon\www\alquilando\system\View\View.php(210): include('C:\\laragon\\www\\...')
#2 C:\laragon\www\alquilando\system\View\View.php(213): CodeIgniter\View\View->CodeIgniter\View\{closure}()
#3 C:\laragon\www\alquilando\system\View\View.php(424): CodeIgniter\View\View->render('Admin/Layout/as...', NULL, true)
#4 C:\laragon\www\alquilando\app\Views\Admin\Layout\main.php(5): CodeIgniter\View\View->include('Admin/Layout/as...')
#5 C:\laragon\www\alquilando\system\View\View.php(210): include('C:\\laragon\\www\\...')
#6 C:\laragon\www\alquilando\system\View\View.php(213): CodeIgniter\View\View->CodeIgniter\View\{closure}()
#7 C:\laragon\www\alquilando\system\View\View.php(226): CodeIgniter\View\View->render('Admin/Layout/ma...', Array, true)
#8 C:\laragon\www\alquilando\system\Common.php(1094): CodeIgniter\View\View->render('/Admin/home/inm...', Array, true)
#9 C:\laragon\www\alquilando\app\Controllers\Inmuebles.php(48): view('/Admin/home/inm...', Array)
#10 C:\laragon\www\alquilando\system\CodeIgniter.php(823): App\Controllers\Inmuebles->listar()
#11 C:\laragon\www\alquilando\system\CodeIgniter.php(410): CodeIgniter\CodeIgniter->runController(Object(App\Controllers\Inmuebles))
#12 C:\laragon\www\alquilando\system\CodeIgniter.php(318): CodeIgniter\CodeIgniter->handleRequest(NULL, Object(Config\Cache), false)
#13 C:\laragon\www\alquilando\public\index.php(37): CodeIgniter\CodeIgniter->run()
#14 {main}
CRITICAL - 2023-02-27 20:58:45 --> Undefined variable $cantidadinmo
#0 C:\laragon\www\alquilando\app\Views\Admin\Layout\aside.php(45): CodeIgniter\Debug\Exceptions->errorHandler(2, 'Undefined varia...', 'C:\\laragon\\www\\...', 45)
#1 C:\laragon\www\alquilando\system\View\View.php(210): include('C:\\laragon\\www\\...')
#2 C:\laragon\www\alquilando\system\View\View.php(213): CodeIgniter\View\View->CodeIgniter\View\{closure}()
#3 C:\laragon\www\alquilando\system\View\View.php(424): CodeIgniter\View\View->render('Admin/Layout/as...', NULL, true)
#4 C:\laragon\www\alquilando\app\Views\Admin\Layout\main.php(5): CodeIgniter\View\View->include('Admin/Layout/as...')
#5 C:\laragon\www\alquilando\system\View\View.php(210): include('C:\\laragon\\www\\...')
#6 C:\laragon\www\alquilando\system\View\View.php(213): CodeIgniter\View\View->CodeIgniter\View\{closure}()
#7 C:\laragon\www\alquilando\system\View\View.php(226): CodeIgniter\View\View->render('Admin/Layout/ma...', Array, true)
#8 C:\laragon\www\alquilando\system\Common.php(1094): CodeIgniter\View\View->render('/Admin/home/inm...', Array, true)
#9 C:\laragon\www\alquilando\app\Controllers\Inmuebles.php(132): view('/Admin/home/inm...', Array)
#10 C:\laragon\www\alquilando\system\CodeIgniter.php(823): App\Controllers\Inmuebles->eliminados()
#11 C:\laragon\www\alquilando\system\CodeIgniter.php(410): CodeIgniter\CodeIgniter->runController(Object(App\Controllers\Inmuebles))
#12 C:\laragon\www\alquilando\system\CodeIgniter.php(318): CodeIgniter\CodeIgniter->handleRequest(NULL, Object(Config\Cache), false)
#13 C:\laragon\www\alquilando\public\index.php(37): CodeIgniter\CodeIgniter->run()
#14 {main}
CRITICAL - 2023-02-27 21:05:40 --> Undefined variable $cantidadinmo
#0 C:\laragon\www\alquilando\app\Views\Admin\Layout\aside.php(45): CodeIgniter\Debug\Exceptions->errorHandler(2, 'Undefined varia...', 'C:\\laragon\\www\\...', 45)
#1 C:\laragon\www\alquilando\system\View\View.php(210): include('C:\\laragon\\www\\...')
#2 C:\laragon\www\alquilando\system\View\View.php(213): CodeIgniter\View\View->CodeIgniter\View\{closure}()
#3 C:\laragon\www\alquilando\system\View\View.php(424): CodeIgniter\View\View->render('Admin/Layout/as...', NULL, true)
#4 C:\laragon\www\alquilando\app\Views\Admin\Layout\main.php(5): CodeIgniter\View\View->include('Admin/Layout/as...')
#5 C:\laragon\www\alquilando\system\View\View.php(210): include('C:\\laragon\\www\\...')
#6 C:\laragon\www\alquilando\system\View\View.php(213): CodeIgniter\View\View->CodeIgniter\View\{closure}()
#7 C:\laragon\www\alquilando\system\View\View.php(226): CodeIgniter\View\View->render('Admin/Layout/ma...', Array, true)
#8 C:\laragon\www\alquilando\system\Common.php(1094): CodeIgniter\View\View->render('/Admin/home/inm...', Array, true)
#9 C:\laragon\www\alquilando\app\Controllers\Inmuebles.php(137): view('/Admin/home/inm...', Array)
#10 C:\laragon\www\alquilando\system\CodeIgniter.php(823): App\Controllers\Inmuebles->eliminados()
#11 C:\laragon\www\alquilando\system\CodeIgniter.php(410): CodeIgniter\CodeIgniter->runController(Object(App\Controllers\Inmuebles))
#12 C:\laragon\www\alquilando\system\CodeIgniter.php(318): CodeIgniter\CodeIgniter->handleRequest(NULL, Object(Config\Cache), false)
#13 C:\laragon\www\alquilando\public\index.php(37): CodeIgniter\CodeIgniter->run()
#14 {main}
CRITICAL - 2023-02-27 21:08:04 --> Undefined variable $cantidadinmo
#0 C:\laragon\www\alquilando\app\Views\Admin\Layout\aside.php(45): CodeIgniter\Debug\Exceptions->errorHandler(2, 'Undefined varia...', 'C:\\laragon\\www\\...', 45)
#1 C:\laragon\www\alquilando\system\View\View.php(210): include('C:\\laragon\\www\\...')
#2 C:\laragon\www\alquilando\system\View\View.php(213): CodeIgniter\View\View->CodeIgniter\View\{closure}()
#3 C:\laragon\www\alquilando\system\View\View.php(424): CodeIgniter\View\View->render('Admin/Layout/as...', NULL, true)
#4 C:\laragon\www\alquilando\app\Views\Admin\Layout\main.php(5): CodeIgniter\View\View->include('Admin/Layout/as...')
#5 C:\laragon\www\alquilando\system\View\View.php(210): include('C:\\laragon\\www\\...')
#6 C:\laragon\www\alquilando\system\View\View.php(213): CodeIgniter\View\View->CodeIgniter\View\{closure}()
#7 C:\laragon\www\alquilando\system\View\View.php(226): CodeIgniter\View\View->render('Admin/Layout/ma...', Array, true)
#8 C:\laragon\www\alquilando\system\Common.php(1094): CodeIgniter\View\View->render('/Admin/home/reg...', Array, true)
#9 C:\laragon\www\alquilando\app\Controllers\Inmuebles.php(77): view('/Admin/home/reg...', Array)
#10 C:\laragon\www\alquilando\system\CodeIgniter.php(823): App\Controllers\Inmuebles->registro()
#11 C:\laragon\www\alquilando\system\CodeIgniter.php(410): CodeIgniter\CodeIgniter->runController(Object(App\Controllers\Inmuebles))
#12 C:\laragon\www\alquilando\system\CodeIgniter.php(318): CodeIgniter\CodeIgniter->handleRequest(NULL, Object(Config\Cache), false)
#13 C:\laragon\www\alquilando\public\index.php(37): CodeIgniter\CodeIgniter->run()
#14 {main}
