CRITICAL - 2024-03-27 00:00:29 --> 'break' not in the 'loop' or 'switch' context
#0 [internal function]: CodeIgniter\Debug\Exceptions->shutdownHandler()
#1 {main}
CRITICAL - 2024-03-27 00:03:29 --> Cannot access offset of type string on string
#0 C:\laragon\www\alquilando\system\View\View.php(210): include()
#1 C:\laragon\www\alquilando\system\View\View.php(213): CodeIgniter\View\View->CodeIgniter\View\{closure}()
#2 C:\laragon\www\alquilando\system\Common.php(1094): CodeIgniter\View\View->render('/Admin/pago/edi...', Array, true)
#3 C:\laragon\www\alquilando\app\Controllers\Pagos.php(169): view('/Admin/pago/edi...', Array)
#4 C:\laragon\www\alquilando\system\CodeIgniter.php(823): App\Controllers\Pagos->editarReciboPDF('2')
#5 C:\laragon\www\alquilando\system\CodeIgniter.php(410): CodeIgniter\CodeIgniter->runController(Object(App\Controllers\Pagos))
#6 C:\laragon\www\alquilando\system\CodeIgniter.php(318): CodeIgniter\CodeIgniter->handleRequest(NULL, Object(Config\Cache), false)
#7 C:\laragon\www\alquilando\public\index.php(37): CodeIgniter\CodeIgniter->run()
#8 {main}
CRITICAL - 2024-03-27 00:05:13 --> 'break' not in the 'loop' or 'switch' context
#0 [internal function]: CodeIgniter\Debug\Exceptions->shutdownHandler()
#1 {main}
CRITICAL - 2024-03-27 00:12:03 --> Trying to access array offset on value of type null
#0 C:\laragon\www\alquilando\app\Controllers\Pagos.php(152): CodeIgniter\Debug\Exceptions->errorHandler(2, 'Trying to acces...', 'C:\\laragon\\www\\...', 152)
#1 C:\laragon\www\alquilando\system\CodeIgniter.php(823): App\Controllers\Pagos->editarReciboPDF('11')
#2 C:\laragon\www\alquilando\system\CodeIgniter.php(410): CodeIgniter\CodeIgniter->runController(Object(App\Controllers\Pagos))
#3 C:\laragon\www\alquilando\system\CodeIgniter.php(318): CodeIgniter\CodeIgniter->handleRequest(NULL, Object(Config\Cache), false)
#4 C:\laragon\www\alquilando\public\index.php(37): CodeIgniter\CodeIgniter->run()
#5 {main}
