CRITICAL - 2024-03-16 11:55:38 --> Unmatched '}'
#0 C:\laragon\www\alquilando\system\Autoloader\Autoloader.php(241): CodeIgniter\Autoloader\Autoloader->includeFile('C:\\laragon\\www\\...')
#1 C:\laragon\www\alquilando\system\Autoloader\Autoloader.php(219): CodeIgniter\Autoloader\Autoloader->loadInNamespace('App\\Controllers...')
#2 [internal function]: CodeIgniter\Autoloader\Autoloader->loadClass('App\\Controllers...')
#3 C:\laragon\www\alquilando\system\CodeIgniter.php(788): class_exists('\\App\\Controller...', true)
#4 C:\laragon\www\alquilando\system\CodeIgniter.php(397): CodeIgniter\CodeIgniter->startController()
#5 C:\laragon\www\alquilando\system\CodeIgniter.php(318): CodeIgniter\CodeIgniter->handleRequest(NULL, Object(Config\Cache), false)
#6 C:\laragon\www\alquilando\public\index.php(37): CodeIgniter\CodeIgniter->run()
#7 {main}
CRITICAL - 2024-03-16 11:56:17 --> require_once(C:\laragon\www\alquilando\app\/third_party/dompdf/autoload.inc.php): Failed to open stream: No such file or directory
#0 C:\laragon\www\alquilando\app\Controllers\Pagos.php(141): CodeIgniter\Debug\Exceptions->errorHandler(2, 'require_once(C:...', 'C:\\laragon\\www\\...', 141)
#1 C:\laragon\www\alquilando\app\Controllers\Pagos.php(141): require_once()
#2 C:\laragon\www\alquilando\system\CodeIgniter.php(823): App\Controllers\Pagos->generarReciboPDF('3')
#3 C:\laragon\www\alquilando\system\CodeIgniter.php(410): CodeIgniter\CodeIgniter->runController(Object(App\Controllers\Pagos))
#4 C:\laragon\www\alquilando\system\CodeIgniter.php(318): CodeIgniter\CodeIgniter->handleRequest(NULL, Object(Config\Cache), false)
#5 C:\laragon\www\alquilando\public\index.php(37): CodeIgniter\CodeIgniter->run()
#6 {main}
CRITICAL - 2024-03-16 12:09:45 --> require_once(C:\laragon\www\alquilando\app\/third_party/dompdf/autoload.inc.php): Failed to open stream: No such file or directory
#0 C:\laragon\www\alquilando\app\Controllers\Pagos.php(141): CodeIgniter\Debug\Exceptions->errorHandler(2, 'require_once(C:...', 'C:\\laragon\\www\\...', 141)
#1 C:\laragon\www\alquilando\app\Controllers\Pagos.php(141): require_once()
#2 C:\laragon\www\alquilando\system\CodeIgniter.php(823): App\Controllers\Pagos->generarReciboPDF('3')
#3 C:\laragon\www\alquilando\system\CodeIgniter.php(410): CodeIgniter\CodeIgniter->runController(Object(App\Controllers\Pagos))
#4 C:\laragon\www\alquilando\system\CodeIgniter.php(318): CodeIgniter\CodeIgniter->handleRequest(NULL, Object(Config\Cache), false)
#5 C:\laragon\www\alquilando\public\index.php(37): CodeIgniter\CodeIgniter->run()
#6 {main}
CRITICAL - 2024-03-16 12:09:48 --> require_once(C:\laragon\www\alquilando\app\/third_party/dompdf/autoload.inc.php): Failed to open stream: No such file or directory
#0 C:\laragon\www\alquilando\app\Controllers\Pagos.php(141): CodeIgniter\Debug\Exceptions->errorHandler(2, 'require_once(C:...', 'C:\\laragon\\www\\...', 141)
#1 C:\laragon\www\alquilando\app\Controllers\Pagos.php(141): require_once()
#2 C:\laragon\www\alquilando\system\CodeIgniter.php(823): App\Controllers\Pagos->generarReciboPDF('3')
#3 C:\laragon\www\alquilando\system\CodeIgniter.php(410): CodeIgniter\CodeIgniter->runController(Object(App\Controllers\Pagos))
#4 C:\laragon\www\alquilando\system\CodeIgniter.php(318): CodeIgniter\CodeIgniter->handleRequest(NULL, Object(Config\Cache), false)
#5 C:\laragon\www\alquilando\public\index.php(37): CodeIgniter\CodeIgniter->run()
#6 {main}
