CRITICAL - 2024-04-04 01:17:29 --> Too few arguments to function App\Controllers\Pagos::updatepago(), 0 passed in C:\laragon\www\alquilando\system\CodeIgniter.php on line 823 and exactly 1 expected
#0 C:\laragon\www\alquilando\system\CodeIgniter.php(823): App\Controllers\Pagos->updatepago()
#1 C:\laragon\www\alquilando\system\CodeIgniter.php(410): CodeIgniter\CodeIgniter->runController(Object(App\Controllers\Pagos))
#2 C:\laragon\www\alquilando\system\CodeIgniter.php(318): CodeIgniter\CodeIgniter->handleRequest(NULL, Object(Config\Cache), false)
#3 C:\laragon\www\alquilando\public\index.php(37): CodeIgniter\CodeIgniter->run()
#4 {main}
CRITICAL - 2024-04-04 01:18:53 --> Too few arguments to function App\Controllers\Pagos::updatepago(), 0 passed in C:\laragon\www\alquilando\system\CodeIgniter.php on line 823 and exactly 1 expected
#0 C:\laragon\www\alquilando\system\CodeIgniter.php(823): App\Controllers\Pagos->updatepago()
#1 C:\laragon\www\alquilando\system\CodeIgniter.php(410): CodeIgniter\CodeIgniter->runController(Object(App\Controllers\Pagos))
#2 C:\laragon\www\alquilando\system\CodeIgniter.php(318): CodeIgniter\CodeIgniter->handleRequest(NULL, Object(Config\Cache), false)
#3 C:\laragon\www\alquilando\public\index.php(37): CodeIgniter\CodeIgniter->run()
#4 {main}
CRITICAL - 2024-04-04 01:35:33 --> syntax error, unexpected token "public", expecting end of file
#0 C:\laragon\www\alquilando\system\Router\Router.php(175): CodeIgniter\Router\Router->autoRoute('pagos/updatepag...')
#1 C:\laragon\www\alquilando\system\CodeIgniter.php(717): CodeIgniter\Router\Router->handle('pagos/updatepag...')
#2 C:\laragon\www\alquilando\system\CodeIgniter.php(359): CodeIgniter\CodeIgniter->tryToRouteIt(Object(CodeIgniter\Router\RouteCollection))
#3 C:\laragon\www\alquilando\system\CodeIgniter.php(318): CodeIgniter\CodeIgniter->handleRequest(NULL, Object(Config\Cache), false)
#4 C:\laragon\www\alquilando\public\index.php(37): CodeIgniter\CodeIgniter->run()
#5 {main}
CRITICAL - 2024-04-04 01:43:09 --> Undefined variable $idpagos
#0 C:\laragon\www\alquilando\app\Views\Admin\Pago\editarrecibo.php(49): CodeIgniter\Debug\Exceptions->errorHandler(2, 'Undefined varia...', 'C:\\laragon\\www\\...', 49)
#1 C:\laragon\www\alquilando\system\View\View.php(210): include('C:\\laragon\\www\\...')
#2 C:\laragon\www\alquilando\system\View\View.php(213): CodeIgniter\View\View->CodeIgniter\View\{closure}()
#3 C:\laragon\www\alquilando\system\Common.php(1094): CodeIgniter\View\View->render('/Admin/pago/edi...', Array, true)
#4 C:\laragon\www\alquilando\app\Controllers\Pagos.php(169): view('/Admin/pago/edi...', Array)
#5 C:\laragon\www\alquilando\system\CodeIgniter.php(823): App\Controllers\Pagos->editarReciboPDF('5')
#6 C:\laragon\www\alquilando\system\CodeIgniter.php(410): CodeIgniter\CodeIgniter->runController(Object(App\Controllers\Pagos))
#7 C:\laragon\www\alquilando\system\CodeIgniter.php(318): CodeIgniter\CodeIgniter->handleRequest(NULL, Object(Config\Cache), false)
#8 C:\laragon\www\alquilando\public\index.php(37): CodeIgniter\CodeIgniter->run()
#9 {main}
ERROR - 2024-04-04 01:47:02 --> Cannot add or update a child row: a foreign key constraint fails (`alquilando`.`pagos`, CONSTRAINT `pagos_ibfk_1` FOREIGN KEY (`id_inmueble`) REFERENCES `inmuebles` (`id_inmueble`))
CRITICAL - 2024-04-04 01:47:02 --> Cannot add or update a child row: a foreign key constraint fails (`alquilando`.`pagos`, CONSTRAINT `pagos_ibfk_1` FOREIGN KEY (`id_inmueble`) REFERENCES `inmuebles` (`id_inmueble`))
#0 C:\laragon\www\alquilando\system\Database\MySQLi\Connection.php(292): mysqli->query('UPDATE `pagos` ...', 0)
#1 C:\laragon\www\alquilando\system\Database\BaseConnection.php(670): CodeIgniter\Database\MySQLi\Connection->execute('UPDATE `pagos` ...')
#2 C:\laragon\www\alquilando\system\Database\BaseConnection.php(598): CodeIgniter\Database\BaseConnection->simpleQuery('UPDATE `pagos` ...')
#3 C:\laragon\www\alquilando\system\Database\BaseBuilder.php(1913): CodeIgniter\Database\BaseConnection->query('UPDATE `pagos` ...', Array, false)
#4 C:\laragon\www\alquilando\app\Models\PagoModel.php(67): CodeIgniter\Database\BaseBuilder->update(Array)
#5 C:\laragon\www\alquilando\app\Controllers\Pagos.php(208): App\Models\PagoModel->updatePago('4', Array)
#6 C:\laragon\www\alquilando\system\CodeIgniter.php(823): App\Controllers\Pagos->updatepago()
#7 C:\laragon\www\alquilando\system\CodeIgniter.php(410): CodeIgniter\CodeIgniter->runController(Object(App\Controllers\Pagos))
#8 C:\laragon\www\alquilando\system\CodeIgniter.php(318): CodeIgniter\CodeIgniter->handleRequest(NULL, Object(Config\Cache), false)
#9 C:\laragon\www\alquilando\public\index.php(37): CodeIgniter\CodeIgniter->run()
#10 {main}
ERROR - 2024-04-04 01:48:07 --> Cannot add or update a child row: a foreign key constraint fails (`alquilando`.`pagos`, CONSTRAINT `pagos_ibfk_1` FOREIGN KEY (`id_inmueble`) REFERENCES `inmuebles` (`id_inmueble`))
CRITICAL - 2024-04-04 01:48:07 --> Cannot add or update a child row: a foreign key constraint fails (`alquilando`.`pagos`, CONSTRAINT `pagos_ibfk_1` FOREIGN KEY (`id_inmueble`) REFERENCES `inmuebles` (`id_inmueble`))
#0 C:\laragon\www\alquilando\system\Database\MySQLi\Connection.php(292): mysqli->query('UPDATE `pagos` ...', 0)
#1 C:\laragon\www\alquilando\system\Database\BaseConnection.php(670): CodeIgniter\Database\MySQLi\Connection->execute('UPDATE `pagos` ...')
#2 C:\laragon\www\alquilando\system\Database\BaseConnection.php(598): CodeIgniter\Database\BaseConnection->simpleQuery('UPDATE `pagos` ...')
#3 C:\laragon\www\alquilando\system\Database\BaseBuilder.php(1913): CodeIgniter\Database\BaseConnection->query('UPDATE `pagos` ...', Array, false)
#4 C:\laragon\www\alquilando\app\Models\PagoModel.php(67): CodeIgniter\Database\BaseBuilder->update(Array)
#5 C:\laragon\www\alquilando\app\Controllers\Pagos.php(208): App\Models\PagoModel->updatePago('7', Array)
#6 C:\laragon\www\alquilando\system\CodeIgniter.php(823): App\Controllers\Pagos->updatepago()
#7 C:\laragon\www\alquilando\system\CodeIgniter.php(410): CodeIgniter\CodeIgniter->runController(Object(App\Controllers\Pagos))
#8 C:\laragon\www\alquilando\system\CodeIgniter.php(318): CodeIgniter\CodeIgniter->handleRequest(NULL, Object(Config\Cache), false)
#9 C:\laragon\www\alquilando\public\index.php(37): CodeIgniter\CodeIgniter->run()
#10 {main}
ERROR - 2024-04-04 01:52:06 --> Cannot add or update a child row: a foreign key constraint fails (`alquilando`.`pagos`, CONSTRAINT `pagos_ibfk_1` FOREIGN KEY (`id_inmueble`) REFERENCES `inmuebles` (`id_inmueble`))
CRITICAL - 2024-04-04 01:52:06 --> Cannot add or update a child row: a foreign key constraint fails (`alquilando`.`pagos`, CONSTRAINT `pagos_ibfk_1` FOREIGN KEY (`id_inmueble`) REFERENCES `inmuebles` (`id_inmueble`))
#0 C:\laragon\www\alquilando\system\Database\MySQLi\Connection.php(292): mysqli->query('UPDATE `pagos` ...', 0)
#1 C:\laragon\www\alquilando\system\Database\BaseConnection.php(670): CodeIgniter\Database\MySQLi\Connection->execute('UPDATE `pagos` ...')
#2 C:\laragon\www\alquilando\system\Database\BaseConnection.php(598): CodeIgniter\Database\BaseConnection->simpleQuery('UPDATE `pagos` ...')
#3 C:\laragon\www\alquilando\system\Database\BaseBuilder.php(1913): CodeIgniter\Database\BaseConnection->query('UPDATE `pagos` ...', Array, false)
#4 C:\laragon\www\alquilando\app\Models\PagoModel.php(67): CodeIgniter\Database\BaseBuilder->update(Array)
#5 C:\laragon\www\alquilando\app\Controllers\Pagos.php(209): App\Models\PagoModel->updatePago('5', Array)
#6 C:\laragon\www\alquilando\system\CodeIgniter.php(823): App\Controllers\Pagos->updatepago()
#7 C:\laragon\www\alquilando\system\CodeIgniter.php(410): CodeIgniter\CodeIgniter->runController(Object(App\Controllers\Pagos))
#8 C:\laragon\www\alquilando\system\CodeIgniter.php(318): CodeIgniter\CodeIgniter->handleRequest(NULL, Object(Config\Cache), false)
#9 C:\laragon\www\alquilando\public\index.php(37): CodeIgniter\CodeIgniter->run()
#10 {main}
ERROR - 2024-04-04 12:47:23 --> Unknown column 'condiion' in 'where clause'
CRITICAL - 2024-04-04 12:47:23 --> Unknown column 'condiion' in 'where clause'
#0 C:\laragon\www\alquilando\system\Database\MySQLi\Connection.php(292): mysqli->query('SELECT *\nFROM `...', 0)
#1 C:\laragon\www\alquilando\system\Database\BaseConnection.php(670): CodeIgniter\Database\MySQLi\Connection->execute('SELECT *\nFROM `...')
#2 C:\laragon\www\alquilando\system\Database\BaseConnection.php(598): CodeIgniter\Database\BaseConnection->simpleQuery('SELECT *\nFROM `...')
#3 C:\laragon\www\alquilando\system\Database\BaseBuilder.php(1455): CodeIgniter\Database\BaseConnection->query('SELECT *\nFROM `...', Array, false)
#4 C:\laragon\www\alquilando\system\Model.php(183): CodeIgniter\Database\BaseBuilder->get()
#5 C:\laragon\www\alquilando\system\BaseModel.php(584): CodeIgniter\Model->doFindAll(0, 0)
#6 C:\laragon\www\alquilando\app\Controllers\Pagos.php(66): CodeIgniter\BaseModel->findAll()
#7 C:\laragon\www\alquilando\system\CodeIgniter.php(823): App\Controllers\Pagos->hacerpago()
#8 C:\laragon\www\alquilando\system\CodeIgniter.php(410): CodeIgniter\CodeIgniter->runController(Object(App\Controllers\Pagos))
#9 C:\laragon\www\alquilando\system\CodeIgniter.php(318): CodeIgniter\CodeIgniter->handleRequest(NULL, Object(Config\Cache), false)
#10 C:\laragon\www\alquilando\public\index.php(37): CodeIgniter\CodeIgniter->run()
#11 {main}
ERROR - 2024-04-04 12:49:26 --> Unknown column 'condiion' in 'where clause'
CRITICAL - 2024-04-04 12:49:26 --> Unknown column 'condiion' in 'where clause'
#0 C:\laragon\www\alquilando\system\Database\MySQLi\Connection.php(292): mysqli->query('SELECT *\nFROM `...', 0)
#1 C:\laragon\www\alquilando\system\Database\BaseConnection.php(670): CodeIgniter\Database\MySQLi\Connection->execute('SELECT *\nFROM `...')
#2 C:\laragon\www\alquilando\system\Database\BaseConnection.php(598): CodeIgniter\Database\BaseConnection->simpleQuery('SELECT *\nFROM `...')
#3 C:\laragon\www\alquilando\system\Database\BaseBuilder.php(1455): CodeIgniter\Database\BaseConnection->query('SELECT *\nFROM `...', Array, false)
#4 C:\laragon\www\alquilando\system\Model.php(183): CodeIgniter\Database\BaseBuilder->get()
#5 C:\laragon\www\alquilando\system\BaseModel.php(584): CodeIgniter\Model->doFindAll(0, 0)
#6 C:\laragon\www\alquilando\app\Controllers\Pagos.php(66): CodeIgniter\BaseModel->findAll()
#7 C:\laragon\www\alquilando\system\CodeIgniter.php(823): App\Controllers\Pagos->hacerpago()
#8 C:\laragon\www\alquilando\system\CodeIgniter.php(410): CodeIgniter\CodeIgniter->runController(Object(App\Controllers\Pagos))
#9 C:\laragon\www\alquilando\system\CodeIgniter.php(318): CodeIgniter\CodeIgniter->handleRequest(NULL, Object(Config\Cache), false)
#10 C:\laragon\www\alquilando\public\index.php(37): CodeIgniter\CodeIgniter->run()
#11 {main}
ERROR - 2024-04-04 12:49:31 --> Unknown column 'condiion' in 'where clause'
CRITICAL - 2024-04-04 12:49:31 --> Unknown column 'condiion' in 'where clause'
#0 C:\laragon\www\alquilando\system\Database\MySQLi\Connection.php(292): mysqli->query('SELECT *\nFROM `...', 0)
#1 C:\laragon\www\alquilando\system\Database\BaseConnection.php(670): CodeIgniter\Database\MySQLi\Connection->execute('SELECT *\nFROM `...')
#2 C:\laragon\www\alquilando\system\Database\BaseConnection.php(598): CodeIgniter\Database\BaseConnection->simpleQuery('SELECT *\nFROM `...')
#3 C:\laragon\www\alquilando\system\Database\BaseBuilder.php(1455): CodeIgniter\Database\BaseConnection->query('SELECT *\nFROM `...', Array, false)
#4 C:\laragon\www\alquilando\system\Model.php(183): CodeIgniter\Database\BaseBuilder->get()
#5 C:\laragon\www\alquilando\system\BaseModel.php(584): CodeIgniter\Model->doFindAll(0, 0)
#6 C:\laragon\www\alquilando\app\Controllers\Pagos.php(66): CodeIgniter\BaseModel->findAll()
#7 C:\laragon\www\alquilando\system\CodeIgniter.php(823): App\Controllers\Pagos->hacerpago()
#8 C:\laragon\www\alquilando\system\CodeIgniter.php(410): CodeIgniter\CodeIgniter->runController(Object(App\Controllers\Pagos))
#9 C:\laragon\www\alquilando\system\CodeIgniter.php(318): CodeIgniter\CodeIgniter->handleRequest(NULL, Object(Config\Cache), false)
#10 C:\laragon\www\alquilando\public\index.php(37): CodeIgniter\CodeIgniter->run()
#11 {main}
ERROR - 2024-04-04 18:16:46 --> Cannot delete or update a parent row: a foreign key constraint fails (`alquilando`.`pagos`, CONSTRAINT `pagos_ibfk_2` FOREIGN KEY (`id_usuario`) REFERENCES `usuario` (`idusuario`))
CRITICAL - 2024-04-04 18:16:46 --> Cannot delete or update a parent row: a foreign key constraint fails (`alquilando`.`pagos`, CONSTRAINT `pagos_ibfk_2` FOREIGN KEY (`id_usuario`) REFERENCES `usuario` (`idusuario`))
#0 C:\laragon\www\alquilando\system\Database\MySQLi\Connection.php(292): mysqli->query('DELETE FROM `us...', 0)
#1 C:\laragon\www\alquilando\system\Database\BaseConnection.php(670): CodeIgniter\Database\MySQLi\Connection->execute('DELETE FROM `us...')
#2 C:\laragon\www\alquilando\system\Database\BaseConnection.php(598): CodeIgniter\Database\BaseConnection->simpleQuery('DELETE FROM `us...')
#3 C:\laragon\www\alquilando\system\Database\BaseBuilder.php(2225): CodeIgniter\Database\BaseConnection->query('DELETE FROM `us...', Array, false)
#4 C:\laragon\www\alquilando\system\Model.php(359): CodeIgniter\Database\BaseBuilder->delete()
#5 C:\laragon\www\alquilando\system\BaseModel.php(963): CodeIgniter\Model->doDelete(Array, false)
#6 C:\laragon\www\alquilando\app\Controllers\Usuarios.php(250): CodeIgniter\BaseModel->delete(Array)
#7 C:\laragon\www\alquilando\system\CodeIgniter.php(823): App\Controllers\Usuarios->borrar('12')
#8 C:\laragon\www\alquilando\system\CodeIgniter.php(410): CodeIgniter\CodeIgniter->runController(Object(App\Controllers\Usuarios))
#9 C:\laragon\www\alquilando\system\CodeIgniter.php(318): CodeIgniter\CodeIgniter->handleRequest(NULL, Object(Config\Cache), false)
#10 C:\laragon\www\alquilando\public\index.php(37): CodeIgniter\CodeIgniter->run()
#11 {main}
CRITICAL - 2024-04-04 18:30:45 --> Call to undefined method App\Models\PagoModel::direct
#0 C:\laragon\www\alquilando\app\Controllers\Pagos.php(224): CodeIgniter\Model->__call('direct', Array)
#1 C:\laragon\www\alquilando\system\CodeIgniter.php(823): App\Controllers\Pagos->delete('8')
#2 C:\laragon\www\alquilando\system\CodeIgniter.php(410): CodeIgniter\CodeIgniter->runController(Object(App\Controllers\Pagos))
#3 C:\laragon\www\alquilando\system\CodeIgniter.php(318): CodeIgniter\CodeIgniter->handleRequest(NULL, Object(Config\Cache), false)
#4 C:\laragon\www\alquilando\public\index.php(37): CodeIgniter\CodeIgniter->run()
#5 {main}
CRITICAL - 2024-04-04 21:22:37 --> Undefined variable $p
#0 C:\laragon\www\alquilando\app\Views\Admin\Pago\editarrecibo.php(128): CodeIgniter\Debug\Exceptions->errorHandler(2, 'Undefined varia...', 'C:\\laragon\\www\\...', 128)
#1 C:\laragon\www\alquilando\system\View\View.php(210): include('C:\\laragon\\www\\...')
#2 C:\laragon\www\alquilando\system\View\View.php(213): CodeIgniter\View\View->CodeIgniter\View\{closure}()
#3 C:\laragon\www\alquilando\system\Common.php(1094): CodeIgniter\View\View->render('/Admin/pago/edi...', Array, true)
#4 C:\laragon\www\alquilando\app\Controllers\Pagos.php(169): view('/Admin/pago/edi...', Array)
#5 C:\laragon\www\alquilando\system\CodeIgniter.php(823): App\Controllers\Pagos->editarReciboPDF('7')
#6 C:\laragon\www\alquilando\system\CodeIgniter.php(410): CodeIgniter\CodeIgniter->runController(Object(App\Controllers\Pagos))
#7 C:\laragon\www\alquilando\system\CodeIgniter.php(318): CodeIgniter\CodeIgniter->handleRequest(NULL, Object(Config\Cache), false)
#8 C:\laragon\www\alquilando\public\index.php(37): CodeIgniter\CodeIgniter->run()
#9 {main}
CRITICAL - 2024-04-04 21:23:01 --> Undefined array key "activo"
#0 C:\laragon\www\alquilando\app\Views\Admin\Pago\editarrecibo.php(128): CodeIgniter\Debug\Exceptions->errorHandler(2, 'Undefined array...', 'C:\\laragon\\www\\...', 128)
#1 C:\laragon\www\alquilando\system\View\View.php(210): include('C:\\laragon\\www\\...')
#2 C:\laragon\www\alquilando\system\View\View.php(213): CodeIgniter\View\View->CodeIgniter\View\{closure}()
#3 C:\laragon\www\alquilando\system\Common.php(1094): CodeIgniter\View\View->render('/Admin/pago/edi...', Array, true)
#4 C:\laragon\www\alquilando\app\Controllers\Pagos.php(169): view('/Admin/pago/edi...', Array)
#5 C:\laragon\www\alquilando\system\CodeIgniter.php(823): App\Controllers\Pagos->editarReciboPDF('7')
#6 C:\laragon\www\alquilando\system\CodeIgniter.php(410): CodeIgniter\CodeIgniter->runController(Object(App\Controllers\Pagos))
#7 C:\laragon\www\alquilando\system\CodeIgniter.php(318): CodeIgniter\CodeIgniter->handleRequest(NULL, Object(Config\Cache), false)
#8 C:\laragon\www\alquilando\public\index.php(37): CodeIgniter\CodeIgniter->run()
#9 {main}
CRITICAL - 2024-04-04 21:23:32 --> Undefined variable $inquilinoTraidoPorIdPago
#0 C:\laragon\www\alquilando\app\Views\Admin\Pago\editarrecibo.php(128): CodeIgniter\Debug\Exceptions->errorHandler(2, 'Undefined varia...', 'C:\\laragon\\www\\...', 128)
#1 C:\laragon\www\alquilando\system\View\View.php(210): include('C:\\laragon\\www\\...')
#2 C:\laragon\www\alquilando\system\View\View.php(213): CodeIgniter\View\View->CodeIgniter\View\{closure}()
#3 C:\laragon\www\alquilando\system\Common.php(1094): CodeIgniter\View\View->render('/Admin/pago/edi...', Array, true)
#4 C:\laragon\www\alquilando\app\Controllers\Pagos.php(169): view('/Admin/pago/edi...', Array)
#5 C:\laragon\www\alquilando\system\CodeIgniter.php(823): App\Controllers\Pagos->editarReciboPDF('7')
#6 C:\laragon\www\alquilando\system\CodeIgniter.php(410): CodeIgniter\CodeIgniter->runController(Object(App\Controllers\Pagos))
#7 C:\laragon\www\alquilando\system\CodeIgniter.php(318): CodeIgniter\CodeIgniter->handleRequest(NULL, Object(Config\Cache), false)
#8 C:\laragon\www\alquilando\public\index.php(37): CodeIgniter\CodeIgniter->run()
#9 {main}
CRITICAL - 2024-04-04 21:24:12 --> Undefined variable $InquilinoTraidoPorIdPago
#0 C:\laragon\www\alquilando\app\Views\Admin\Pago\editarrecibo.php(128): CodeIgniter\Debug\Exceptions->errorHandler(2, 'Undefined varia...', 'C:\\laragon\\www\\...', 128)
#1 C:\laragon\www\alquilando\system\View\View.php(210): include('C:\\laragon\\www\\...')
#2 C:\laragon\www\alquilando\system\View\View.php(213): CodeIgniter\View\View->CodeIgniter\View\{closure}()
#3 C:\laragon\www\alquilando\system\Common.php(1094): CodeIgniter\View\View->render('/Admin/pago/edi...', Array, true)
#4 C:\laragon\www\alquilando\app\Controllers\Pagos.php(169): view('/Admin/pago/edi...', Array)
#5 C:\laragon\www\alquilando\system\CodeIgniter.php(823): App\Controllers\Pagos->editarReciboPDF('7')
#6 C:\laragon\www\alquilando\system\CodeIgniter.php(410): CodeIgniter\CodeIgniter->runController(Object(App\Controllers\Pagos))
#7 C:\laragon\www\alquilando\system\CodeIgniter.php(318): CodeIgniter\CodeIgniter->handleRequest(NULL, Object(Config\Cache), false)
#8 C:\laragon\www\alquilando\public\index.php(37): CodeIgniter\CodeIgniter->run()
#9 {main}
CRITICAL - 2024-04-04 21:50:29 --> Call to a member function update() on array
#0 C:\laragon\www\alquilando\system\CodeIgniter.php(823): App\Controllers\Pagos->validarpago('9')
#1 C:\laragon\www\alquilando\system\CodeIgniter.php(410): CodeIgniter\CodeIgniter->runController(Object(App\Controllers\Pagos))
#2 C:\laragon\www\alquilando\system\CodeIgniter.php(318): CodeIgniter\CodeIgniter->handleRequest(NULL, Object(Config\Cache), false)
#3 C:\laragon\www\alquilando\public\index.php(37): CodeIgniter\CodeIgniter->run()
#4 {main}
