CRITICAL - 2023-07-11 23:04:40 --> Undefined constant "cantidadinmo"
#0 C:\laragon\www\alquilando\system\View\View.php(210): include()
#1 C:\laragon\www\alquilando\system\View\View.php(213): CodeIgniter\View\View->CodeIgniter\View\{closure}()
#2 C:\laragon\www\alquilando\system\View\View.php(424): CodeIgniter\View\View->render('Admin/Layout/as...', NULL, true)
#3 C:\laragon\www\alquilando\app\Views\Admin\Layout\main.php(5): CodeIgniter\View\View->include('Admin/Layout/as...')
#4 C:\laragon\www\alquilando\system\View\View.php(210): include('C:\\laragon\\www\\...')
#5 C:\laragon\www\alquilando\system\View\View.php(213): CodeIgniter\View\View->CodeIgniter\View\{closure}()
#6 C:\laragon\www\alquilando\system\View\View.php(226): CodeIgniter\View\View->render('Admin/Layout/ma...', Array, true)
#7 C:\laragon\www\alquilando\system\Common.php(1094): CodeIgniter\View\View->render('/Admin/Home/ind...', Array, true)
#8 C:\laragon\www\alquilando\app\Controllers\Home.php(25): view('/Admin/Home/ind...', Array)
#9 C:\laragon\www\alquilando\system\CodeIgniter.php(823): App\Controllers\Home->index()
#10 C:\laragon\www\alquilando\system\CodeIgniter.php(410): CodeIgniter\CodeIgniter->runController(Object(App\Controllers\Home))
#11 C:\laragon\www\alquilando\system\CodeIgniter.php(318): CodeIgniter\CodeIgniter->handleRequest(NULL, Object(Config\Cache), false)
#12 C:\laragon\www\alquilando\public\index.php(37): CodeIgniter\CodeIgniter->run()
#13 {main}
CRITICAL - 2023-07-11 23:04:42 --> Undefined constant "cantidadinmo"
#0 C:\laragon\www\alquilando\system\View\View.php(210): include()
#1 C:\laragon\www\alquilando\system\View\View.php(213): CodeIgniter\View\View->CodeIgniter\View\{closure}()
#2 C:\laragon\www\alquilando\system\View\View.php(424): CodeIgniter\View\View->render('Admin/Layout/as...', NULL, true)
#3 C:\laragon\www\alquilando\app\Views\Admin\Layout\main.php(5): CodeIgniter\View\View->include('Admin/Layout/as...')
#4 C:\laragon\www\alquilando\system\View\View.php(210): include('C:\\laragon\\www\\...')
#5 C:\laragon\www\alquilando\system\View\View.php(213): CodeIgniter\View\View->CodeIgniter\View\{closure}()
#6 C:\laragon\www\alquilando\system\View\View.php(226): CodeIgniter\View\View->render('Admin/Layout/ma...', Array, true)
#7 C:\laragon\www\alquilando\system\Common.php(1094): CodeIgniter\View\View->render('/Admin/home/inm...', Array, true)
#8 C:\laragon\www\alquilando\app\Controllers\Inmuebles.php(54): view('/Admin/home/inm...', Array)
#9 C:\laragon\www\alquilando\system\CodeIgniter.php(823): App\Controllers\Inmuebles->listar()
#10 C:\laragon\www\alquilando\system\CodeIgniter.php(410): CodeIgniter\CodeIgniter->runController(Object(App\Controllers\Inmuebles))
#11 C:\laragon\www\alquilando\system\CodeIgniter.php(318): CodeIgniter\CodeIgniter->handleRequest(NULL, Object(Config\Cache), false)
#12 C:\laragon\www\alquilando\public\index.php(37): CodeIgniter\CodeIgniter->run()
#13 {main}
CRITICAL - 2023-07-11 23:05:31 --> Undefined constant "cantidadinmo"
#0 C:\laragon\www\alquilando\system\View\View.php(210): include()
#1 C:\laragon\www\alquilando\system\View\View.php(213): CodeIgniter\View\View->CodeIgniter\View\{closure}()
#2 C:\laragon\www\alquilando\system\View\View.php(424): CodeIgniter\View\View->render('Admin/Layout/as...', NULL, true)
#3 C:\laragon\www\alquilando\app\Views\Admin\Layout\main.php(5): CodeIgniter\View\View->include('Admin/Layout/as...')
#4 C:\laragon\www\alquilando\system\View\View.php(210): include('C:\\laragon\\www\\...')
#5 C:\laragon\www\alquilando\system\View\View.php(213): CodeIgniter\View\View->CodeIgniter\View\{closure}()
#6 C:\laragon\www\alquilando\system\View\View.php(226): CodeIgniter\View\View->render('Admin/Layout/ma...', Array, true)
#7 C:\laragon\www\alquilando\system\Common.php(1094): CodeIgniter\View\View->render('/Admin/home/inm...', Array, true)
#8 C:\laragon\www\alquilando\app\Controllers\Inmuebles.php(54): view('/Admin/home/inm...', Array)
#9 C:\laragon\www\alquilando\system\CodeIgniter.php(823): App\Controllers\Inmuebles->listar()
#10 C:\laragon\www\alquilando\system\CodeIgniter.php(410): CodeIgniter\CodeIgniter->runController(Object(App\Controllers\Inmuebles))
#11 C:\laragon\www\alquilando\system\CodeIgniter.php(318): CodeIgniter\CodeIgniter->handleRequest(NULL, Object(Config\Cache), false)
#12 C:\laragon\www\alquilando\public\index.php(37): CodeIgniter\CodeIgniter->run()
#13 {main}
CRITICAL - 2023-07-11 23:05:32 --> Undefined constant "cantidadinmo"
#0 C:\laragon\www\alquilando\system\View\View.php(210): include()
#1 C:\laragon\www\alquilando\system\View\View.php(213): CodeIgniter\View\View->CodeIgniter\View\{closure}()
#2 C:\laragon\www\alquilando\system\View\View.php(424): CodeIgniter\View\View->render('Admin/Layout/as...', NULL, true)
#3 C:\laragon\www\alquilando\app\Views\Admin\Layout\main.php(5): CodeIgniter\View\View->include('Admin/Layout/as...')
#4 C:\laragon\www\alquilando\system\View\View.php(210): include('C:\\laragon\\www\\...')
#5 C:\laragon\www\alquilando\system\View\View.php(213): CodeIgniter\View\View->CodeIgniter\View\{closure}()
#6 C:\laragon\www\alquilando\system\View\View.php(226): CodeIgniter\View\View->render('Admin/Layout/ma...', Array, true)
#7 C:\laragon\www\alquilando\system\Common.php(1094): CodeIgniter\View\View->render('/Admin/home/inm...', Array, true)
#8 C:\laragon\www\alquilando\app\Controllers\Inmuebles.php(54): view('/Admin/home/inm...', Array)
#9 C:\laragon\www\alquilando\system\CodeIgniter.php(823): App\Controllers\Inmuebles->listar()
#10 C:\laragon\www\alquilando\system\CodeIgniter.php(410): CodeIgniter\CodeIgniter->runController(Object(App\Controllers\Inmuebles))
#11 C:\laragon\www\alquilando\system\CodeIgniter.php(318): CodeIgniter\CodeIgniter->handleRequest(NULL, Object(Config\Cache), false)
#12 C:\laragon\www\alquilando\public\index.php(37): CodeIgniter\CodeIgniter->run()
#13 {main}
CRITICAL - 2023-07-11 23:07:08 --> Undefined constant "cantidadinmo"
#0 C:\laragon\www\alquilando\system\View\View.php(210): include()
#1 C:\laragon\www\alquilando\system\View\View.php(213): CodeIgniter\View\View->CodeIgniter\View\{closure}()
#2 C:\laragon\www\alquilando\system\View\View.php(424): CodeIgniter\View\View->render('Admin/Layout/as...', NULL, true)
#3 C:\laragon\www\alquilando\app\Views\Admin\Layout\main.php(5): CodeIgniter\View\View->include('Admin/Layout/as...')
#4 C:\laragon\www\alquilando\system\View\View.php(210): include('C:\\laragon\\www\\...')
#5 C:\laragon\www\alquilando\system\View\View.php(213): CodeIgniter\View\View->CodeIgniter\View\{closure}()
#6 C:\laragon\www\alquilando\system\View\View.php(226): CodeIgniter\View\View->render('Admin/Layout/ma...', Array, true)
#7 C:\laragon\www\alquilando\system\Common.php(1094): CodeIgniter\View\View->render('/Admin/home/inm...', Array, true)
#8 C:\laragon\www\alquilando\app\Controllers\Inmuebles.php(54): view('/Admin/home/inm...', Array)
#9 C:\laragon\www\alquilando\system\CodeIgniter.php(823): App\Controllers\Inmuebles->listar()
#10 C:\laragon\www\alquilando\system\CodeIgniter.php(410): CodeIgniter\CodeIgniter->runController(Object(App\Controllers\Inmuebles))
#11 C:\laragon\www\alquilando\system\CodeIgniter.php(318): CodeIgniter\CodeIgniter->handleRequest(NULL, Object(Config\Cache), false)
#12 C:\laragon\www\alquilando\public\index.php(37): CodeIgniter\CodeIgniter->run()
#13 {main}
CRITICAL - 2023-07-11 23:07:30 --> Undefined constant "cantidadinmo"
#0 C:\laragon\www\alquilando\system\View\View.php(210): include()
#1 C:\laragon\www\alquilando\system\View\View.php(213): CodeIgniter\View\View->CodeIgniter\View\{closure}()
#2 C:\laragon\www\alquilando\system\View\View.php(424): CodeIgniter\View\View->render('Admin/Layout/as...', NULL, true)
#3 C:\laragon\www\alquilando\app\Views\Admin\Layout\main.php(5): CodeIgniter\View\View->include('Admin/Layout/as...')
#4 C:\laragon\www\alquilando\system\View\View.php(210): include('C:\\laragon\\www\\...')
#5 C:\laragon\www\alquilando\system\View\View.php(213): CodeIgniter\View\View->CodeIgniter\View\{closure}()
#6 C:\laragon\www\alquilando\system\View\View.php(226): CodeIgniter\View\View->render('Admin/Layout/ma...', Array, true)
#7 C:\laragon\www\alquilando\system\Common.php(1094): CodeIgniter\View\View->render('/Admin/home/inm...', Array, true)
#8 C:\laragon\www\alquilando\app\Controllers\Inmuebles.php(54): view('/Admin/home/inm...', Array)
#9 C:\laragon\www\alquilando\system\CodeIgniter.php(823): App\Controllers\Inmuebles->listar()
#10 C:\laragon\www\alquilando\system\CodeIgniter.php(410): CodeIgniter\CodeIgniter->runController(Object(App\Controllers\Inmuebles))
#11 C:\laragon\www\alquilando\system\CodeIgniter.php(318): CodeIgniter\CodeIgniter->handleRequest(NULL, Object(Config\Cache), false)
#12 C:\laragon\www\alquilando\public\index.php(37): CodeIgniter\CodeIgniter->run()
#13 {main}
CRITICAL - 2023-07-11 23:07:31 --> Undefined constant "cantidadinmo"
#0 C:\laragon\www\alquilando\system\View\View.php(210): include()
#1 C:\laragon\www\alquilando\system\View\View.php(213): CodeIgniter\View\View->CodeIgniter\View\{closure}()
#2 C:\laragon\www\alquilando\system\View\View.php(424): CodeIgniter\View\View->render('Admin/Layout/as...', NULL, true)
#3 C:\laragon\www\alquilando\app\Views\Admin\Layout\main.php(5): CodeIgniter\View\View->include('Admin/Layout/as...')
#4 C:\laragon\www\alquilando\system\View\View.php(210): include('C:\\laragon\\www\\...')
#5 C:\laragon\www\alquilando\system\View\View.php(213): CodeIgniter\View\View->CodeIgniter\View\{closure}()
#6 C:\laragon\www\alquilando\system\View\View.php(226): CodeIgniter\View\View->render('Admin/Layout/ma...', Array, true)
#7 C:\laragon\www\alquilando\system\Common.php(1094): CodeIgniter\View\View->render('/Admin/home/inm...', Array, true)
#8 C:\laragon\www\alquilando\app\Controllers\Inmuebles.php(54): view('/Admin/home/inm...', Array)
#9 C:\laragon\www\alquilando\system\CodeIgniter.php(823): App\Controllers\Inmuebles->listar()
#10 C:\laragon\www\alquilando\system\CodeIgniter.php(410): CodeIgniter\CodeIgniter->runController(Object(App\Controllers\Inmuebles))
#11 C:\laragon\www\alquilando\system\CodeIgniter.php(318): CodeIgniter\CodeIgniter->handleRequest(NULL, Object(Config\Cache), false)
#12 C:\laragon\www\alquilando\public\index.php(37): CodeIgniter\CodeIgniter->run()
#13 {main}
CRITICAL - 2023-07-11 23:07:32 --> Undefined constant "cantidadinmo"
#0 C:\laragon\www\alquilando\system\View\View.php(210): include()
#1 C:\laragon\www\alquilando\system\View\View.php(213): CodeIgniter\View\View->CodeIgniter\View\{closure}()
#2 C:\laragon\www\alquilando\system\View\View.php(424): CodeIgniter\View\View->render('Admin/Layout/as...', NULL, true)
#3 C:\laragon\www\alquilando\app\Views\Admin\Layout\main.php(5): CodeIgniter\View\View->include('Admin/Layout/as...')
#4 C:\laragon\www\alquilando\system\View\View.php(210): include('C:\\laragon\\www\\...')
#5 C:\laragon\www\alquilando\system\View\View.php(213): CodeIgniter\View\View->CodeIgniter\View\{closure}()
#6 C:\laragon\www\alquilando\system\View\View.php(226): CodeIgniter\View\View->render('Admin/Layout/ma...', Array, true)
#7 C:\laragon\www\alquilando\system\Common.php(1094): CodeIgniter\View\View->render('/Admin/home/inm...', Array, true)
#8 C:\laragon\www\alquilando\app\Controllers\Inmuebles.php(54): view('/Admin/home/inm...', Array)
#9 C:\laragon\www\alquilando\system\CodeIgniter.php(823): App\Controllers\Inmuebles->listar()
#10 C:\laragon\www\alquilando\system\CodeIgniter.php(410): CodeIgniter\CodeIgniter->runController(Object(App\Controllers\Inmuebles))
#11 C:\laragon\www\alquilando\system\CodeIgniter.php(318): CodeIgniter\CodeIgniter->handleRequest(NULL, Object(Config\Cache), false)
#12 C:\laragon\www\alquilando\public\index.php(37): CodeIgniter\CodeIgniter->run()
#13 {main}
CRITICAL - 2023-07-11 23:08:10 --> Undefined constant "cantidadinmo"
#0 C:\laragon\www\alquilando\system\View\View.php(210): include()
#1 C:\laragon\www\alquilando\system\View\View.php(213): CodeIgniter\View\View->CodeIgniter\View\{closure}()
#2 C:\laragon\www\alquilando\system\View\View.php(424): CodeIgniter\View\View->render('Admin/Layout/as...', NULL, true)
#3 C:\laragon\www\alquilando\app\Views\Admin\Layout\main.php(5): CodeIgniter\View\View->include('Admin/Layout/as...')
#4 C:\laragon\www\alquilando\system\View\View.php(210): include('C:\\laragon\\www\\...')
#5 C:\laragon\www\alquilando\system\View\View.php(213): CodeIgniter\View\View->CodeIgniter\View\{closure}()
#6 C:\laragon\www\alquilando\system\View\View.php(226): CodeIgniter\View\View->render('Admin/Layout/ma...', Array, true)
#7 C:\laragon\www\alquilando\system\Common.php(1094): CodeIgniter\View\View->render('/Admin/home/inm...', Array, true)
#8 C:\laragon\www\alquilando\app\Controllers\Inmuebles.php(54): view('/Admin/home/inm...', Array)
#9 C:\laragon\www\alquilando\system\CodeIgniter.php(823): App\Controllers\Inmuebles->listar()
#10 C:\laragon\www\alquilando\system\CodeIgniter.php(410): CodeIgniter\CodeIgniter->runController(Object(App\Controllers\Inmuebles))
#11 C:\laragon\www\alquilando\system\CodeIgniter.php(318): CodeIgniter\CodeIgniter->handleRequest(NULL, Object(Config\Cache), false)
#12 C:\laragon\www\alquilando\public\index.php(37): CodeIgniter\CodeIgniter->run()
#13 {main}
CRITICAL - 2023-07-11 23:13:44 --> Too few arguments to function App\Controllers\Home::index(), 0 passed in C:\laragon\www\alquilando\system\CodeIgniter.php on line 823 and at least 1 expected
#0 C:\laragon\www\alquilando\system\CodeIgniter.php(823): App\Controllers\Home->index()
#1 C:\laragon\www\alquilando\system\CodeIgniter.php(410): CodeIgniter\CodeIgniter->runController(Object(App\Controllers\Home))
#2 C:\laragon\www\alquilando\system\CodeIgniter.php(318): CodeIgniter\CodeIgniter->handleRequest(NULL, Object(Config\Cache), false)
#3 C:\laragon\www\alquilando\public\index.php(37): CodeIgniter\CodeIgniter->run()
#4 {main}
