CRITICAL - 2022-11-18 22:40:20 --> Invalid file: admin/login.php
#0 C:\laragon\www\alquilando\system\View\View.php(198): CodeIgniter\Exceptions\FrameworkException::forInvalidFile('admin/login.php')
#1 C:\laragon\www\alquilando\system\Common.php(1094): CodeIgniter\View\View->render('admin/login', Array, true)
#2 C:\laragon\www\alquilando\app\Controllers\Login.php(14): view('admin/login', Array)
#3 C:\laragon\www\alquilando\system\CodeIgniter.php(823): App\Controllers\Login->index()
#4 C:\laragon\www\alquilando\system\CodeIgniter.php(410): CodeIgniter\CodeIgniter->runController(Object(App\Controllers\Login))
#5 C:\laragon\www\alquilando\system\CodeIgniter.php(318): CodeIgniter\CodeIgniter->handleRequest(NULL, Object(Config\Cache), false)
#6 C:\laragon\www\alquilando\public\index.php(37): CodeIgniter\CodeIgniter->run()
#7 {main}
CRITICAL - 2022-11-18 22:41:04 --> Invalid file: admin/inmuebles.php
#0 C:\laragon\www\alquilando\system\View\View.php(198): CodeIgniter\Exceptions\FrameworkException::forInvalidFile('admin/inmuebles...')
#1 C:\laragon\www\alquilando\system\Common.php(1094): CodeIgniter\View\View->render('admin/inmuebles', Array, true)
#2 C:\laragon\www\alquilando\app\Controllers\Login.php(14): view('admin/inmuebles', Array)
#3 C:\laragon\www\alquilando\system\CodeIgniter.php(823): App\Controllers\Login->index()
#4 C:\laragon\www\alquilando\system\CodeIgniter.php(410): CodeIgniter\CodeIgniter->runController(Object(App\Controllers\Login))
#5 C:\laragon\www\alquilando\system\CodeIgniter.php(318): CodeIgniter\CodeIgniter->handleRequest(NULL, Object(Config\Cache), false)
#6 C:\laragon\www\alquilando\public\index.php(37): CodeIgniter\CodeIgniter->run()
#7 {main}
CRITICAL - 2022-11-18 22:41:21 --> Invalid file: admin/inmuebles/index.php
#0 C:\laragon\www\alquilando\system\View\View.php(198): CodeIgniter\Exceptions\FrameworkException::forInvalidFile('admin/inmuebles...')
#1 C:\laragon\www\alquilando\system\Common.php(1094): CodeIgniter\View\View->render('admin/inmuebles...', Array, true)
#2 C:\laragon\www\alquilando\app\Controllers\Login.php(14): view('admin/inmuebles...', Array)
#3 C:\laragon\www\alquilando\system\CodeIgniter.php(823): App\Controllers\Login->index()
#4 C:\laragon\www\alquilando\system\CodeIgniter.php(410): CodeIgniter\CodeIgniter->runController(Object(App\Controllers\Login))
#5 C:\laragon\www\alquilando\system\CodeIgniter.php(318): CodeIgniter\CodeIgniter->handleRequest(NULL, Object(Config\Cache), false)
#6 C:\laragon\www\alquilando\public\index.php(37): CodeIgniter\CodeIgniter->run()
#7 {main}
CRITICAL - 2022-11-18 22:42:16 --> Invalid file: admin/home.php
#0 C:\laragon\www\alquilando\system\View\View.php(198): CodeIgniter\Exceptions\FrameworkException::forInvalidFile('admin/home.php')
#1 C:\laragon\www\alquilando\system\Common.php(1094): CodeIgniter\View\View->render('admin/home', Array, true)
#2 C:\laragon\www\alquilando\app\Controllers\Login.php(14): view('admin/home', Array)
#3 C:\laragon\www\alquilando\system\CodeIgniter.php(823): App\Controllers\Login->index()
#4 C:\laragon\www\alquilando\system\CodeIgniter.php(410): CodeIgniter\CodeIgniter->runController(Object(App\Controllers\Login))
#5 C:\laragon\www\alquilando\system\CodeIgniter.php(318): CodeIgniter\CodeIgniter->handleRequest(NULL, Object(Config\Cache), false)
#6 C:\laragon\www\alquilando\public\index.php(37): CodeIgniter\CodeIgniter->run()
#7 {main}
CRITICAL - 2022-11-18 22:42:48 --> Invalid file: /Admin/home/.php
#0 C:\laragon\www\alquilando\system\View\View.php(198): CodeIgniter\Exceptions\FrameworkException::forInvalidFile('/Admin/home/.ph...')
#1 C:\laragon\www\alquilando\system\Common.php(1094): CodeIgniter\View\View->render('/Admin/home/', Array, true)
#2 C:\laragon\www\alquilando\app\Controllers\Login.php(14): view('/Admin/home/', Array)
#3 C:\laragon\www\alquilando\system\CodeIgniter.php(823): App\Controllers\Login->index()
#4 C:\laragon\www\alquilando\system\CodeIgniter.php(410): CodeIgniter\CodeIgniter->runController(Object(App\Controllers\Login))
#5 C:\laragon\www\alquilando\system\CodeIgniter.php(318): CodeIgniter\CodeIgniter->handleRequest(NULL, Object(Config\Cache), false)
#6 C:\laragon\www\alquilando\public\index.php(37): CodeIgniter\CodeIgniter->run()
#7 {main}
