CRITICAL - 2022-12-27 18:21:50 --> syntax error, unexpected token "!", expecting variable
#0 C:\laragon\www\alquilando\system\Autoloader\Autoloader.php(241): CodeIgniter\Autoloader\Autoloader->includeFile('C:\\laragon\\www\\...')
#1 C:\laragon\www\alquilando\system\Autoloader\Autoloader.php(219): CodeIgniter\Autoloader\Autoloader->loadInNamespace('App\\Controllers...')
#2 [internal function]: CodeIgniter\Autoloader\Autoloader->loadClass('App\\Controllers...')
#3 C:\laragon\www\alquilando\system\CodeIgniter.php(788): class_exists('\\App\\Controller...', true)
#4 C:\laragon\www\alquilando\system\CodeIgniter.php(397): CodeIgniter\CodeIgniter->startController()
#5 C:\laragon\www\alquilando\system\CodeIgniter.php(318): CodeIgniter\CodeIgniter->handleRequest(NULL, Object(Config\Cache), false)
#6 C:\laragon\www\alquilando\public\index.php(37): CodeIgniter\CodeIgniter->run()
#7 {main}
CRITICAL - 2022-12-27 21:26:39 --> Object of class CodeIgniter\Database\MySQLi\Result could not be converted to string
#0 C:\laragon\www\alquilando\system\CodeIgniter.php(823): App\Controllers\Home->index()
#1 C:\laragon\www\alquilando\system\CodeIgniter.php(410): CodeIgniter\CodeIgniter->runController(Object(App\Controllers\Home))
#2 C:\laragon\www\alquilando\system\CodeIgniter.php(318): CodeIgniter\CodeIgniter->handleRequest(NULL, Object(Config\Cache), false)
#3 C:\laragon\www\alquilando\public\index.php(37): CodeIgniter\CodeIgniter->run()
#4 {main}
CRITICAL - 2022-12-27 21:28:41 --> Call to undefined method App\Models\InmuebleModel::getNumRows
#0 C:\laragon\www\alquilando\app\Controllers\Home.php(17): CodeIgniter\Model->__call('getNumRows', Array)
#1 C:\laragon\www\alquilando\system\CodeIgniter.php(823): App\Controllers\Home->index()
#2 C:\laragon\www\alquilando\system\CodeIgniter.php(410): CodeIgniter\CodeIgniter->runController(Object(App\Controllers\Home))
#3 C:\laragon\www\alquilando\system\CodeIgniter.php(318): CodeIgniter\CodeIgniter->handleRequest(NULL, Object(Config\Cache), false)
#4 C:\laragon\www\alquilando\public\index.php(37): CodeIgniter\CodeIgniter->run()
#5 {main}
CRITICAL - 2022-12-27 21:29:23 --> Call to undefined method App\Models\InmuebleModel::getNumRows
#0 C:\laragon\www\alquilando\app\Controllers\Home.php(17): CodeIgniter\Model->__call('getNumRows', Array)
#1 C:\laragon\www\alquilando\system\CodeIgniter.php(823): App\Controllers\Home->index()
#2 C:\laragon\www\alquilando\system\CodeIgniter.php(410): CodeIgniter\CodeIgniter->runController(Object(App\Controllers\Home))
#3 C:\laragon\www\alquilando\system\CodeIgniter.php(318): CodeIgniter\CodeIgniter->handleRequest(NULL, Object(Config\Cache), false)
#4 C:\laragon\www\alquilando\public\index.php(37): CodeIgniter\CodeIgniter->run()
#5 {main}
CRITICAL - 2022-12-27 21:44:31 --> Call to undefined method App\Models\InmuebleModel::getNumRows
#0 C:\laragon\www\alquilando\app\Controllers\Home.php(17): CodeIgniter\Model->__call('getNumRows', Array)
#1 C:\laragon\www\alquilando\system\CodeIgniter.php(823): App\Controllers\Home->index()
#2 C:\laragon\www\alquilando\system\CodeIgniter.php(410): CodeIgniter\CodeIgniter->runController(Object(App\Controllers\Home))
#3 C:\laragon\www\alquilando\system\CodeIgniter.php(318): CodeIgniter\CodeIgniter->handleRequest(NULL, Object(Config\Cache), false)
#4 C:\laragon\www\alquilando\public\index.php(37): CodeIgniter\CodeIgniter->run()
#5 {main}
CRITICAL - 2022-12-27 21:45:13 --> Call to undefined method App\Models\InmuebleModel::getNumRows
#0 C:\laragon\www\alquilando\app\Controllers\Home.php(17): CodeIgniter\Model->__call('getNumRows', Array)
#1 C:\laragon\www\alquilando\system\CodeIgniter.php(823): App\Controllers\Home->index()
#2 C:\laragon\www\alquilando\system\CodeIgniter.php(410): CodeIgniter\CodeIgniter->runController(Object(App\Controllers\Home))
#3 C:\laragon\www\alquilando\system\CodeIgniter.php(318): CodeIgniter\CodeIgniter->handleRequest(NULL, Object(Config\Cache), false)
#4 C:\laragon\www\alquilando\public\index.php(37): CodeIgniter\CodeIgniter->run()
#5 {main}
CRITICAL - 2022-12-27 22:23:04 --> Call to undefined method App\Models\InmuebleModel::numeroInmuebles
#0 C:\laragon\www\alquilando\app\Controllers\Home.php(15): CodeIgniter\Model->__call('numeroInmuebles', Array)
#1 C:\laragon\www\alquilando\system\CodeIgniter.php(823): App\Controllers\Home->index()
#2 C:\laragon\www\alquilando\system\CodeIgniter.php(410): CodeIgniter\CodeIgniter->runController(Object(App\Controllers\Home))
#3 C:\laragon\www\alquilando\system\CodeIgniter.php(318): CodeIgniter\CodeIgniter->handleRequest(NULL, Object(Config\Cache), false)
#4 C:\laragon\www\alquilando\public\index.php(37): CodeIgniter\CodeIgniter->run()
#5 {main}
CRITICAL - 2022-12-27 22:24:11 --> Call to undefined method App\Models\InmuebleModel::numeroInmuebles
#0 C:\laragon\www\alquilando\app\Controllers\Home.php(15): CodeIgniter\Model->__call('numeroInmuebles', Array)
#1 C:\laragon\www\alquilando\system\CodeIgniter.php(823): App\Controllers\Home->index()
#2 C:\laragon\www\alquilando\system\CodeIgniter.php(410): CodeIgniter\CodeIgniter->runController(Object(App\Controllers\Home))
#3 C:\laragon\www\alquilando\system\CodeIgniter.php(318): CodeIgniter\CodeIgniter->handleRequest(NULL, Object(Config\Cache), false)
#4 C:\laragon\www\alquilando\public\index.php(37): CodeIgniter\CodeIgniter->run()
#5 {main}
CRITICAL - 2022-12-27 22:24:12 --> Call to undefined method App\Models\InmuebleModel::numeroInmuebles
#0 C:\laragon\www\alquilando\app\Controllers\Home.php(15): CodeIgniter\Model->__call('numeroInmuebles', Array)
#1 C:\laragon\www\alquilando\system\CodeIgniter.php(823): App\Controllers\Home->index()
#2 C:\laragon\www\alquilando\system\CodeIgniter.php(410): CodeIgniter\CodeIgniter->runController(Object(App\Controllers\Home))
#3 C:\laragon\www\alquilando\system\CodeIgniter.php(318): CodeIgniter\CodeIgniter->handleRequest(NULL, Object(Config\Cache), false)
#4 C:\laragon\www\alquilando\public\index.php(37): CodeIgniter\CodeIgniter->run()
#5 {main}
CRITICAL - 2022-12-27 22:24:13 --> Call to undefined method App\Models\InmuebleModel::numeroInmuebles
#0 C:\laragon\www\alquilando\app\Controllers\Home.php(15): CodeIgniter\Model->__call('numeroInmuebles', Array)
#1 C:\laragon\www\alquilando\system\CodeIgniter.php(823): App\Controllers\Home->index()
#2 C:\laragon\www\alquilando\system\CodeIgniter.php(410): CodeIgniter\CodeIgniter->runController(Object(App\Controllers\Home))
#3 C:\laragon\www\alquilando\system\CodeIgniter.php(318): CodeIgniter\CodeIgniter->handleRequest(NULL, Object(Config\Cache), false)
#4 C:\laragon\www\alquilando\public\index.php(37): CodeIgniter\CodeIgniter->run()
#5 {main}
CRITICAL - 2022-12-27 22:26:20 --> Unclosed '{' on line 19 does not match ']'
#0 C:\laragon\www\alquilando\system\Router\Router.php(175): CodeIgniter\Router\Router->autoRoute('home/cuenta')
#1 C:\laragon\www\alquilando\system\CodeIgniter.php(717): CodeIgniter\Router\Router->handle('home/cuenta')
#2 C:\laragon\www\alquilando\system\CodeIgniter.php(359): CodeIgniter\CodeIgniter->tryToRouteIt(Object(CodeIgniter\Router\RouteCollection))
#3 C:\laragon\www\alquilando\system\CodeIgniter.php(318): CodeIgniter\CodeIgniter->handleRequest(NULL, Object(Config\Cache), false)
#4 C:\laragon\www\alquilando\public\index.php(37): CodeIgniter\CodeIgniter->run()
#5 {main}
CRITICAL - 2022-12-27 22:26:44 --> Call to undefined method App\Models\InmuebleModel::numeroInmuebles
#0 C:\laragon\www\alquilando\app\Controllers\Home.php(21): CodeIgniter\Model->__call('numeroInmuebles', Array)
#1 C:\laragon\www\alquilando\system\CodeIgniter.php(823): App\Controllers\Home->cuenta()
#2 C:\laragon\www\alquilando\system\CodeIgniter.php(410): CodeIgniter\CodeIgniter->runController(Object(App\Controllers\Home))
#3 C:\laragon\www\alquilando\system\CodeIgniter.php(318): CodeIgniter\CodeIgniter->handleRequest(NULL, Object(Config\Cache), false)
#4 C:\laragon\www\alquilando\public\index.php(37): CodeIgniter\CodeIgniter->run()
#5 {main}
CRITICAL - 2022-12-27 22:39:16 --> Call to undefined method App\Models\InmuebleModel::numeroInmuebles
#0 C:\laragon\www\alquilando\app\Controllers\Home.php(21): CodeIgniter\Model->__call('numeroInmuebles', Array)
#1 C:\laragon\www\alquilando\system\CodeIgniter.php(823): App\Controllers\Home->cuenta()
#2 C:\laragon\www\alquilando\system\CodeIgniter.php(410): CodeIgniter\CodeIgniter->runController(Object(App\Controllers\Home))
#3 C:\laragon\www\alquilando\system\CodeIgniter.php(318): CodeIgniter\CodeIgniter->handleRequest(NULL, Object(Config\Cache), false)
#4 C:\laragon\www\alquilando\public\index.php(37): CodeIgniter\CodeIgniter->run()
#5 {main}
