ERROR - 2024-08-10 22:41:16 --> Error connecting to the database: Access denied for user '****'@'181.66.151.242' (using password: YES)
CRITICAL - 2024-08-10 22:41:16 --> Unable to connect to the database.
Main connection [MySQLi]: Access denied for user '****'@'181.66.151.242' (using password: YES)
#0 C:\laragon\www\alquilando\system\Database\BaseConnection.php(577): CodeIgniter\Database\BaseConnection->initialize()
#1 C:\laragon\www\alquilando\system\Database\BaseBuilder.php(1455): CodeIgniter\Database\BaseConnection->query('SELECT *\nFROM `...', Array, false)
#2 C:\laragon\www\alquilando\system\Model.php(210): CodeIgniter\Database\BaseBuilder->get()
#3 C:\laragon\www\alquilando\system\BaseModel.php(622): CodeIgniter\Model->doFirst()
#4 C:\laragon\www\alquilando\app\Controllers\Login.php(43): CodeIgniter\BaseModel->first()
#5 C:\laragon\www\alquilando\system\CodeIgniter.php(823): App\Controllers\Login->entrar()
#6 C:\laragon\www\alquilando\system\CodeIgniter.php(410): CodeIgniter\CodeIgniter->runController(Object(App\Controllers\Login))
#7 C:\laragon\www\alquilando\system\CodeIgniter.php(318): CodeIgniter\CodeIgniter->handleRequest(NULL, Object(Config\Cache), false)
#8 C:\laragon\www\alquilando\public\index.php(37): CodeIgniter\CodeIgniter->run()
#9 {main}
ERROR - 2024-08-10 22:44:37 --> Error connecting to the database: Access denied for user '****'@'181.66.151.242' (using password: YES)
CRITICAL - 2024-08-10 22:44:37 --> Unable to connect to the database.
Main connection [MySQLi]: Access denied for user '****'@'181.66.151.242' (using password: YES)
#0 C:\laragon\www\alquilando\system\Database\BaseConnection.php(577): CodeIgniter\Database\BaseConnection->initialize()
#1 C:\laragon\www\alquilando\system\Database\BaseBuilder.php(1455): CodeIgniter\Database\BaseConnection->query('SELECT *\nFROM `...', Array, false)
#2 C:\laragon\www\alquilando\system\Model.php(210): CodeIgniter\Database\BaseBuilder->get()
#3 C:\laragon\www\alquilando\system\BaseModel.php(622): CodeIgniter\Model->doFirst()
#4 C:\laragon\www\alquilando\app\Controllers\Login.php(43): CodeIgniter\BaseModel->first()
#5 C:\laragon\www\alquilando\system\CodeIgniter.php(823): App\Controllers\Login->entrar()
#6 C:\laragon\www\alquilando\system\CodeIgniter.php(410): CodeIgniter\CodeIgniter->runController(Object(App\Controllers\Login))
#7 C:\laragon\www\alquilando\system\CodeIgniter.php(318): CodeIgniter\CodeIgniter->handleRequest(NULL, Object(Config\Cache), false)
#8 C:\laragon\www\alquilando\public\index.php(37): CodeIgniter\CodeIgniter->run()
#9 {main}
ERROR - 2024-08-10 22:47:44 --> Error connecting to the database: Access denied for user '****'@'181.66.151.242' (using password: YES)
CRITICAL - 2024-08-10 22:47:44 --> Unable to connect to the database.
Main connection [MySQLi]: Access denied for user '****'@'181.66.151.242' (using password: YES)
#0 C:\laragon\www\alquilando\system\Database\BaseConnection.php(577): CodeIgniter\Database\BaseConnection->initialize()
#1 C:\laragon\www\alquilando\system\Database\BaseBuilder.php(1455): CodeIgniter\Database\BaseConnection->query('SELECT *\nFROM `...', Array, false)
#2 C:\laragon\www\alquilando\system\Model.php(210): CodeIgniter\Database\BaseBuilder->get()
#3 C:\laragon\www\alquilando\system\BaseModel.php(622): CodeIgniter\Model->doFirst()
#4 C:\laragon\www\alquilando\app\Controllers\Login.php(43): CodeIgniter\BaseModel->first()
#5 C:\laragon\www\alquilando\system\CodeIgniter.php(823): App\Controllers\Login->entrar()
#6 C:\laragon\www\alquilando\system\CodeIgniter.php(410): CodeIgniter\CodeIgniter->runController(Object(App\Controllers\Login))
#7 C:\laragon\www\alquilando\system\CodeIgniter.php(318): CodeIgniter\CodeIgniter->handleRequest(NULL, Object(Config\Cache), false)
#8 C:\laragon\www\alquilando\public\index.php(37): CodeIgniter\CodeIgniter->run()
#9 {main}
ERROR - 2024-08-10 22:50:55 --> Error connecting to the database: Access denied for user '****'@'181.66.151.242' (using password: YES)
CRITICAL - 2024-08-10 22:50:55 --> Unable to connect to the database.
Main connection [MySQLi]: Access denied for user '****'@'181.66.151.242' (using password: YES)
#0 C:\laragon\www\alquilando\system\Database\BaseConnection.php(577): CodeIgniter\Database\BaseConnection->initialize()
#1 C:\laragon\www\alquilando\system\Database\BaseBuilder.php(1455): CodeIgniter\Database\BaseConnection->query('SELECT *\nFROM `...', Array, false)
#2 C:\laragon\www\alquilando\system\Model.php(210): CodeIgniter\Database\BaseBuilder->get()
#3 C:\laragon\www\alquilando\system\BaseModel.php(622): CodeIgniter\Model->doFirst()
#4 C:\laragon\www\alquilando\app\Controllers\Login.php(43): CodeIgniter\BaseModel->first()
#5 C:\laragon\www\alquilando\system\CodeIgniter.php(823): App\Controllers\Login->entrar()
#6 C:\laragon\www\alquilando\system\CodeIgniter.php(410): CodeIgniter\CodeIgniter->runController(Object(App\Controllers\Login))
#7 C:\laragon\www\alquilando\system\CodeIgniter.php(318): CodeIgniter\CodeIgniter->handleRequest(NULL, Object(Config\Cache), false)
#8 C:\laragon\www\alquilando\public\index.php(37): CodeIgniter\CodeIgniter->run()
#9 {main}
ERROR - 2024-08-10 22:51:09 --> Error connecting to the database: Access denied for user '****'@'181.66.151.242' (using password: YES)
CRITICAL - 2024-08-10 22:51:09 --> Unable to connect to the database.
Main connection [MySQLi]: Access denied for user '****'@'181.66.151.242' (using password: YES)
#0 C:\laragon\www\alquilando\system\Database\BaseConnection.php(577): CodeIgniter\Database\BaseConnection->initialize()
#1 C:\laragon\www\alquilando\system\Database\BaseBuilder.php(1455): CodeIgniter\Database\BaseConnection->query('SELECT *\nFROM `...', Array, false)
#2 C:\laragon\www\alquilando\system\Model.php(210): CodeIgniter\Database\BaseBuilder->get()
#3 C:\laragon\www\alquilando\system\BaseModel.php(622): CodeIgniter\Model->doFirst()
#4 C:\laragon\www\alquilando\app\Controllers\Login.php(43): CodeIgniter\BaseModel->first()
#5 C:\laragon\www\alquilando\system\CodeIgniter.php(823): App\Controllers\Login->entrar()
#6 C:\laragon\www\alquilando\system\CodeIgniter.php(410): CodeIgniter\CodeIgniter->runController(Object(App\Controllers\Login))
#7 C:\laragon\www\alquilando\system\CodeIgniter.php(318): CodeIgniter\CodeIgniter->handleRequest(NULL, Object(Config\Cache), false)
#8 C:\laragon\www\alquilando\public\index.php(37): CodeIgniter\CodeIgniter->run()
#9 {main}
ERROR - 2024-08-10 22:58:20 --> Error connecting to the database: Access denied for user '****'@'181.66.151.242' (using password: YES)
CRITICAL - 2024-08-10 22:58:20 --> Unable to connect to the database.
Main connection [MySQLi]: Access denied for user '****'@'181.66.151.242' (using password: YES)
#0 C:\laragon\www\alquilando\system\Database\BaseConnection.php(577): CodeIgniter\Database\BaseConnection->initialize()
#1 C:\laragon\www\alquilando\system\Database\BaseBuilder.php(1455): CodeIgniter\Database\BaseConnection->query('SELECT *\nFROM `...', Array, false)
#2 C:\laragon\www\alquilando\system\Model.php(210): CodeIgniter\Database\BaseBuilder->get()
#3 C:\laragon\www\alquilando\system\BaseModel.php(622): CodeIgniter\Model->doFirst()
#4 C:\laragon\www\alquilando\app\Controllers\Login.php(43): CodeIgniter\BaseModel->first()
#5 C:\laragon\www\alquilando\system\CodeIgniter.php(823): App\Controllers\Login->entrar()
#6 C:\laragon\www\alquilando\system\CodeIgniter.php(410): CodeIgniter\CodeIgniter->runController(Object(App\Controllers\Login))
#7 C:\laragon\www\alquilando\system\CodeIgniter.php(318): CodeIgniter\CodeIgniter->handleRequest(NULL, Object(Config\Cache), false)
#8 C:\laragon\www\alquilando\public\index.php(37): CodeIgniter\CodeIgniter->run()
#9 {main}
ERROR - 2024-08-10 22:58:30 --> Error connecting to the database: Access denied for user '****'@'181.66.151.242' (using password: YES)
CRITICAL - 2024-08-10 22:58:30 --> Unable to connect to the database.
Main connection [MySQLi]: Access denied for user '****'@'181.66.151.242' (using password: YES)
#0 C:\laragon\www\alquilando\system\Database\BaseConnection.php(577): CodeIgniter\Database\BaseConnection->initialize()
#1 C:\laragon\www\alquilando\system\Database\BaseBuilder.php(1455): CodeIgniter\Database\BaseConnection->query('SELECT *\nFROM `...', Array, false)
#2 C:\laragon\www\alquilando\system\Model.php(210): CodeIgniter\Database\BaseBuilder->get()
#3 C:\laragon\www\alquilando\system\BaseModel.php(622): CodeIgniter\Model->doFirst()
#4 C:\laragon\www\alquilando\app\Controllers\Login.php(43): CodeIgniter\BaseModel->first()
#5 C:\laragon\www\alquilando\system\CodeIgniter.php(823): App\Controllers\Login->entrar()
#6 C:\laragon\www\alquilando\system\CodeIgniter.php(410): CodeIgniter\CodeIgniter->runController(Object(App\Controllers\Login))
#7 C:\laragon\www\alquilando\system\CodeIgniter.php(318): CodeIgniter\CodeIgniter->handleRequest(NULL, Object(Config\Cache), false)
#8 C:\laragon\www\alquilando\public\index.php(37): CodeIgniter\CodeIgniter->run()
#9 {main}
ERROR - 2024-08-10 22:59:00 --> Error connecting to the database: Access denied for user '****'@'181.66.151.242' (using password: YES)
CRITICAL - 2024-08-10 22:59:00 --> Unable to connect to the database.
Main connection [MySQLi]: Access denied for user '****'@'181.66.151.242' (using password: YES)
#0 C:\laragon\www\alquilando\system\Database\BaseConnection.php(577): CodeIgniter\Database\BaseConnection->initialize()
#1 C:\laragon\www\alquilando\system\Database\BaseBuilder.php(1455): CodeIgniter\Database\BaseConnection->query('SELECT *\nFROM `...', Array, false)
#2 C:\laragon\www\alquilando\system\Model.php(210): CodeIgniter\Database\BaseBuilder->get()
#3 C:\laragon\www\alquilando\system\BaseModel.php(622): CodeIgniter\Model->doFirst()
#4 C:\laragon\www\alquilando\app\Controllers\Login.php(43): CodeIgniter\BaseModel->first()
#5 C:\laragon\www\alquilando\system\CodeIgniter.php(823): App\Controllers\Login->entrar()
#6 C:\laragon\www\alquilando\system\CodeIgniter.php(410): CodeIgniter\CodeIgniter->runController(Object(App\Controllers\Login))
#7 C:\laragon\www\alquilando\system\CodeIgniter.php(318): CodeIgniter\CodeIgniter->handleRequest(NULL, Object(Config\Cache), false)
#8 C:\laragon\www\alquilando\public\index.php(37): CodeIgniter\CodeIgniter->run()
#9 {main}
