CRITICAL - 2024-04-02 22:42:58 --> Trying to access array offset on value of type null
#0 C:\laragon\www\alquilando\app\Views\Admin\Pago\editarrecibo.php(70): CodeIgniter\Debug\Exceptions->errorHandler(2, 'Trying to acces...', 'C:\\laragon\\www\\...', 70)
#1 C:\laragon\www\alquilando\system\View\View.php(210): include('C:\\laragon\\www\\...')
#2 C:\laragon\www\alquilando\system\View\View.php(213): CodeIgniter\View\View->CodeIgniter\View\{closure}()
#3 C:\laragon\www\alquilando\system\Common.php(1094): CodeIgniter\View\View->render('/Admin/pago/edi...', Array, true)
#4 C:\laragon\www\alquilando\app\Controllers\Pagos.php(170): view('/Admin/pago/edi...', Array)
#5 C:\laragon\www\alquilando\system\CodeIgniter.php(823): App\Controllers\Pagos->editarReciboPDF('12')
#6 C:\laragon\www\alquilando\system\CodeIgniter.php(410): CodeIgniter\CodeIgniter->runController(Object(App\Controllers\Pagos))
#7 C:\laragon\www\alquilando\system\CodeIgniter.php(318): CodeIgniter\CodeIgniter->handleRequest(NULL, Object(Config\Cache), false)
#8 C:\laragon\www\alquilando\public\index.php(37): CodeIgniter\CodeIgniter->run()
#9 {main}
CRITICAL - 2024-04-02 22:45:32 --> Trying to access array offset on value of type null
#0 C:\laragon\www\alquilando\app\Views\Admin\Pago\editarrecibo.php(70): CodeIgniter\Debug\Exceptions->errorHandler(2, 'Trying to acces...', 'C:\\laragon\\www\\...', 70)
#1 C:\laragon\www\alquilando\system\View\View.php(210): include('C:\\laragon\\www\\...')
#2 C:\laragon\www\alquilando\system\View\View.php(213): CodeIgniter\View\View->CodeIgniter\View\{closure}()
#3 C:\laragon\www\alquilando\system\Common.php(1094): CodeIgniter\View\View->render('/Admin/pago/edi...', Array, true)
#4 C:\laragon\www\alquilando\app\Controllers\Pagos.php(170): view('/Admin/pago/edi...', Array)
#5 C:\laragon\www\alquilando\system\CodeIgniter.php(823): App\Controllers\Pagos->editarReciboPDF('12')
#6 C:\laragon\www\alquilando\system\CodeIgniter.php(410): CodeIgniter\CodeIgniter->runController(Object(App\Controllers\Pagos))
#7 C:\laragon\www\alquilando\system\CodeIgniter.php(318): CodeIgniter\CodeIgniter->handleRequest(NULL, Object(Config\Cache), false)
#8 C:\laragon\www\alquilando\public\index.php(37): CodeIgniter\CodeIgniter->run()
#9 {main}
CRITICAL - 2024-04-02 22:48:52 --> Trying to access array offset on value of type null
#0 C:\laragon\www\alquilando\app\Views\Admin\Pago\editarrecibo.php(70): CodeIgniter\Debug\Exceptions->errorHandler(2, 'Trying to acces...', 'C:\\laragon\\www\\...', 70)
#1 C:\laragon\www\alquilando\system\View\View.php(210): include('C:\\laragon\\www\\...')
#2 C:\laragon\www\alquilando\system\View\View.php(213): CodeIgniter\View\View->CodeIgniter\View\{closure}()
#3 C:\laragon\www\alquilando\system\Common.php(1094): CodeIgniter\View\View->render('/Admin/pago/edi...', Array, true)
#4 C:\laragon\www\alquilando\app\Controllers\Pagos.php(170): view('/Admin/pago/edi...', Array)
#5 C:\laragon\www\alquilando\system\CodeIgniter.php(823): App\Controllers\Pagos->editarReciboPDF('12')
#6 C:\laragon\www\alquilando\system\CodeIgniter.php(410): CodeIgniter\CodeIgniter->runController(Object(App\Controllers\Pagos))
#7 C:\laragon\www\alquilando\system\CodeIgniter.php(318): CodeIgniter\CodeIgniter->handleRequest(NULL, Object(Config\Cache), false)
#8 C:\laragon\www\alquilando\public\index.php(37): CodeIgniter\CodeIgniter->run()
#9 {main}
CRITICAL - 2024-04-02 22:54:48 --> Undefined variable $metododepago
#0 C:\laragon\www\alquilando\app\Views\Admin\Pago\editarrecibo.php(68): CodeIgniter\Debug\Exceptions->errorHandler(2, 'Undefined varia...', 'C:\\laragon\\www\\...', 68)
#1 C:\laragon\www\alquilando\system\View\View.php(210): include('C:\\laragon\\www\\...')
#2 C:\laragon\www\alquilando\system\View\View.php(213): CodeIgniter\View\View->CodeIgniter\View\{closure}()
#3 C:\laragon\www\alquilando\system\Common.php(1094): CodeIgniter\View\View->render('/Admin/pago/edi...', Array, true)
#4 C:\laragon\www\alquilando\app\Controllers\Pagos.php(170): view('/Admin/pago/edi...', Array)
#5 C:\laragon\www\alquilando\system\CodeIgniter.php(823): App\Controllers\Pagos->editarReciboPDF('12')
#6 C:\laragon\www\alquilando\system\CodeIgniter.php(410): CodeIgniter\CodeIgniter->runController(Object(App\Controllers\Pagos))
#7 C:\laragon\www\alquilando\system\CodeIgniter.php(318): CodeIgniter\CodeIgniter->handleRequest(NULL, Object(Config\Cache), false)
#8 C:\laragon\www\alquilando\public\index.php(37): CodeIgniter\CodeIgniter->run()
#9 {main}
CRITICAL - 2024-04-02 22:57:22 --> Undefined variable $metododepago
#0 C:\laragon\www\alquilando\app\Views\Admin\Pago\editarrecibo.php(69): CodeIgniter\Debug\Exceptions->errorHandler(2, 'Undefined varia...', 'C:\\laragon\\www\\...', 69)
#1 C:\laragon\www\alquilando\system\View\View.php(210): include('C:\\laragon\\www\\...')
#2 C:\laragon\www\alquilando\system\View\View.php(213): CodeIgniter\View\View->CodeIgniter\View\{closure}()
#3 C:\laragon\www\alquilando\system\Common.php(1094): CodeIgniter\View\View->render('/Admin/pago/edi...', Array, true)
#4 C:\laragon\www\alquilando\app\Controllers\Pagos.php(170): view('/Admin/pago/edi...', Array)
#5 C:\laragon\www\alquilando\system\CodeIgniter.php(823): App\Controllers\Pagos->editarReciboPDF('12')
#6 C:\laragon\www\alquilando\system\CodeIgniter.php(410): CodeIgniter\CodeIgniter->runController(Object(App\Controllers\Pagos))
#7 C:\laragon\www\alquilando\system\CodeIgniter.php(318): CodeIgniter\CodeIgniter->handleRequest(NULL, Object(Config\Cache), false)
#8 C:\laragon\www\alquilando\public\index.php(37): CodeIgniter\CodeIgniter->run()
#9 {main}
CRITICAL - 2024-04-02 23:00:14 --> Trying to access array offset on value of type null
#0 C:\laragon\www\alquilando\app\Controllers\Pagos.php(167): CodeIgniter\Debug\Exceptions->errorHandler(2, 'Trying to acces...', 'C:\\laragon\\www\\...', 167)
#1 C:\laragon\www\alquilando\system\CodeIgniter.php(823): App\Controllers\Pagos->editarReciboPDF('12')
#2 C:\laragon\www\alquilando\system\CodeIgniter.php(410): CodeIgniter\CodeIgniter->runController(Object(App\Controllers\Pagos))
#3 C:\laragon\www\alquilando\system\CodeIgniter.php(318): CodeIgniter\CodeIgniter->handleRequest(NULL, Object(Config\Cache), false)
#4 C:\laragon\www\alquilando\public\index.php(37): CodeIgniter\CodeIgniter->run()
#5 {main}
CRITICAL - 2024-04-02 23:00:16 --> Trying to access array offset on value of type null
#0 C:\laragon\www\alquilando\app\Controllers\Pagos.php(167): CodeIgniter\Debug\Exceptions->errorHandler(2, 'Trying to acces...', 'C:\\laragon\\www\\...', 167)
#1 C:\laragon\www\alquilando\system\CodeIgniter.php(823): App\Controllers\Pagos->editarReciboPDF('12')
#2 C:\laragon\www\alquilando\system\CodeIgniter.php(410): CodeIgniter\CodeIgniter->runController(Object(App\Controllers\Pagos))
#3 C:\laragon\www\alquilando\system\CodeIgniter.php(318): CodeIgniter\CodeIgniter->handleRequest(NULL, Object(Config\Cache), false)
#4 C:\laragon\www\alquilando\public\index.php(37): CodeIgniter\CodeIgniter->run()
#5 {main}
CRITICAL - 2024-04-02 23:02:27 --> Trying to access array offset on value of type null
#0 C:\laragon\www\alquilando\app\Controllers\Pagos.php(172): CodeIgniter\Debug\Exceptions->errorHandler(2, 'Trying to acces...', 'C:\\laragon\\www\\...', 172)
#1 C:\laragon\www\alquilando\system\CodeIgniter.php(823): App\Controllers\Pagos->editarReciboPDF('12')
#2 C:\laragon\www\alquilando\system\CodeIgniter.php(410): CodeIgniter\CodeIgniter->runController(Object(App\Controllers\Pagos))
#3 C:\laragon\www\alquilando\system\CodeIgniter.php(318): CodeIgniter\CodeIgniter->handleRequest(NULL, Object(Config\Cache), false)
#4 C:\laragon\www\alquilando\public\index.php(37): CodeIgniter\CodeIgniter->run()
#5 {main}
CRITICAL - 2024-04-02 23:02:29 --> Trying to access array offset on value of type null
#0 C:\laragon\www\alquilando\app\Controllers\Pagos.php(172): CodeIgniter\Debug\Exceptions->errorHandler(2, 'Trying to acces...', 'C:\\laragon\\www\\...', 172)
#1 C:\laragon\www\alquilando\system\CodeIgniter.php(823): App\Controllers\Pagos->editarReciboPDF('12')
#2 C:\laragon\www\alquilando\system\CodeIgniter.php(410): CodeIgniter\CodeIgniter->runController(Object(App\Controllers\Pagos))
#3 C:\laragon\www\alquilando\system\CodeIgniter.php(318): CodeIgniter\CodeIgniter->handleRequest(NULL, Object(Config\Cache), false)
#4 C:\laragon\www\alquilando\public\index.php(37): CodeIgniter\CodeIgniter->run()
#5 {main}
CRITICAL - 2024-04-02 23:03:38 --> Trying to access array offset on value of type null
#0 C:\laragon\www\alquilando\app\Controllers\Pagos.php(172): CodeIgniter\Debug\Exceptions->errorHandler(2, 'Trying to acces...', 'C:\\laragon\\www\\...', 172)
#1 C:\laragon\www\alquilando\system\CodeIgniter.php(823): App\Controllers\Pagos->editarReciboPDF('12')
#2 C:\laragon\www\alquilando\system\CodeIgniter.php(410): CodeIgniter\CodeIgniter->runController(Object(App\Controllers\Pagos))
#3 C:\laragon\www\alquilando\system\CodeIgniter.php(318): CodeIgniter\CodeIgniter->handleRequest(NULL, Object(Config\Cache), false)
#4 C:\laragon\www\alquilando\public\index.php(37): CodeIgniter\CodeIgniter->run()
#5 {main}
