CRITICAL - 2024-04-22 13:48:36 --> Undefined variable $userRol
#0 C:\laragon\www\alquilando\app\Views\Admin\Home\inmuebles.php(30): CodeIgniter\Debug\Exceptions->errorHandler(2, 'Undefined varia...', 'C:\\laragon\\www\\...', 30)
#1 C:\laragon\www\alquilando\system\View\View.php(210): include('C:\\laragon\\www\\...')
#2 C:\laragon\www\alquilando\system\View\View.php(213): CodeIgniter\View\View->CodeIgniter\View\{closure}()
#3 C:\laragon\www\alquilando\system\Common.php(1094): CodeIgniter\View\View->render('/Admin/home/inm...', Array, true)
#4 C:\laragon\www\alquilando\app\Controllers\Inmuebles.php(76): view('/Admin/home/inm...', Array)
#5 C:\laragon\www\alquilando\system\CodeIgniter.php(823): App\Controllers\Inmuebles->listar()
#6 C:\laragon\www\alquilando\system\CodeIgniter.php(410): CodeIgniter\CodeIgniter->runController(Object(App\Controllers\Inmuebles))
#7 C:\laragon\www\alquilando\system\CodeIgniter.php(318): CodeIgniter\CodeIgniter->handleRequest(NULL, Object(Config\Cache), false)
#8 C:\laragon\www\alquilando\public\index.php(37): CodeIgniter\CodeIgniter->run()
#9 {main}
CRITICAL - 2024-04-22 15:46:49 --> Undefined variable $userRol
#0 C:\laragon\www\alquilando\app\Views\Admin\Home\inmuebles.php(30): CodeIgniter\Debug\Exceptions->errorHandler(2, 'Undefined varia...', 'C:\\laragon\\www\\...', 30)
#1 C:\laragon\www\alquilando\system\View\View.php(210): include('C:\\laragon\\www\\...')
#2 C:\laragon\www\alquilando\system\View\View.php(213): CodeIgniter\View\View->CodeIgniter\View\{closure}()
#3 C:\laragon\www\alquilando\system\Common.php(1094): CodeIgniter\View\View->render('/Admin/home/inm...', Array, true)
#4 C:\laragon\www\alquilando\app\Controllers\Inmuebles.php(76): view('/Admin/home/inm...', Array)
#5 C:\laragon\www\alquilando\system\CodeIgniter.php(823): App\Controllers\Inmuebles->listar()
#6 C:\laragon\www\alquilando\system\CodeIgniter.php(410): CodeIgniter\CodeIgniter->runController(Object(App\Controllers\Inmuebles))
#7 C:\laragon\www\alquilando\system\CodeIgniter.php(318): CodeIgniter\CodeIgniter->handleRequest(NULL, Object(Config\Cache), false)
#8 C:\laragon\www\alquilando\public\index.php(37): CodeIgniter\CodeIgniter->run()
#9 {main}
CRITICAL - 2024-04-22 15:46:51 --> Undefined variable $userRol
#0 C:\laragon\www\alquilando\app\Views\Admin\Home\inmuebles.php(30): CodeIgniter\Debug\Exceptions->errorHandler(2, 'Undefined varia...', 'C:\\laragon\\www\\...', 30)
#1 C:\laragon\www\alquilando\system\View\View.php(210): include('C:\\laragon\\www\\...')
#2 C:\laragon\www\alquilando\system\View\View.php(213): CodeIgniter\View\View->CodeIgniter\View\{closure}()
#3 C:\laragon\www\alquilando\system\Common.php(1094): CodeIgniter\View\View->render('/Admin/home/inm...', Array, true)
#4 C:\laragon\www\alquilando\app\Controllers\Inmuebles.php(76): view('/Admin/home/inm...', Array)
#5 C:\laragon\www\alquilando\system\CodeIgniter.php(823): App\Controllers\Inmuebles->listar()
#6 C:\laragon\www\alquilando\system\CodeIgniter.php(410): CodeIgniter\CodeIgniter->runController(Object(App\Controllers\Inmuebles))
#7 C:\laragon\www\alquilando\system\CodeIgniter.php(318): CodeIgniter\CodeIgniter->handleRequest(NULL, Object(Config\Cache), false)
#8 C:\laragon\www\alquilando\public\index.php(37): CodeIgniter\CodeIgniter->run()
#9 {main}
CRITICAL - 2024-04-22 15:47:27 --> Undefined variable $userRol
#0 C:\laragon\www\alquilando\app\Views\Admin\Home\inmuebles.php(30): CodeIgniter\Debug\Exceptions->errorHandler(2, 'Undefined varia...', 'C:\\laragon\\www\\...', 30)
#1 C:\laragon\www\alquilando\system\View\View.php(210): include('C:\\laragon\\www\\...')
#2 C:\laragon\www\alquilando\system\View\View.php(213): CodeIgniter\View\View->CodeIgniter\View\{closure}()
#3 C:\laragon\www\alquilando\system\Common.php(1094): CodeIgniter\View\View->render('/Admin/home/inm...', Array, true)
#4 C:\laragon\www\alquilando\app\Controllers\Inmuebles.php(76): view('/Admin/home/inm...', Array)
#5 C:\laragon\www\alquilando\system\CodeIgniter.php(823): App\Controllers\Inmuebles->listar()
#6 C:\laragon\www\alquilando\system\CodeIgniter.php(410): CodeIgniter\CodeIgniter->runController(Object(App\Controllers\Inmuebles))
#7 C:\laragon\www\alquilando\system\CodeIgniter.php(318): CodeIgniter\CodeIgniter->handleRequest(NULL, Object(Config\Cache), false)
#8 C:\laragon\www\alquilando\public\index.php(37): CodeIgniter\CodeIgniter->run()
#9 {main}
CRITICAL - 2024-04-22 15:47:28 --> Undefined variable $userRol
#0 C:\laragon\www\alquilando\app\Views\Admin\Home\inmuebles.php(30): CodeIgniter\Debug\Exceptions->errorHandler(2, 'Undefined varia...', 'C:\\laragon\\www\\...', 30)
#1 C:\laragon\www\alquilando\system\View\View.php(210): include('C:\\laragon\\www\\...')
#2 C:\laragon\www\alquilando\system\View\View.php(213): CodeIgniter\View\View->CodeIgniter\View\{closure}()
#3 C:\laragon\www\alquilando\system\Common.php(1094): CodeIgniter\View\View->render('/Admin/home/inm...', Array, true)
#4 C:\laragon\www\alquilando\app\Controllers\Inmuebles.php(76): view('/Admin/home/inm...', Array)
#5 C:\laragon\www\alquilando\system\CodeIgniter.php(823): App\Controllers\Inmuebles->listar()
#6 C:\laragon\www\alquilando\system\CodeIgniter.php(410): CodeIgniter\CodeIgniter->runController(Object(App\Controllers\Inmuebles))
#7 C:\laragon\www\alquilando\system\CodeIgniter.php(318): CodeIgniter\CodeIgniter->handleRequest(NULL, Object(Config\Cache), false)
#8 C:\laragon\www\alquilando\public\index.php(37): CodeIgniter\CodeIgniter->run()
#9 {main}
CRITICAL - 2024-04-22 15:47:53 --> Undefined variable $userRol
#0 C:\laragon\www\alquilando\app\Views\Admin\Home\inmuebles.php(30): CodeIgniter\Debug\Exceptions->errorHandler(2, 'Undefined varia...', 'C:\\laragon\\www\\...', 30)
#1 C:\laragon\www\alquilando\system\View\View.php(210): include('C:\\laragon\\www\\...')
#2 C:\laragon\www\alquilando\system\View\View.php(213): CodeIgniter\View\View->CodeIgniter\View\{closure}()
#3 C:\laragon\www\alquilando\system\Common.php(1094): CodeIgniter\View\View->render('/Admin/home/inm...', Array, true)
#4 C:\laragon\www\alquilando\app\Controllers\Inmuebles.php(76): view('/Admin/home/inm...', Array)
#5 C:\laragon\www\alquilando\system\CodeIgniter.php(823): App\Controllers\Inmuebles->listar()
#6 C:\laragon\www\alquilando\system\CodeIgniter.php(410): CodeIgniter\CodeIgniter->runController(Object(App\Controllers\Inmuebles))
#7 C:\laragon\www\alquilando\system\CodeIgniter.php(318): CodeIgniter\CodeIgniter->handleRequest(NULL, Object(Config\Cache), false)
#8 C:\laragon\www\alquilando\public\index.php(37): CodeIgniter\CodeIgniter->run()
#9 {main}
CRITICAL - 2024-04-22 15:51:46 --> Undefined variable $userRol
#0 C:\laragon\www\alquilando\app\Views\Admin\Home\inmuebles.php(31): CodeIgniter\Debug\Exceptions->errorHandler(2, 'Undefined varia...', 'C:\\laragon\\www\\...', 31)
#1 C:\laragon\www\alquilando\system\View\View.php(210): include('C:\\laragon\\www\\...')
#2 C:\laragon\www\alquilando\system\View\View.php(213): CodeIgniter\View\View->CodeIgniter\View\{closure}()
#3 C:\laragon\www\alquilando\system\Common.php(1094): CodeIgniter\View\View->render('/Admin/home/inm...', Array, true)
#4 C:\laragon\www\alquilando\app\Controllers\Inmuebles.php(64): view('/Admin/home/inm...', Array)
#5 C:\laragon\www\alquilando\system\CodeIgniter.php(823): App\Controllers\Inmuebles->listar()
#6 C:\laragon\www\alquilando\system\CodeIgniter.php(410): CodeIgniter\CodeIgniter->runController(Object(App\Controllers\Inmuebles))
#7 C:\laragon\www\alquilando\system\CodeIgniter.php(318): CodeIgniter\CodeIgniter->handleRequest(NULL, Object(Config\Cache), false)
#8 C:\laragon\www\alquilando\public\index.php(37): CodeIgniter\CodeIgniter->run()
#9 {main}
CRITICAL - 2024-04-22 15:57:38 --> Undefined variable $userRol
#0 C:\laragon\www\alquilando\app\Views\Admin\Home\inmuebles.php(31): CodeIgniter\Debug\Exceptions->errorHandler(2, 'Undefined varia...', 'C:\\laragon\\www\\...', 31)
#1 C:\laragon\www\alquilando\system\View\View.php(210): include('C:\\laragon\\www\\...')
#2 C:\laragon\www\alquilando\system\View\View.php(213): CodeIgniter\View\View->CodeIgniter\View\{closure}()
#3 C:\laragon\www\alquilando\system\Common.php(1094): CodeIgniter\View\View->render('/Admin/home/inm...', Array, true)
#4 C:\laragon\www\alquilando\app\Controllers\Inmuebles.php(76): view('/Admin/home/inm...', Array)
#5 C:\laragon\www\alquilando\system\CodeIgniter.php(823): App\Controllers\Inmuebles->listar()
#6 C:\laragon\www\alquilando\system\CodeIgniter.php(410): CodeIgniter\CodeIgniter->runController(Object(App\Controllers\Inmuebles))
#7 C:\laragon\www\alquilando\system\CodeIgniter.php(318): CodeIgniter\CodeIgniter->handleRequest(NULL, Object(Config\Cache), false)
#8 C:\laragon\www\alquilando\public\index.php(37): CodeIgniter\CodeIgniter->run()
#9 {main}
CRITICAL - 2024-04-22 17:14:22 --> Undefined variable $userRol
#0 C:\laragon\www\alquilando\app\Views\Admin\Home\inmuebles.php(1): CodeIgniter\Debug\Exceptions->errorHandler(2, 'Undefined varia...', 'C:\\laragon\\www\\...', 1)
#1 C:\laragon\www\alquilando\system\View\View.php(210): include('C:\\laragon\\www\\...')
#2 C:\laragon\www\alquilando\system\View\View.php(213): CodeIgniter\View\View->CodeIgniter\View\{closure}()
#3 C:\laragon\www\alquilando\system\Common.php(1094): CodeIgniter\View\View->render('/Admin/home/inm...', Array, true)
#4 C:\laragon\www\alquilando\app\Controllers\Inmuebles.php(78): view('/Admin/home/inm...', Array)
#5 C:\laragon\www\alquilando\system\CodeIgniter.php(823): App\Controllers\Inmuebles->listar()
#6 C:\laragon\www\alquilando\system\CodeIgniter.php(410): CodeIgniter\CodeIgniter->runController(Object(App\Controllers\Inmuebles))
#7 C:\laragon\www\alquilando\system\CodeIgniter.php(318): CodeIgniter\CodeIgniter->handleRequest(NULL, Object(Config\Cache), false)
#8 C:\laragon\www\alquilando\public\index.php(37): CodeIgniter\CodeIgniter->run()
#9 {main}
ERROR - 2024-04-22 19:08:18 --> Unknown column 'idusuario' in 'where clause'
CRITICAL - 2024-04-22 19:08:18 --> Unknown column 'idusuario' in 'where clause'
#0 C:\laragon\www\alquilando\system\Database\MySQLi\Connection.php(292): mysqli->query('SELECT *\nFROM `...', 0)
#1 C:\laragon\www\alquilando\system\Database\BaseConnection.php(670): CodeIgniter\Database\MySQLi\Connection->execute('SELECT *\nFROM `...')
#2 C:\laragon\www\alquilando\system\Database\BaseConnection.php(598): CodeIgniter\Database\BaseConnection->simpleQuery('SELECT *\nFROM `...')
#3 C:\laragon\www\alquilando\system\Database\BaseBuilder.php(1455): CodeIgniter\Database\BaseConnection->query('SELECT *\nFROM `...', Array, false)
#4 C:\laragon\www\alquilando\system\Model.php(183): CodeIgniter\Database\BaseBuilder->get()
#5 C:\laragon\www\alquilando\system\BaseModel.php(584): CodeIgniter\Model->doFindAll(0, 0)
#6 C:\laragon\www\alquilando\app\Controllers\Pagos.php(59): CodeIgniter\BaseModel->findAll()
#7 C:\laragon\www\alquilando\system\CodeIgniter.php(823): App\Controllers\Pagos->index()
#8 C:\laragon\www\alquilando\system\CodeIgniter.php(410): CodeIgniter\CodeIgniter->runController(Object(App\Controllers\Pagos))
#9 C:\laragon\www\alquilando\system\CodeIgniter.php(318): CodeIgniter\CodeIgniter->handleRequest(NULL, Object(Config\Cache), false)
#10 C:\laragon\www\alquilando\public\index.php(37): CodeIgniter\CodeIgniter->run()
#11 {main}
ERROR - 2024-04-22 19:12:08 --> Unknown column 'idusuario' in 'where clause'
CRITICAL - 2024-04-22 19:12:08 --> Unknown column 'idusuario' in 'where clause'
#0 C:\laragon\www\alquilando\system\Database\MySQLi\Connection.php(292): mysqli->query('SELECT *\nFROM `...', 0)
#1 C:\laragon\www\alquilando\system\Database\BaseConnection.php(670): CodeIgniter\Database\MySQLi\Connection->execute('SELECT *\nFROM `...')
#2 C:\laragon\www\alquilando\system\Database\BaseConnection.php(598): CodeIgniter\Database\BaseConnection->simpleQuery('SELECT *\nFROM `...')
#3 C:\laragon\www\alquilando\system\Database\BaseBuilder.php(1455): CodeIgniter\Database\BaseConnection->query('SELECT *\nFROM `...', Array, false)
#4 C:\laragon\www\alquilando\system\Model.php(183): CodeIgniter\Database\BaseBuilder->get()
#5 C:\laragon\www\alquilando\system\BaseModel.php(584): CodeIgniter\Model->doFindAll(0, 0)
#6 C:\laragon\www\alquilando\app\Controllers\Pagos.php(59): CodeIgniter\BaseModel->findAll()
#7 C:\laragon\www\alquilando\system\CodeIgniter.php(823): App\Controllers\Pagos->index()
#8 C:\laragon\www\alquilando\system\CodeIgniter.php(410): CodeIgniter\CodeIgniter->runController(Object(App\Controllers\Pagos))
#9 C:\laragon\www\alquilando\system\CodeIgniter.php(318): CodeIgniter\CodeIgniter->handleRequest(NULL, Object(Config\Cache), false)
#10 C:\laragon\www\alquilando\public\index.php(37): CodeIgniter\CodeIgniter->run()
#11 {main}
ERROR - 2024-04-22 19:13:14 --> Unknown column 'idusuario' in 'where clause'
CRITICAL - 2024-04-22 19:13:14 --> Unknown column 'idusuario' in 'where clause'
#0 C:\laragon\www\alquilando\system\Database\MySQLi\Connection.php(292): mysqli->query('SELECT *\nFROM `...', 0)
#1 C:\laragon\www\alquilando\system\Database\BaseConnection.php(670): CodeIgniter\Database\MySQLi\Connection->execute('SELECT *\nFROM `...')
#2 C:\laragon\www\alquilando\system\Database\BaseConnection.php(598): CodeIgniter\Database\BaseConnection->simpleQuery('SELECT *\nFROM `...')
#3 C:\laragon\www\alquilando\system\Database\BaseBuilder.php(1455): CodeIgniter\Database\BaseConnection->query('SELECT *\nFROM `...', Array, false)
#4 C:\laragon\www\alquilando\system\Model.php(183): CodeIgniter\Database\BaseBuilder->get()
#5 C:\laragon\www\alquilando\system\BaseModel.php(584): CodeIgniter\Model->doFindAll(0, 0)
#6 C:\laragon\www\alquilando\app\Controllers\Pagos.php(59): CodeIgniter\BaseModel->findAll()
#7 C:\laragon\www\alquilando\system\CodeIgniter.php(823): App\Controllers\Pagos->index()
#8 C:\laragon\www\alquilando\system\CodeIgniter.php(410): CodeIgniter\CodeIgniter->runController(Object(App\Controllers\Pagos))
#9 C:\laragon\www\alquilando\system\CodeIgniter.php(318): CodeIgniter\CodeIgniter->handleRequest(NULL, Object(Config\Cache), false)
#10 C:\laragon\www\alquilando\public\index.php(37): CodeIgniter\CodeIgniter->run()
#11 {main}
ERROR - 2024-04-22 19:18:19 --> Unknown column 'idusuario' in 'where clause'
CRITICAL - 2024-04-22 19:18:19 --> Unknown column 'idusuario' in 'where clause'
#0 C:\laragon\www\alquilando\system\Database\MySQLi\Connection.php(292): mysqli->query('SELECT *\nFROM `...', 0)
#1 C:\laragon\www\alquilando\system\Database\BaseConnection.php(670): CodeIgniter\Database\MySQLi\Connection->execute('SELECT *\nFROM `...')
#2 C:\laragon\www\alquilando\system\Database\BaseConnection.php(598): CodeIgniter\Database\BaseConnection->simpleQuery('SELECT *\nFROM `...')
#3 C:\laragon\www\alquilando\system\Database\BaseBuilder.php(1455): CodeIgniter\Database\BaseConnection->query('SELECT *\nFROM `...', Array, false)
#4 C:\laragon\www\alquilando\system\Model.php(183): CodeIgniter\Database\BaseBuilder->get()
#5 C:\laragon\www\alquilando\system\BaseModel.php(584): CodeIgniter\Model->doFindAll(0, 0)
#6 C:\laragon\www\alquilando\app\Controllers\Pagos.php(72): CodeIgniter\BaseModel->findAll()
#7 C:\laragon\www\alquilando\system\CodeIgniter.php(823): App\Controllers\Pagos->index()
#8 C:\laragon\www\alquilando\system\CodeIgniter.php(410): CodeIgniter\CodeIgniter->runController(Object(App\Controllers\Pagos))
#9 C:\laragon\www\alquilando\system\CodeIgniter.php(318): CodeIgniter\CodeIgniter->handleRequest(NULL, Object(Config\Cache), false)
#10 C:\laragon\www\alquilando\public\index.php(37): CodeIgniter\CodeIgniter->run()
#11 {main}
ERROR - 2024-04-22 19:18:47 --> Unknown column 'idusuario' in 'where clause'
CRITICAL - 2024-04-22 19:18:47 --> Unknown column 'idusuario' in 'where clause'
#0 C:\laragon\www\alquilando\system\Database\MySQLi\Connection.php(292): mysqli->query('SELECT *\nFROM `...', 0)
#1 C:\laragon\www\alquilando\system\Database\BaseConnection.php(670): CodeIgniter\Database\MySQLi\Connection->execute('SELECT *\nFROM `...')
#2 C:\laragon\www\alquilando\system\Database\BaseConnection.php(598): CodeIgniter\Database\BaseConnection->simpleQuery('SELECT *\nFROM `...')
#3 C:\laragon\www\alquilando\system\Database\BaseBuilder.php(1455): CodeIgniter\Database\BaseConnection->query('SELECT *\nFROM `...', Array, false)
#4 C:\laragon\www\alquilando\system\Model.php(183): CodeIgniter\Database\BaseBuilder->get()
#5 C:\laragon\www\alquilando\system\BaseModel.php(584): CodeIgniter\Model->doFindAll(0, 0)
#6 C:\laragon\www\alquilando\app\Controllers\Pagos.php(72): CodeIgniter\BaseModel->findAll()
#7 C:\laragon\www\alquilando\system\CodeIgniter.php(823): App\Controllers\Pagos->index()
#8 C:\laragon\www\alquilando\system\CodeIgniter.php(410): CodeIgniter\CodeIgniter->runController(Object(App\Controllers\Pagos))
#9 C:\laragon\www\alquilando\system\CodeIgniter.php(318): CodeIgniter\CodeIgniter->handleRequest(NULL, Object(Config\Cache), false)
#10 C:\laragon\www\alquilando\public\index.php(37): CodeIgniter\CodeIgniter->run()
#11 {main}
ERROR - 2024-04-22 19:24:35 --> Unknown column 'idusuario' in 'where clause'
CRITICAL - 2024-04-22 19:24:35 --> Unknown column 'idusuario' in 'where clause'
#0 C:\laragon\www\alquilando\system\Database\MySQLi\Connection.php(292): mysqli->query('SELECT *\nFROM `...', 0)
#1 C:\laragon\www\alquilando\system\Database\BaseConnection.php(670): CodeIgniter\Database\MySQLi\Connection->execute('SELECT *\nFROM `...')
#2 C:\laragon\www\alquilando\system\Database\BaseConnection.php(598): CodeIgniter\Database\BaseConnection->simpleQuery('SELECT *\nFROM `...')
#3 C:\laragon\www\alquilando\system\Database\BaseBuilder.php(1455): CodeIgniter\Database\BaseConnection->query('SELECT *\nFROM `...', Array, false)
#4 C:\laragon\www\alquilando\system\Model.php(183): CodeIgniter\Database\BaseBuilder->get()
#5 C:\laragon\www\alquilando\system\BaseModel.php(584): CodeIgniter\Model->doFindAll(0, 0)
#6 C:\laragon\www\alquilando\app\Controllers\Pagos.php(73): CodeIgniter\BaseModel->findAll()
#7 C:\laragon\www\alquilando\system\CodeIgniter.php(823): App\Controllers\Pagos->index()
#8 C:\laragon\www\alquilando\system\CodeIgniter.php(410): CodeIgniter\CodeIgniter->runController(Object(App\Controllers\Pagos))
#9 C:\laragon\www\alquilando\system\CodeIgniter.php(318): CodeIgniter\CodeIgniter->handleRequest(NULL, Object(Config\Cache), false)
#10 C:\laragon\www\alquilando\public\index.php(37): CodeIgniter\CodeIgniter->run()
#11 {main}
ERROR - 2024-04-22 19:26:36 --> Unknown column 'idusuario' in 'where clause'
CRITICAL - 2024-04-22 19:26:36 --> Unknown column 'idusuario' in 'where clause'
#0 C:\laragon\www\alquilando\system\Database\MySQLi\Connection.php(292): mysqli->query('SELECT *\nFROM `...', 0)
#1 C:\laragon\www\alquilando\system\Database\BaseConnection.php(670): CodeIgniter\Database\MySQLi\Connection->execute('SELECT *\nFROM `...')
#2 C:\laragon\www\alquilando\system\Database\BaseConnection.php(598): CodeIgniter\Database\BaseConnection->simpleQuery('SELECT *\nFROM `...')
#3 C:\laragon\www\alquilando\system\Database\BaseBuilder.php(1455): CodeIgniter\Database\BaseConnection->query('SELECT *\nFROM `...', Array, false)
#4 C:\laragon\www\alquilando\system\Model.php(183): CodeIgniter\Database\BaseBuilder->get()
#5 C:\laragon\www\alquilando\system\BaseModel.php(584): CodeIgniter\Model->doFindAll(0, 0)
#6 C:\laragon\www\alquilando\app\Controllers\Pagos.php(73): CodeIgniter\BaseModel->findAll()
#7 C:\laragon\www\alquilando\system\CodeIgniter.php(823): App\Controllers\Pagos->index()
#8 C:\laragon\www\alquilando\system\CodeIgniter.php(410): CodeIgniter\CodeIgniter->runController(Object(App\Controllers\Pagos))
#9 C:\laragon\www\alquilando\system\CodeIgniter.php(318): CodeIgniter\CodeIgniter->handleRequest(NULL, Object(Config\Cache), false)
#10 C:\laragon\www\alquilando\public\index.php(37): CodeIgniter\CodeIgniter->run()
#11 {main}
ERROR - 2024-04-22 19:26:37 --> Unknown column 'idusuario' in 'where clause'
CRITICAL - 2024-04-22 19:26:37 --> Unknown column 'idusuario' in 'where clause'
#0 C:\laragon\www\alquilando\system\Database\MySQLi\Connection.php(292): mysqli->query('SELECT *\nFROM `...', 0)
#1 C:\laragon\www\alquilando\system\Database\BaseConnection.php(670): CodeIgniter\Database\MySQLi\Connection->execute('SELECT *\nFROM `...')
#2 C:\laragon\www\alquilando\system\Database\BaseConnection.php(598): CodeIgniter\Database\BaseConnection->simpleQuery('SELECT *\nFROM `...')
#3 C:\laragon\www\alquilando\system\Database\BaseBuilder.php(1455): CodeIgniter\Database\BaseConnection->query('SELECT *\nFROM `...', Array, false)
#4 C:\laragon\www\alquilando\system\Model.php(183): CodeIgniter\Database\BaseBuilder->get()
#5 C:\laragon\www\alquilando\system\BaseModel.php(584): CodeIgniter\Model->doFindAll(0, 0)
#6 C:\laragon\www\alquilando\app\Controllers\Pagos.php(73): CodeIgniter\BaseModel->findAll()
#7 C:\laragon\www\alquilando\system\CodeIgniter.php(823): App\Controllers\Pagos->index()
#8 C:\laragon\www\alquilando\system\CodeIgniter.php(410): CodeIgniter\CodeIgniter->runController(Object(App\Controllers\Pagos))
#9 C:\laragon\www\alquilando\system\CodeIgniter.php(318): CodeIgniter\CodeIgniter->handleRequest(NULL, Object(Config\Cache), false)
#10 C:\laragon\www\alquilando\public\index.php(37): CodeIgniter\CodeIgniter->run()
#11 {main}
ERROR - 2024-04-22 19:26:38 --> Unknown column 'idusuario' in 'where clause'
CRITICAL - 2024-04-22 19:26:38 --> Unknown column 'idusuario' in 'where clause'
#0 C:\laragon\www\alquilando\system\Database\MySQLi\Connection.php(292): mysqli->query('SELECT *\nFROM `...', 0)
#1 C:\laragon\www\alquilando\system\Database\BaseConnection.php(670): CodeIgniter\Database\MySQLi\Connection->execute('SELECT *\nFROM `...')
#2 C:\laragon\www\alquilando\system\Database\BaseConnection.php(598): CodeIgniter\Database\BaseConnection->simpleQuery('SELECT *\nFROM `...')
#3 C:\laragon\www\alquilando\system\Database\BaseBuilder.php(1455): CodeIgniter\Database\BaseConnection->query('SELECT *\nFROM `...', Array, false)
#4 C:\laragon\www\alquilando\system\Model.php(183): CodeIgniter\Database\BaseBuilder->get()
#5 C:\laragon\www\alquilando\system\BaseModel.php(584): CodeIgniter\Model->doFindAll(0, 0)
#6 C:\laragon\www\alquilando\app\Controllers\Pagos.php(73): CodeIgniter\BaseModel->findAll()
#7 C:\laragon\www\alquilando\system\CodeIgniter.php(823): App\Controllers\Pagos->index()
#8 C:\laragon\www\alquilando\system\CodeIgniter.php(410): CodeIgniter\CodeIgniter->runController(Object(App\Controllers\Pagos))
#9 C:\laragon\www\alquilando\system\CodeIgniter.php(318): CodeIgniter\CodeIgniter->handleRequest(NULL, Object(Config\Cache), false)
#10 C:\laragon\www\alquilando\public\index.php(37): CodeIgniter\CodeIgniter->run()
#11 {main}
CRITICAL - 2024-04-22 19:28:44 --> Array to string conversion
#0 C:\laragon\www\alquilando\app\Controllers\Pagos.php(73): CodeIgniter\Debug\Exceptions->errorHandler(2, 'Array to string...', 'C:\\laragon\\www\\...', 73)
#1 C:\laragon\www\alquilando\system\CodeIgniter.php(823): App\Controllers\Pagos->index()
#2 C:\laragon\www\alquilando\system\CodeIgniter.php(410): CodeIgniter\CodeIgniter->runController(Object(App\Controllers\Pagos))
#3 C:\laragon\www\alquilando\system\CodeIgniter.php(318): CodeIgniter\CodeIgniter->handleRequest(NULL, Object(Config\Cache), false)
#4 C:\laragon\www\alquilando\public\index.php(37): CodeIgniter\CodeIgniter->run()
#5 {main}
CRITICAL - 2024-04-22 19:30:09 --> Array to string conversion
#0 C:\laragon\www\alquilando\app\Controllers\Pagos.php(74): CodeIgniter\Debug\Exceptions->errorHandler(2, 'Array to string...', 'C:\\laragon\\www\\...', 74)
#1 C:\laragon\www\alquilando\system\CodeIgniter.php(823): App\Controllers\Pagos->index()
#2 C:\laragon\www\alquilando\system\CodeIgniter.php(410): CodeIgniter\CodeIgniter->runController(Object(App\Controllers\Pagos))
#3 C:\laragon\www\alquilando\system\CodeIgniter.php(318): CodeIgniter\CodeIgniter->handleRequest(NULL, Object(Config\Cache), false)
#4 C:\laragon\www\alquilando\public\index.php(37): CodeIgniter\CodeIgniter->run()
#5 {main}
CRITICAL - 2024-04-22 19:30:47 --> Undefined variable $pago
#0 C:\laragon\www\alquilando\app\Views\Admin\Pago\index.php(75): CodeIgniter\Debug\Exceptions->errorHandler(2, 'Undefined varia...', 'C:\\laragon\\www\\...', 75)
#1 C:\laragon\www\alquilando\system\View\View.php(210): include('C:\\laragon\\www\\...')
#2 C:\laragon\www\alquilando\system\View\View.php(213): CodeIgniter\View\View->CodeIgniter\View\{closure}()
#3 C:\laragon\www\alquilando\system\Common.php(1094): CodeIgniter\View\View->render('/Admin/pago/ind...', Array, true)
#4 C:\laragon\www\alquilando\app\Controllers\Pagos.php(80): view('/Admin/pago/ind...', Array)
#5 C:\laragon\www\alquilando\system\CodeIgniter.php(823): App\Controllers\Pagos->index()
#6 C:\laragon\www\alquilando\system\CodeIgniter.php(410): CodeIgniter\CodeIgniter->runController(Object(App\Controllers\Pagos))
#7 C:\laragon\www\alquilando\system\CodeIgniter.php(318): CodeIgniter\CodeIgniter->handleRequest(NULL, Object(Config\Cache), false)
#8 C:\laragon\www\alquilando\public\index.php(37): CodeIgniter\CodeIgniter->run()
#9 {main}
CRITICAL - 2024-04-22 19:31:29 --> Array to string conversion
#0 C:\laragon\www\alquilando\app\Controllers\Pagos.php(74): CodeIgniter\Debug\Exceptions->errorHandler(2, 'Array to string...', 'C:\\laragon\\www\\...', 74)
#1 C:\laragon\www\alquilando\system\CodeIgniter.php(823): App\Controllers\Pagos->index()
#2 C:\laragon\www\alquilando\system\CodeIgniter.php(410): CodeIgniter\CodeIgniter->runController(Object(App\Controllers\Pagos))
#3 C:\laragon\www\alquilando\system\CodeIgniter.php(318): CodeIgniter\CodeIgniter->handleRequest(NULL, Object(Config\Cache), false)
#4 C:\laragon\www\alquilando\public\index.php(37): CodeIgniter\CodeIgniter->run()
#5 {main}
ERROR - 2024-04-22 19:33:13 --> Unknown column 'idusuario' in 'where clause'
CRITICAL - 2024-04-22 19:33:13 --> Unknown column 'idusuario' in 'where clause'
#0 C:\laragon\www\alquilando\system\Database\MySQLi\Connection.php(292): mysqli->query('SELECT *\nFROM `...', 0)
#1 C:\laragon\www\alquilando\system\Database\BaseConnection.php(670): CodeIgniter\Database\MySQLi\Connection->execute('SELECT *\nFROM `...')
#2 C:\laragon\www\alquilando\system\Database\BaseConnection.php(598): CodeIgniter\Database\BaseConnection->simpleQuery('SELECT *\nFROM `...')
#3 C:\laragon\www\alquilando\system\Database\BaseBuilder.php(1455): CodeIgniter\Database\BaseConnection->query('SELECT *\nFROM `...', Array, false)
#4 C:\laragon\www\alquilando\system\Model.php(183): CodeIgniter\Database\BaseBuilder->get()
#5 C:\laragon\www\alquilando\system\BaseModel.php(584): CodeIgniter\Model->doFindAll(0, 0)
#6 C:\laragon\www\alquilando\app\Controllers\Pagos.php(74): CodeIgniter\BaseModel->findAll()
#7 C:\laragon\www\alquilando\system\CodeIgniter.php(823): App\Controllers\Pagos->index()
#8 C:\laragon\www\alquilando\system\CodeIgniter.php(410): CodeIgniter\CodeIgniter->runController(Object(App\Controllers\Pagos))
#9 C:\laragon\www\alquilando\system\CodeIgniter.php(318): CodeIgniter\CodeIgniter->handleRequest(NULL, Object(Config\Cache), false)
#10 C:\laragon\www\alquilando\public\index.php(37): CodeIgniter\CodeIgniter->run()
#11 {main}
