CRITICAL - 2023-07-05 23:28:55 --> Undefined variable $cantidadinmo
#0 C:\laragon\www\alquilando\app\Views\Admin\Layout\aside.php(45): CodeIgniter\Debug\Exceptions->errorHandler(2, 'Undefined varia...', 'C:\\laragon\\www\\...', 45)
#1 C:\laragon\www\alquilando\system\View\View.php(210): include('C:\\laragon\\www\\...')
#2 C:\laragon\www\alquilando\system\View\View.php(213): CodeIgniter\View\View->CodeIgniter\View\{closure}()
#3 C:\laragon\www\alquilando\system\View\View.php(424): CodeIgniter\View\View->render('Admin/Layout/as...', NULL, true)
#4 C:\laragon\www\alquilando\app\Views\Admin\Layout\main.php(5): CodeIgniter\View\View->include('Admin/Layout/as...')
#5 C:\laragon\www\alquilando\system\View\View.php(210): include('C:\\laragon\\www\\...')
#6 C:\laragon\www\alquilando\system\View\View.php(213): CodeIgniter\View\View->CodeIgniter\View\{closure}()
#7 C:\laragon\www\alquilando\system\View\View.php(226): CodeIgniter\View\View->render('Admin/Layout/ma...', Array, true)
#8 C:\laragon\www\alquilando\system\Common.php(1094): CodeIgniter\View\View->render('/Admin/home/inm...', Array, true)
#9 C:\laragon\www\alquilando\app\Controllers\Inmuebles.php(138): view('/Admin/home/inm...', Array)
#10 C:\laragon\www\alquilando\system\CodeIgniter.php(823): App\Controllers\Inmuebles->eliminados()
#11 C:\laragon\www\alquilando\system\CodeIgniter.php(410): CodeIgniter\CodeIgniter->runController(Object(App\Controllers\Inmuebles))
#12 C:\laragon\www\alquilando\system\CodeIgniter.php(318): CodeIgniter\CodeIgniter->handleRequest(NULL, Object(Config\Cache), false)
#13 C:\laragon\www\alquilando\public\index.php(37): CodeIgniter\CodeIgniter->run()
#14 {main}
CRITICAL - 2023-07-05 23:29:06 --> Undefined variable $cantidadinmo
#0 C:\laragon\www\alquilando\app\Views\Admin\Layout\aside.php(45): CodeIgniter\Debug\Exceptions->errorHandler(2, 'Undefined varia...', 'C:\\laragon\\www\\...', 45)
#1 C:\laragon\www\alquilando\system\View\View.php(210): include('C:\\laragon\\www\\...')
#2 C:\laragon\www\alquilando\system\View\View.php(213): CodeIgniter\View\View->CodeIgniter\View\{closure}()
#3 C:\laragon\www\alquilando\system\View\View.php(424): CodeIgniter\View\View->render('Admin/Layout/as...', NULL, true)
#4 C:\laragon\www\alquilando\app\Views\Admin\Layout\main.php(5): CodeIgniter\View\View->include('Admin/Layout/as...')
#5 C:\laragon\www\alquilando\system\View\View.php(210): include('C:\\laragon\\www\\...')
#6 C:\laragon\www\alquilando\system\View\View.php(213): CodeIgniter\View\View->CodeIgniter\View\{closure}()
#7 C:\laragon\www\alquilando\system\View\View.php(226): CodeIgniter\View\View->render('Admin/Layout/ma...', Array, true)
#8 C:\laragon\www\alquilando\system\Common.php(1094): CodeIgniter\View\View->render('/Admin/usuario/...', Array, true)
#9 C:\laragon\www\alquilando\app\Controllers\Usuarios.php(61): view('/Admin/usuario/...', Array)
#10 C:\laragon\www\alquilando\system\CodeIgniter.php(823): App\Controllers\Usuarios->listar()
#11 C:\laragon\www\alquilando\system\CodeIgniter.php(410): CodeIgniter\CodeIgniter->runController(Object(App\Controllers\Usuarios))
#12 C:\laragon\www\alquilando\system\CodeIgniter.php(318): CodeIgniter\CodeIgniter->handleRequest(NULL, Object(Config\Cache), false)
#13 C:\laragon\www\alquilando\public\index.php(37): CodeIgniter\CodeIgniter->run()
#14 {main}
CRITICAL - 2023-07-05 23:41:49 --> count(): Argument #1 ($value) must be of type Countable|array, App\Models\InmuebleModel given
#0 C:\laragon\www\alquilando\app\Controllers\Home.php(19): count(Object(App\Models\InmuebleModel))
#1 C:\laragon\www\alquilando\system\CodeIgniter.php(823): App\Controllers\Home->index()
#2 C:\laragon\www\alquilando\system\CodeIgniter.php(410): CodeIgniter\CodeIgniter->runController(Object(App\Controllers\Home))
#3 C:\laragon\www\alquilando\system\CodeIgniter.php(318): CodeIgniter\CodeIgniter->handleRequest(NULL, Object(Config\Cache), false)
#4 C:\laragon\www\alquilando\public\index.php(37): CodeIgniter\CodeIgniter->run()
#5 {main}
CRITICAL - 2023-07-05 23:42:56 --> count(): Argument #1 ($value) must be of type Countable|array, App\Models\InmuebleModel given
#0 C:\laragon\www\alquilando\app\Controllers\Home.php(19): count(Object(App\Models\InmuebleModel))
#1 C:\laragon\www\alquilando\system\CodeIgniter.php(823): App\Controllers\Home->index()
#2 C:\laragon\www\alquilando\system\CodeIgniter.php(410): CodeIgniter\CodeIgniter->runController(Object(App\Controllers\Home))
#3 C:\laragon\www\alquilando\system\CodeIgniter.php(318): CodeIgniter\CodeIgniter->handleRequest(NULL, Object(Config\Cache), false)
#4 C:\laragon\www\alquilando\public\index.php(37): CodeIgniter\CodeIgniter->run()
#5 {main}
CRITICAL - 2023-07-05 23:42:57 --> count(): Argument #1 ($value) must be of type Countable|array, App\Models\InmuebleModel given
#0 C:\laragon\www\alquilando\app\Controllers\Home.php(19): count(Object(App\Models\InmuebleModel))
#1 C:\laragon\www\alquilando\system\CodeIgniter.php(823): App\Controllers\Home->index()
#2 C:\laragon\www\alquilando\system\CodeIgniter.php(410): CodeIgniter\CodeIgniter->runController(Object(App\Controllers\Home))
#3 C:\laragon\www\alquilando\system\CodeIgniter.php(318): CodeIgniter\CodeIgniter->handleRequest(NULL, Object(Config\Cache), false)
#4 C:\laragon\www\alquilando\public\index.php(37): CodeIgniter\CodeIgniter->run()
#5 {main}
CRITICAL - 2023-07-05 23:43:34 --> syntax error, unexpected token "==", expecting ")"
#0 C:\laragon\www\alquilando\system\Autoloader\Autoloader.php(241): CodeIgniter\Autoloader\Autoloader->includeFile('C:\\laragon\\www\\...')
#1 C:\laragon\www\alquilando\system\Autoloader\Autoloader.php(219): CodeIgniter\Autoloader\Autoloader->loadInNamespace('App\\Controllers...')
#2 [internal function]: CodeIgniter\Autoloader\Autoloader->loadClass('App\\Controllers...')
#3 C:\laragon\www\alquilando\system\CodeIgniter.php(788): class_exists('\\App\\Controller...', true)
#4 C:\laragon\www\alquilando\system\CodeIgniter.php(397): CodeIgniter\CodeIgniter->startController()
#5 C:\laragon\www\alquilando\system\CodeIgniter.php(318): CodeIgniter\CodeIgniter->handleRequest(NULL, Object(Config\Cache), false)
#6 C:\laragon\www\alquilando\public\index.php(37): CodeIgniter\CodeIgniter->run()
#7 {main}
CRITICAL - 2023-07-05 23:44:38 --> count(): Argument #1 ($value) must be of type Countable|array, App\Models\InmuebleModel given
#0 C:\laragon\www\alquilando\app\Controllers\Home.php(19): count(Object(App\Models\InmuebleModel))
#1 C:\laragon\www\alquilando\system\CodeIgniter.php(823): App\Controllers\Home->index()
#2 C:\laragon\www\alquilando\system\CodeIgniter.php(410): CodeIgniter\CodeIgniter->runController(Object(App\Controllers\Home))
#3 C:\laragon\www\alquilando\system\CodeIgniter.php(318): CodeIgniter\CodeIgniter->handleRequest(NULL, Object(Config\Cache), false)
#4 C:\laragon\www\alquilando\public\index.php(37): CodeIgniter\CodeIgniter->run()
#5 {main}
CRITICAL - 2023-07-05 23:44:49 --> count(): Argument #1 ($value) must be of type Countable|array, App\Models\InmuebleModel given
#0 C:\laragon\www\alquilando\app\Controllers\Home.php(19): count(Object(App\Models\InmuebleModel))
#1 C:\laragon\www\alquilando\system\CodeIgniter.php(823): App\Controllers\Home->index()
#2 C:\laragon\www\alquilando\system\CodeIgniter.php(410): CodeIgniter\CodeIgniter->runController(Object(App\Controllers\Home))
#3 C:\laragon\www\alquilando\system\CodeIgniter.php(318): CodeIgniter\CodeIgniter->handleRequest(NULL, Object(Config\Cache), false)
#4 C:\laragon\www\alquilando\public\index.php(37): CodeIgniter\CodeIgniter->run()
#5 {main}
CRITICAL - 2023-07-05 23:44:51 --> count(): Argument #1 ($value) must be of type Countable|array, App\Models\InmuebleModel given
#0 C:\laragon\www\alquilando\app\Controllers\Home.php(19): count(Object(App\Models\InmuebleModel))
#1 C:\laragon\www\alquilando\system\CodeIgniter.php(823): App\Controllers\Home->index()
#2 C:\laragon\www\alquilando\system\CodeIgniter.php(410): CodeIgniter\CodeIgniter->runController(Object(App\Controllers\Home))
#3 C:\laragon\www\alquilando\system\CodeIgniter.php(318): CodeIgniter\CodeIgniter->handleRequest(NULL, Object(Config\Cache), false)
#4 C:\laragon\www\alquilando\public\index.php(37): CodeIgniter\CodeIgniter->run()
#5 {main}
CRITICAL - 2023-07-05 23:45:19 --> count(): Argument #1 ($value) must be of type Countable|array, App\Models\InmuebleModel given
#0 C:\laragon\www\alquilando\app\Controllers\Home.php(20): count(Object(App\Models\InmuebleModel))
#1 C:\laragon\www\alquilando\system\CodeIgniter.php(823): App\Controllers\Home->index()
#2 C:\laragon\www\alquilando\system\CodeIgniter.php(410): CodeIgniter\CodeIgniter->runController(Object(App\Controllers\Home))
#3 C:\laragon\www\alquilando\system\CodeIgniter.php(318): CodeIgniter\CodeIgniter->handleRequest(NULL, Object(Config\Cache), false)
#4 C:\laragon\www\alquilando\public\index.php(37): CodeIgniter\CodeIgniter->run()
#5 {main}
CRITICAL - 2023-07-05 23:46:51 --> Undefined property: App\Controllers\Home::$db
#0 C:\laragon\www\alquilando\app\Controllers\Home.php(16): CodeIgniter\Debug\Exceptions->errorHandler(2, 'Undefined prope...', 'C:\\laragon\\www\\...', 16)
#1 C:\laragon\www\alquilando\system\CodeIgniter.php(823): App\Controllers\Home->index()
#2 C:\laragon\www\alquilando\system\CodeIgniter.php(410): CodeIgniter\CodeIgniter->runController(Object(App\Controllers\Home))
#3 C:\laragon\www\alquilando\system\CodeIgniter.php(318): CodeIgniter\CodeIgniter->handleRequest(NULL, Object(Config\Cache), false)
#4 C:\laragon\www\alquilando\public\index.php(37): CodeIgniter\CodeIgniter->run()
#5 {main}
CRITICAL - 2023-07-05 23:47:18 --> Undefined property: App\Controllers\Home::$db
#0 C:\laragon\www\alquilando\app\Controllers\Home.php(16): CodeIgniter\Debug\Exceptions->errorHandler(2, 'Undefined prope...', 'C:\\laragon\\www\\...', 16)
#1 C:\laragon\www\alquilando\system\CodeIgniter.php(823): App\Controllers\Home->index()
#2 C:\laragon\www\alquilando\system\CodeIgniter.php(410): CodeIgniter\CodeIgniter->runController(Object(App\Controllers\Home))
#3 C:\laragon\www\alquilando\system\CodeIgniter.php(318): CodeIgniter\CodeIgniter->handleRequest(NULL, Object(Config\Cache), false)
#4 C:\laragon\www\alquilando\public\index.php(37): CodeIgniter\CodeIgniter->run()
#5 {main}
CRITICAL - 2023-07-05 23:50:09 --> Undefined variable $cantidadInmuebles
#0 C:\laragon\www\alquilando\app\Controllers\Home.php(21): CodeIgniter\Debug\Exceptions->errorHandler(2, 'Undefined varia...', 'C:\\laragon\\www\\...', 21)
#1 C:\laragon\www\alquilando\system\CodeIgniter.php(823): App\Controllers\Home->index()
#2 C:\laragon\www\alquilando\system\CodeIgniter.php(410): CodeIgniter\CodeIgniter->runController(Object(App\Controllers\Home))
#3 C:\laragon\www\alquilando\system\CodeIgniter.php(318): CodeIgniter\CodeIgniter->handleRequest(NULL, Object(Config\Cache), false)
#4 C:\laragon\www\alquilando\public\index.php(37): CodeIgniter\CodeIgniter->run()
#5 {main}
CRITICAL - 2023-07-05 23:52:48 --> Undefined variable $ninmueblescantidadinmo
#0 C:\laragon\www\alquilando\app\Views\Admin\Home\index.php(38): CodeIgniter\Debug\Exceptions->errorHandler(2, 'Undefined varia...', 'C:\\laragon\\www\\...', 38)
#1 C:\laragon\www\alquilando\system\View\View.php(210): include('C:\\laragon\\www\\...')
#2 C:\laragon\www\alquilando\system\View\View.php(213): CodeIgniter\View\View->CodeIgniter\View\{closure}()
#3 C:\laragon\www\alquilando\system\Common.php(1094): CodeIgniter\View\View->render('/Admin/Home/ind...', Array, true)
#4 C:\laragon\www\alquilando\app\Controllers\Home.php(25): view('/Admin/Home/ind...', Array)
#5 C:\laragon\www\alquilando\system\CodeIgniter.php(823): App\Controllers\Home->index()
#6 C:\laragon\www\alquilando\system\CodeIgniter.php(410): CodeIgniter\CodeIgniter->runController(Object(App\Controllers\Home))
#7 C:\laragon\www\alquilando\system\CodeIgniter.php(318): CodeIgniter\CodeIgniter->handleRequest(NULL, Object(Config\Cache), false)
#8 C:\laragon\www\alquilando\public\index.php(37): CodeIgniter\CodeIgniter->run()
#9 {main}
