ERROR - 2024-03-22 12:09:54 --> Table 'alquilando.usuarios' doesn't exist
CRITICAL - 2024-03-22 12:09:54 --> Table 'alquilando.usuarios' doesn't exist
#0 C:\laragon\www\alquilando\system\Database\MySQLi\Connection.php(292): mysqli->query('SELECT `pagos`....', 0)
#1 C:\laragon\www\alquilando\system\Database\BaseConnection.php(670): CodeIgniter\Database\MySQLi\Connection->execute('SELECT `pagos`....')
#2 C:\laragon\www\alquilando\system\Database\BaseConnection.php(598): CodeIgniter\Database\BaseConnection->simpleQuery('SELECT `pagos`....')
#3 C:\laragon\www\alquilando\system\Database\BaseBuilder.php(1455): CodeIgniter\Database\BaseConnection->query('SELECT `pagos`....', Array, false)
#4 C:\laragon\www\alquilando\app\Models\PagoModel.php(89): CodeIgniter\Database\BaseBuilder->get()
#5 C:\laragon\www\alquilando\app\Controllers\Pagos.php(152): App\Models\PagoModel->obtenerNombrePorId('3')
#6 C:\laragon\www\alquilando\system\CodeIgniter.php(823): App\Controllers\Pagos->generarReciboPDF('3')
#7 C:\laragon\www\alquilando\system\CodeIgniter.php(410): CodeIgniter\CodeIgniter->runController(Object(App\Controllers\Pagos))
#8 C:\laragon\www\alquilando\system\CodeIgniter.php(318): CodeIgniter\CodeIgniter->handleRequest(NULL, Object(Config\Cache), false)
#9 C:\laragon\www\alquilando\public\index.php(37): CodeIgniter\CodeIgniter->run()
#10 {main}
ERROR - 2024-03-22 12:12:19 --> Table 'alquilando.usuarios' doesn't exist
CRITICAL - 2024-03-22 12:12:19 --> Table 'alquilando.usuarios' doesn't exist
#0 C:\laragon\www\alquilando\system\Database\MySQLi\Connection.php(292): mysqli->query('SELECT `pagos`....', 0)
#1 C:\laragon\www\alquilando\system\Database\BaseConnection.php(670): CodeIgniter\Database\MySQLi\Connection->execute('SELECT `pagos`....')
#2 C:\laragon\www\alquilando\system\Database\BaseConnection.php(598): CodeIgniter\Database\BaseConnection->simpleQuery('SELECT `pagos`....')
#3 C:\laragon\www\alquilando\system\Database\BaseBuilder.php(1455): CodeIgniter\Database\BaseConnection->query('SELECT `pagos`....', Array, false)
#4 C:\laragon\www\alquilando\app\Models\PagoModel.php(89): CodeIgniter\Database\BaseBuilder->get()
#5 C:\laragon\www\alquilando\app\Controllers\Pagos.php(152): App\Models\PagoModel->obtenerNombrePorId('3')
#6 C:\laragon\www\alquilando\system\CodeIgniter.php(823): App\Controllers\Pagos->generarReciboPDF('3')
#7 C:\laragon\www\alquilando\system\CodeIgniter.php(410): CodeIgniter\CodeIgniter->runController(Object(App\Controllers\Pagos))
#8 C:\laragon\www\alquilando\system\CodeIgniter.php(318): CodeIgniter\CodeIgniter->handleRequest(NULL, Object(Config\Cache), false)
#9 C:\laragon\www\alquilando\public\index.php(37): CodeIgniter\CodeIgniter->run()
#10 {main}
ERROR - 2024-03-22 12:13:59 --> Table 'alquilando.usuarios' doesn't exist
CRITICAL - 2024-03-22 12:13:59 --> Table 'alquilando.usuarios' doesn't exist
#0 C:\laragon\www\alquilando\system\Database\MySQLi\Connection.php(292): mysqli->query('SELECT `pagos`....', 0)
#1 C:\laragon\www\alquilando\system\Database\BaseConnection.php(670): CodeIgniter\Database\MySQLi\Connection->execute('SELECT `pagos`....')
#2 C:\laragon\www\alquilando\system\Database\BaseConnection.php(598): CodeIgniter\Database\BaseConnection->simpleQuery('SELECT `pagos`....')
#3 C:\laragon\www\alquilando\system\Database\BaseBuilder.php(1455): CodeIgniter\Database\BaseConnection->query('SELECT `pagos`....', Array, false)
#4 C:\laragon\www\alquilando\app\Models\PagoModel.php(89): CodeIgniter\Database\BaseBuilder->get()
#5 C:\laragon\www\alquilando\app\Controllers\Pagos.php(152): App\Models\PagoModel->obtenerNombrePorId('3')
#6 C:\laragon\www\alquilando\system\CodeIgniter.php(823): App\Controllers\Pagos->generarReciboPDF('3')
#7 C:\laragon\www\alquilando\system\CodeIgniter.php(410): CodeIgniter\CodeIgniter->runController(Object(App\Controllers\Pagos))
#8 C:\laragon\www\alquilando\system\CodeIgniter.php(318): CodeIgniter\CodeIgniter->handleRequest(NULL, Object(Config\Cache), false)
#9 C:\laragon\www\alquilando\public\index.php(37): CodeIgniter\CodeIgniter->run()
#10 {main}
CRITICAL - 2024-03-22 12:18:44 --> FPDF error: Unknown page size: a6
#0 C:\laragon\www\alquilando\vendor\setasign\fpdf\fpdf.php(1068): FPDF->Error('Unknown page si...')
#1 C:\laragon\www\alquilando\vendor\setasign\fpdf\fpdf.php(125): FPDF->_getpagesize('a6')
#2 C:\laragon\www\alquilando\app\Controllers\Pagos.php(155): FPDF->__construct('P', 'mm', 'A6')
#3 C:\laragon\www\alquilando\system\CodeIgniter.php(823): App\Controllers\Pagos->generarReciboPDF('3')
#4 C:\laragon\www\alquilando\system\CodeIgniter.php(410): CodeIgniter\CodeIgniter->runController(Object(App\Controllers\Pagos))
#5 C:\laragon\www\alquilando\system\CodeIgniter.php(318): CodeIgniter\CodeIgniter->handleRequest(NULL, Object(Config\Cache), false)
#6 C:\laragon\www\alquilando\public\index.php(37): CodeIgniter\CodeIgniter->run()
#7 {main}
CRITICAL - 2024-03-22 12:23:32 --> FPDF error: Unknown page size: a6
#0 C:\laragon\www\alquilando\vendor\setasign\fpdf\fpdf.php(1068): FPDF->Error('Unknown page si...')
#1 C:\laragon\www\alquilando\vendor\setasign\fpdf\fpdf.php(125): FPDF->_getpagesize('a6')
#2 C:\laragon\www\alquilando\app\Controllers\Pagos.php(155): FPDF->__construct('L', 'mm', 'A6')
#3 C:\laragon\www\alquilando\system\CodeIgniter.php(823): App\Controllers\Pagos->generarReciboPDF('3')
#4 C:\laragon\www\alquilando\system\CodeIgniter.php(410): CodeIgniter\CodeIgniter->runController(Object(App\Controllers\Pagos))
#5 C:\laragon\www\alquilando\system\CodeIgniter.php(318): CodeIgniter\CodeIgniter->handleRequest(NULL, Object(Config\Cache), false)
#6 C:\laragon\www\alquilando\public\index.php(37): CodeIgniter\CodeIgniter->run()
#7 {main}
CRITICAL - 2024-03-22 12:25:37 --> FPDF error: Unknown page size: a7
#0 C:\laragon\www\alquilando\vendor\setasign\fpdf\fpdf.php(1068): FPDF->Error('Unknown page si...')
#1 C:\laragon\www\alquilando\vendor\setasign\fpdf\fpdf.php(125): FPDF->_getpagesize('a7')
#2 C:\laragon\www\alquilando\app\Controllers\Pagos.php(155): FPDF->__construct('L', 'mm', 'A7')
#3 C:\laragon\www\alquilando\system\CodeIgniter.php(823): App\Controllers\Pagos->generarReciboPDF('3')
#4 C:\laragon\www\alquilando\system\CodeIgniter.php(410): CodeIgniter\CodeIgniter->runController(Object(App\Controllers\Pagos))
#5 C:\laragon\www\alquilando\system\CodeIgniter.php(318): CodeIgniter\CodeIgniter->handleRequest(NULL, Object(Config\Cache), false)
#6 C:\laragon\www\alquilando\public\index.php(37): CodeIgniter\CodeIgniter->run()
#7 {main}
