CRITICAL - 2022-12-22 21:06:43 --> syntax error, unexpected token ";", expecting "]"
#0 C:\laragon\www\alquilando\system\Autoloader\Autoloader.php(241): CodeIgniter\Autoloader\Autoloader->includeFile('C:\\laragon\\www\\...')
#1 C:\laragon\www\alquilando\system\Autoloader\Autoloader.php(219): CodeIgniter\Autoloader\Autoloader->loadInNamespace('App\\Models\\Inmu...')
#2 C:\laragon\www\alquilando\app\Controllers\Inmuebles.php(17): CodeIgniter\Autoloader\Autoloader->loadClass('App\\Models\\Inmu...')
#3 C:\laragon\www\alquilando\system\CodeIgniter.php(800): App\Controllers\Inmuebles->__construct()
#4 C:\laragon\www\alquilando\system\CodeIgniter.php(401): CodeIgniter\CodeIgniter->createController()
#5 C:\laragon\www\alquilando\system\CodeIgniter.php(318): CodeIgniter\CodeIgniter->handleRequest(NULL, Object(Config\Cache), false)
#6 C:\laragon\www\alquilando\public\index.php(37): CodeIgniter\CodeIgniter->run()
#7 {main}
CRITICAL - 2022-12-22 21:18:55 --> The original file is not a valid file.
#0 C:\laragon\www\alquilando\system\HTTP\Files\UploadedFile.php(137): CodeIgniter\HTTP\Exceptions\HTTPException::forInvalidFile()
#1 C:\laragon\www\alquilando\app\Controllers\Inmuebles.php(68): CodeIgniter\HTTP\Files\UploadedFile->move('uploads/', '1671765535_2b91...')
#2 C:\laragon\www\alquilando\system\CodeIgniter.php(823): App\Controllers\Inmuebles->insertar()
#3 C:\laragon\www\alquilando\system\CodeIgniter.php(410): CodeIgniter\CodeIgniter->runController(Object(App\Controllers\Inmuebles))
#4 C:\laragon\www\alquilando\system\CodeIgniter.php(318): CodeIgniter\CodeIgniter->handleRequest(NULL, Object(Config\Cache), false)
#5 C:\laragon\www\alquilando\public\index.php(37): CodeIgniter\CodeIgniter->run()
#6 {main}
CRITICAL - 2022-12-22 21:20:29 --> finfo_file(C:\laragon\tmp\phpC593.tmp): Failed to open stream: No such file or directory
#0 [internal function]: CodeIgniter\Debug\Exceptions->errorHandler(2, 'finfo_file(C:\\l...', 'C:\\laragon\\www\\...', 109)
#1 C:\laragon\www\alquilando\system\Files\File.php(109): finfo_file(Resource id #147, 'C:\\laragon\\tmp\\...')
#2 C:\laragon\www\alquilando\system\HTTP\Files\UploadedFile.php(302): CodeIgniter\Files\File->getMimeType()
#3 C:\laragon\www\alquilando\system\Validation\FileRules.php(200): CodeIgniter\HTTP\Files\UploadedFile->guessExtension()
#4 C:\laragon\www\alquilando\system\Validation\Validation.php(292): CodeIgniter\Validation\FileRules->ext_in('1671765629_1760...', Array, Array, NULL)
#5 C:\laragon\www\alquilando\system\Validation\Validation.php(157): CodeIgniter\Validation\Validation->processRules('foto', 'foto', '1671765629_1760...', Array, Array)
#6 C:\laragon\www\alquilando\system\BaseModel.php(1347): CodeIgniter\Validation\Validation->run(Array, NULL, NULL)
#7 C:\laragon\www\alquilando\system\BaseModel.php(707): CodeIgniter\BaseModel->validate(Array)
#8 C:\laragon\www\alquilando\system\Model.php(625): CodeIgniter\BaseModel->insert(Array, false)
#9 C:\laragon\www\alquilando\system\BaseModel.php(658): CodeIgniter\Model->insert(Array, false)
#10 C:\laragon\www\alquilando\app\Controllers\Inmuebles.php(77): CodeIgniter\BaseModel->save(Array)
#11 C:\laragon\www\alquilando\system\CodeIgniter.php(823): App\Controllers\Inmuebles->insertar()
#12 C:\laragon\www\alquilando\system\CodeIgniter.php(410): CodeIgniter\CodeIgniter->runController(Object(App\Controllers\Inmuebles))
#13 C:\laragon\www\alquilando\system\CodeIgniter.php(318): CodeIgniter\CodeIgniter->handleRequest(NULL, Object(Config\Cache), false)
#14 C:\laragon\www\alquilando\public\index.php(37): CodeIgniter\CodeIgniter->run()
#15 {main}
CRITICAL - 2022-12-22 21:23:53 --> finfo_file(C:\laragon\tmp\phpE10C.tmp): Failed to open stream: No such file or directory
#0 [internal function]: CodeIgniter\Debug\Exceptions->errorHandler(2, 'finfo_file(C:\\l...', 'C:\\laragon\\www\\...', 109)
#1 C:\laragon\www\alquilando\system\Files\File.php(109): finfo_file(Resource id #147, 'C:\\laragon\\tmp\\...')
#2 C:\laragon\www\alquilando\system\HTTP\Files\UploadedFile.php(302): CodeIgniter\Files\File->getMimeType()
#3 C:\laragon\www\alquilando\system\Validation\FileRules.php(200): CodeIgniter\HTTP\Files\UploadedFile->guessExtension()
#4 C:\laragon\www\alquilando\system\Validation\Validation.php(292): CodeIgniter\Validation\FileRules->ext_in('1671765833_3809...', Array, Array, NULL)
#5 C:\laragon\www\alquilando\system\Validation\Validation.php(157): CodeIgniter\Validation\Validation->processRules('foto', 'foto', '1671765833_3809...', Array, Array)
#6 C:\laragon\www\alquilando\system\BaseModel.php(1347): CodeIgniter\Validation\Validation->run(Array, NULL, NULL)
#7 C:\laragon\www\alquilando\system\BaseModel.php(707): CodeIgniter\BaseModel->validate(Array)
#8 C:\laragon\www\alquilando\system\Model.php(625): CodeIgniter\BaseModel->insert(Array, false)
#9 C:\laragon\www\alquilando\system\BaseModel.php(658): CodeIgniter\Model->insert(Array, false)
#10 C:\laragon\www\alquilando\app\Controllers\Inmuebles.php(77): CodeIgniter\BaseModel->save(Array)
#11 C:\laragon\www\alquilando\system\CodeIgniter.php(823): App\Controllers\Inmuebles->insertar()
#12 C:\laragon\www\alquilando\system\CodeIgniter.php(410): CodeIgniter\CodeIgniter->runController(Object(App\Controllers\Inmuebles))
#13 C:\laragon\www\alquilando\system\CodeIgniter.php(318): CodeIgniter\CodeIgniter->handleRequest(NULL, Object(Config\Cache), false)
#14 C:\laragon\www\alquilando\public\index.php(37): CodeIgniter\CodeIgniter->run()
#15 {main}
CRITICAL - 2022-12-22 21:40:02 --> finfo_file(C:\laragon\tmp\phpAC89.tmp): Failed to open stream: No such file or directory
#0 [internal function]: CodeIgniter\Debug\Exceptions->errorHandler(2, 'finfo_file(C:\\l...', 'C:\\laragon\\www\\...', 109)
#1 C:\laragon\www\alquilando\system\Files\File.php(109): finfo_file(Resource id #147, 'C:\\laragon\\tmp\\...')
#2 C:\laragon\www\alquilando\system\HTTP\Files\UploadedFile.php(302): CodeIgniter\Files\File->getMimeType()
#3 C:\laragon\www\alquilando\system\Validation\FileRules.php(200): CodeIgniter\HTTP\Files\UploadedFile->guessExtension()
#4 C:\laragon\www\alquilando\system\Validation\Validation.php(292): CodeIgniter\Validation\FileRules->ext_in('1671766802_4a41...', Array, Array, NULL)
#5 C:\laragon\www\alquilando\system\Validation\Validation.php(157): CodeIgniter\Validation\Validation->processRules('foto', 'foto', '1671766802_4a41...', Array, Array)
#6 C:\laragon\www\alquilando\system\BaseModel.php(1347): CodeIgniter\Validation\Validation->run(Array, NULL, NULL)
#7 C:\laragon\www\alquilando\system\BaseModel.php(707): CodeIgniter\BaseModel->validate(Array)
#8 C:\laragon\www\alquilando\system\Model.php(625): CodeIgniter\BaseModel->insert(Array, false)
#9 C:\laragon\www\alquilando\system\BaseModel.php(658): CodeIgniter\Model->insert(Array, false)
#10 C:\laragon\www\alquilando\app\Controllers\Inmuebles.php(78): CodeIgniter\BaseModel->save(Array)
#11 C:\laragon\www\alquilando\system\CodeIgniter.php(823): App\Controllers\Inmuebles->insertar()
#12 C:\laragon\www\alquilando\system\CodeIgniter.php(410): CodeIgniter\CodeIgniter->runController(Object(App\Controllers\Inmuebles))
#13 C:\laragon\www\alquilando\system\CodeIgniter.php(318): CodeIgniter\CodeIgniter->handleRequest(NULL, Object(Config\Cache), false)
#14 C:\laragon\www\alquilando\public\index.php(37): CodeIgniter\CodeIgniter->run()
#15 {main}
CRITICAL - 2022-12-22 21:46:00 --> The original file is not a valid file.
#0 C:\laragon\www\alquilando\system\HTTP\Files\UploadedFile.php(137): CodeIgniter\HTTP\Exceptions\HTTPException::forInvalidFile()
#1 C:\laragon\www\alquilando\app\Controllers\Inmuebles.php(68): CodeIgniter\HTTP\Files\UploadedFile->move('uploads/', '1671767160_dfbd...')
#2 C:\laragon\www\alquilando\system\CodeIgniter.php(823): App\Controllers\Inmuebles->insertar()
#3 C:\laragon\www\alquilando\system\CodeIgniter.php(410): CodeIgniter\CodeIgniter->runController(Object(App\Controllers\Inmuebles))
#4 C:\laragon\www\alquilando\system\CodeIgniter.php(318): CodeIgniter\CodeIgniter->handleRequest(NULL, Object(Config\Cache), false)
#5 C:\laragon\www\alquilando\public\index.php(37): CodeIgniter\CodeIgniter->run()
#6 {main}
CRITICAL - 2022-12-22 21:49:05 --> The original file is not a valid file.
#0 C:\laragon\www\alquilando\system\HTTP\Files\UploadedFile.php(137): CodeIgniter\HTTP\Exceptions\HTTPException::forInvalidFile()
#1 C:\laragon\www\alquilando\app\Controllers\Inmuebles.php(68): CodeIgniter\HTTP\Files\UploadedFile->move('uploads/', '1671767345_8c02...')
#2 C:\laragon\www\alquilando\system\CodeIgniter.php(823): App\Controllers\Inmuebles->insertar()
#3 C:\laragon\www\alquilando\system\CodeIgniter.php(410): CodeIgniter\CodeIgniter->runController(Object(App\Controllers\Inmuebles))
#4 C:\laragon\www\alquilando\system\CodeIgniter.php(318): CodeIgniter\CodeIgniter->handleRequest(NULL, Object(Config\Cache), false)
#5 C:\laragon\www\alquilando\public\index.php(37): CodeIgniter\CodeIgniter->run()
#6 {main}
CRITICAL - 2022-12-22 21:52:02 --> The original file is not a valid file.
#0 C:\laragon\www\alquilando\system\HTTP\Files\UploadedFile.php(137): CodeIgniter\HTTP\Exceptions\HTTPException::forInvalidFile()
#1 C:\laragon\www\alquilando\app\Controllers\Inmuebles.php(68): CodeIgniter\HTTP\Files\UploadedFile->move('uploads/', '1671767522_0eb3...')
#2 C:\laragon\www\alquilando\system\CodeIgniter.php(823): App\Controllers\Inmuebles->insertar()
#3 C:\laragon\www\alquilando\system\CodeIgniter.php(410): CodeIgniter\CodeIgniter->runController(Object(App\Controllers\Inmuebles))
#4 C:\laragon\www\alquilando\system\CodeIgniter.php(318): CodeIgniter\CodeIgniter->handleRequest(NULL, Object(Config\Cache), false)
#5 C:\laragon\www\alquilando\public\index.php(37): CodeIgniter\CodeIgniter->run()
#6 {main}
CRITICAL - 2022-12-22 21:59:16 --> Array to string conversion
#0 C:\laragon\www\alquilando\app\Views\Admin\Home\registro.php(60): CodeIgniter\Debug\Exceptions->errorHandler(2, 'Array to string...', 'C:\\laragon\\www\\...', 60)
#1 C:\laragon\www\alquilando\system\View\View.php(210): include('C:\\laragon\\www\\...')
#2 C:\laragon\www\alquilando\system\View\View.php(213): CodeIgniter\View\View->CodeIgniter\View\{closure}()
#3 C:\laragon\www\alquilando\system\Common.php(1094): CodeIgniter\View\View->render('/Admin/home/reg...', Array, true)
#4 C:\laragon\www\alquilando\app\Controllers\Inmuebles.php(46): view('/Admin/home/reg...', Array)
#5 C:\laragon\www\alquilando\system\CodeIgniter.php(823): App\Controllers\Inmuebles->registro()
#6 C:\laragon\www\alquilando\system\CodeIgniter.php(410): CodeIgniter\CodeIgniter->runController(Object(App\Controllers\Inmuebles))
#7 C:\laragon\www\alquilando\system\CodeIgniter.php(318): CodeIgniter\CodeIgniter->handleRequest(NULL, Object(Config\Cache), false)
#8 C:\laragon\www\alquilando\public\index.php(37): CodeIgniter\CodeIgniter->run()
#9 {main}
CRITICAL - 2022-12-22 22:04:35 --> Array to string conversion
#0 C:\laragon\www\alquilando\app\Views\Admin\Home\registro.php(51): CodeIgniter\Debug\Exceptions->errorHandler(2, 'Array to string...', 'C:\\laragon\\www\\...', 51)
#1 C:\laragon\www\alquilando\system\View\View.php(210): include('C:\\laragon\\www\\...')
#2 C:\laragon\www\alquilando\system\View\View.php(213): CodeIgniter\View\View->CodeIgniter\View\{closure}()
#3 C:\laragon\www\alquilando\system\Common.php(1094): CodeIgniter\View\View->render('/Admin/home/reg...', Array, true)
#4 C:\laragon\www\alquilando\app\Controllers\Inmuebles.php(46): view('/Admin/home/reg...', Array)
#5 C:\laragon\www\alquilando\system\CodeIgniter.php(823): App\Controllers\Inmuebles->registro()
#6 C:\laragon\www\alquilando\system\CodeIgniter.php(410): CodeIgniter\CodeIgniter->runController(Object(App\Controllers\Inmuebles))
#7 C:\laragon\www\alquilando\system\CodeIgniter.php(318): CodeIgniter\CodeIgniter->handleRequest(NULL, Object(Config\Cache), false)
#8 C:\laragon\www\alquilando\public\index.php(37): CodeIgniter\CodeIgniter->run()
#9 {main}
CRITICAL - 2022-12-22 22:05:55 --> Array to string conversion
#0 C:\laragon\www\alquilando\app\Views\Admin\Home\registro.php(64): CodeIgniter\Debug\Exceptions->errorHandler(2, 'Array to string...', 'C:\\laragon\\www\\...', 64)
#1 C:\laragon\www\alquilando\system\View\View.php(210): include('C:\\laragon\\www\\...')
#2 C:\laragon\www\alquilando\system\View\View.php(213): CodeIgniter\View\View->CodeIgniter\View\{closure}()
#3 C:\laragon\www\alquilando\system\Common.php(1094): CodeIgniter\View\View->render('/Admin/home/reg...', Array, true)
#4 C:\laragon\www\alquilando\app\Controllers\Inmuebles.php(46): view('/Admin/home/reg...', Array)
#5 C:\laragon\www\alquilando\system\CodeIgniter.php(823): App\Controllers\Inmuebles->registro()
#6 C:\laragon\www\alquilando\system\CodeIgniter.php(410): CodeIgniter\CodeIgniter->runController(Object(App\Controllers\Inmuebles))
#7 C:\laragon\www\alquilando\system\CodeIgniter.php(318): CodeIgniter\CodeIgniter->handleRequest(NULL, Object(Config\Cache), false)
#8 C:\laragon\www\alquilando\public\index.php(37): CodeIgniter\CodeIgniter->run()
#9 {main}
CRITICAL - 2022-12-22 22:12:54 --> The original file is not a valid file.
#0 C:\laragon\www\alquilando\system\HTTP\Files\UploadedFile.php(137): CodeIgniter\HTTP\Exceptions\HTTPException::forInvalidFile()
#1 C:\laragon\www\alquilando\app\Controllers\Inmuebles.php(63): CodeIgniter\HTTP\Files\UploadedFile->move('uploads/', '1671768774_0c26...')
#2 C:\laragon\www\alquilando\system\CodeIgniter.php(823): App\Controllers\Inmuebles->insertar()
#3 C:\laragon\www\alquilando\system\CodeIgniter.php(410): CodeIgniter\CodeIgniter->runController(Object(App\Controllers\Inmuebles))
#4 C:\laragon\www\alquilando\system\CodeIgniter.php(318): CodeIgniter\CodeIgniter->handleRequest(NULL, Object(Config\Cache), false)
#5 C:\laragon\www\alquilando\public\index.php(37): CodeIgniter\CodeIgniter->run()
#6 {main}
CRITICAL - 2022-12-22 22:18:49 --> Unclosed '{' on line 61 does not match ']'
#0 C:\laragon\www\alquilando\system\Autoloader\Autoloader.php(241): CodeIgniter\Autoloader\Autoloader->includeFile('C:\\laragon\\www\\...')
#1 C:\laragon\www\alquilando\system\Autoloader\Autoloader.php(219): CodeIgniter\Autoloader\Autoloader->loadInNamespace('App\\Controllers...')
#2 [internal function]: CodeIgniter\Autoloader\Autoloader->loadClass('App\\Controllers...')
#3 C:\laragon\www\alquilando\system\CodeIgniter.php(788): class_exists('\\App\\Controller...', true)
#4 C:\laragon\www\alquilando\system\CodeIgniter.php(397): CodeIgniter\CodeIgniter->startController()
#5 C:\laragon\www\alquilando\system\CodeIgniter.php(318): CodeIgniter\CodeIgniter->handleRequest(NULL, Object(Config\Cache), false)
#6 C:\laragon\www\alquilando\public\index.php(37): CodeIgniter\CodeIgniter->run()
#7 {main}
CRITICAL - 2022-12-22 22:18:52 --> Unclosed '{' on line 61 does not match ']'
#0 C:\laragon\www\alquilando\system\Autoloader\Autoloader.php(241): CodeIgniter\Autoloader\Autoloader->includeFile('C:\\laragon\\www\\...')
#1 C:\laragon\www\alquilando\system\Autoloader\Autoloader.php(219): CodeIgniter\Autoloader\Autoloader->loadInNamespace('App\\Controllers...')
#2 [internal function]: CodeIgniter\Autoloader\Autoloader->loadClass('App\\Controllers...')
#3 C:\laragon\www\alquilando\system\CodeIgniter.php(788): class_exists('\\App\\Controller...', true)
#4 C:\laragon\www\alquilando\system\CodeIgniter.php(397): CodeIgniter\CodeIgniter->startController()
#5 C:\laragon\www\alquilando\system\CodeIgniter.php(318): CodeIgniter\CodeIgniter->handleRequest(NULL, Object(Config\Cache), false)
#6 C:\laragon\www\alquilando\public\index.php(37): CodeIgniter\CodeIgniter->run()
#7 {main}
CRITICAL - 2022-12-22 22:19:01 --> Unclosed '{' on line 61 does not match ']'
#0 C:\laragon\www\alquilando\system\Autoloader\Autoloader.php(241): CodeIgniter\Autoloader\Autoloader->includeFile('C:\\laragon\\www\\...')
#1 C:\laragon\www\alquilando\system\Autoloader\Autoloader.php(219): CodeIgniter\Autoloader\Autoloader->loadInNamespace('App\\Controllers...')
#2 [internal function]: CodeIgniter\Autoloader\Autoloader->loadClass('App\\Controllers...')
#3 C:\laragon\www\alquilando\system\CodeIgniter.php(788): class_exists('\\App\\Controller...', true)
#4 C:\laragon\www\alquilando\system\CodeIgniter.php(397): CodeIgniter\CodeIgniter->startController()
#5 C:\laragon\www\alquilando\system\CodeIgniter.php(318): CodeIgniter\CodeIgniter->handleRequest(NULL, Object(Config\Cache), false)
#6 C:\laragon\www\alquilando\public\index.php(37): CodeIgniter\CodeIgniter->run()
#7 {main}
CRITICAL - 2022-12-22 22:25:10 --> Undefined variable $imageName
#0 C:\laragon\www\alquilando\app\Controllers\Inmuebles.php(74): CodeIgniter\Debug\Exceptions->errorHandler(2, 'Undefined varia...', 'C:\\laragon\\www\\...', 74)
#1 C:\laragon\www\alquilando\system\CodeIgniter.php(823): App\Controllers\Inmuebles->insertar()
#2 C:\laragon\www\alquilando\system\CodeIgniter.php(410): CodeIgniter\CodeIgniter->runController(Object(App\Controllers\Inmuebles))
#3 C:\laragon\www\alquilando\system\CodeIgniter.php(318): CodeIgniter\CodeIgniter->handleRequest(NULL, Object(Config\Cache), false)
#4 C:\laragon\www\alquilando\public\index.php(37): CodeIgniter\CodeIgniter->run()
#5 {main}
CRITICAL - 2022-12-22 22:32:50 --> Undefined variable $inmueble
#0 C:\laragon\www\alquilando\app\Controllers\Inmuebles.php(53): CodeIgniter\Debug\Exceptions->errorHandler(2, 'Undefined varia...', 'C:\\laragon\\www\\...', 53)
#1 C:\laragon\www\alquilando\system\CodeIgniter.php(823): App\Controllers\Inmuebles->insertar()
#2 C:\laragon\www\alquilando\system\CodeIgniter.php(410): CodeIgniter\CodeIgniter->runController(Object(App\Controllers\Inmuebles))
#3 C:\laragon\www\alquilando\system\CodeIgniter.php(318): CodeIgniter\CodeIgniter->handleRequest(NULL, Object(Config\Cache), false)
#4 C:\laragon\www\alquilando\public\index.php(37): CodeIgniter\CodeIgniter->run()
#5 {main}
CRITICAL - 2022-12-22 22:32:54 --> Undefined variable $inmueble
#0 C:\laragon\www\alquilando\app\Controllers\Inmuebles.php(53): CodeIgniter\Debug\Exceptions->errorHandler(2, 'Undefined varia...', 'C:\\laragon\\www\\...', 53)
#1 C:\laragon\www\alquilando\system\CodeIgniter.php(823): App\Controllers\Inmuebles->insertar()
#2 C:\laragon\www\alquilando\system\CodeIgniter.php(410): CodeIgniter\CodeIgniter->runController(Object(App\Controllers\Inmuebles))
#3 C:\laragon\www\alquilando\system\CodeIgniter.php(318): CodeIgniter\CodeIgniter->handleRequest(NULL, Object(Config\Cache), false)
#4 C:\laragon\www\alquilando\public\index.php(37): CodeIgniter\CodeIgniter->run()
#5 {main}
CRITICAL - 2022-12-22 22:34:38 --> Call to undefined method CodeIgniter\Validation\Validation::errors()
#0 C:\laragon\www\alquilando\system\CodeIgniter.php(823): App\Controllers\Inmuebles->insertar()
#1 C:\laragon\www\alquilando\system\CodeIgniter.php(410): CodeIgniter\CodeIgniter->runController(Object(App\Controllers\Inmuebles))
#2 C:\laragon\www\alquilando\system\CodeIgniter.php(318): CodeIgniter\CodeIgniter->handleRequest(NULL, Object(Config\Cache), false)
#3 C:\laragon\www\alquilando\public\index.php(37): CodeIgniter\CodeIgniter->run()
#4 {main}
CRITICAL - 2022-12-22 22:35:44 --> Array to string conversion
#0 C:\laragon\www\alquilando\app\Views\Admin\Home\registro.php(46): CodeIgniter\Debug\Exceptions->errorHandler(2, 'Array to string...', 'C:\\laragon\\www\\...', 46)
#1 C:\laragon\www\alquilando\system\View\View.php(210): include('C:\\laragon\\www\\...')
#2 C:\laragon\www\alquilando\system\View\View.php(213): CodeIgniter\View\View->CodeIgniter\View\{closure}()
#3 C:\laragon\www\alquilando\system\Common.php(1094): CodeIgniter\View\View->render('/Admin/home/reg...', Array, true)
#4 C:\laragon\www\alquilando\app\Controllers\Inmuebles.php(46): view('/Admin/home/reg...', Array)
#5 C:\laragon\www\alquilando\system\CodeIgniter.php(823): App\Controllers\Inmuebles->registro()
#6 C:\laragon\www\alquilando\system\CodeIgniter.php(410): CodeIgniter\CodeIgniter->runController(Object(App\Controllers\Inmuebles))
#7 C:\laragon\www\alquilando\system\CodeIgniter.php(318): CodeIgniter\CodeIgniter->handleRequest(NULL, Object(Config\Cache), false)
#8 C:\laragon\www\alquilando\public\index.php(37): CodeIgniter\CodeIgniter->run()
#9 {main}
CRITICAL - 2022-12-22 22:37:56 --> Array to string conversion
#0 C:\laragon\www\alquilando\app\Views\Admin\Home\registro.php(46): CodeIgniter\Debug\Exceptions->errorHandler(2, 'Array to string...', 'C:\\laragon\\www\\...', 46)
#1 C:\laragon\www\alquilando\system\View\View.php(210): include('C:\\laragon\\www\\...')
#2 C:\laragon\www\alquilando\system\View\View.php(213): CodeIgniter\View\View->CodeIgniter\View\{closure}()
#3 C:\laragon\www\alquilando\system\Common.php(1094): CodeIgniter\View\View->render('/Admin/home/reg...', Array, true)
#4 C:\laragon\www\alquilando\app\Controllers\Inmuebles.php(46): view('/Admin/home/reg...', Array)
#5 C:\laragon\www\alquilando\system\CodeIgniter.php(823): App\Controllers\Inmuebles->registro()
#6 C:\laragon\www\alquilando\system\CodeIgniter.php(410): CodeIgniter\CodeIgniter->runController(Object(App\Controllers\Inmuebles))
#7 C:\laragon\www\alquilando\system\CodeIgniter.php(318): CodeIgniter\CodeIgniter->handleRequest(NULL, Object(Config\Cache), false)
#8 C:\laragon\www\alquilando\public\index.php(37): CodeIgniter\CodeIgniter->run()
#9 {main}
CRITICAL - 2022-12-22 22:45:20 --> Array to string conversion
#0 C:\laragon\www\alquilando\app\Views\Admin\Home\registro.php(46): CodeIgniter\Debug\Exceptions->errorHandler(2, 'Array to string...', 'C:\\laragon\\www\\...', 46)
#1 C:\laragon\www\alquilando\system\View\View.php(210): include('C:\\laragon\\www\\...')
#2 C:\laragon\www\alquilando\system\View\View.php(213): CodeIgniter\View\View->CodeIgniter\View\{closure}()
#3 C:\laragon\www\alquilando\system\Common.php(1094): CodeIgniter\View\View->render('/Admin/home/reg...', Array, true)
#4 C:\laragon\www\alquilando\app\Controllers\Inmuebles.php(46): view('/Admin/home/reg...', Array)
#5 C:\laragon\www\alquilando\system\CodeIgniter.php(823): App\Controllers\Inmuebles->registro()
#6 C:\laragon\www\alquilando\system\CodeIgniter.php(410): CodeIgniter\CodeIgniter->runController(Object(App\Controllers\Inmuebles))
#7 C:\laragon\www\alquilando\system\CodeIgniter.php(318): CodeIgniter\CodeIgniter->handleRequest(NULL, Object(Config\Cache), false)
#8 C:\laragon\www\alquilando\public\index.php(37): CodeIgniter\CodeIgniter->run()
#9 {main}
CRITICAL - 2022-12-22 22:46:42 --> Array to string conversion
#0 C:\laragon\www\alquilando\app\Views\Admin\Home\registro.php(46): CodeIgniter\Debug\Exceptions->errorHandler(2, 'Array to string...', 'C:\\laragon\\www\\...', 46)
#1 C:\laragon\www\alquilando\system\View\View.php(210): include('C:\\laragon\\www\\...')
#2 C:\laragon\www\alquilando\system\View\View.php(213): CodeIgniter\View\View->CodeIgniter\View\{closure}()
#3 C:\laragon\www\alquilando\system\Common.php(1094): CodeIgniter\View\View->render('/Admin/home/reg...', Array, true)
#4 C:\laragon\www\alquilando\app\Controllers\Inmuebles.php(46): view('/Admin/home/reg...', Array)
#5 C:\laragon\www\alquilando\system\CodeIgniter.php(823): App\Controllers\Inmuebles->registro()
#6 C:\laragon\www\alquilando\system\CodeIgniter.php(410): CodeIgniter\CodeIgniter->runController(Object(App\Controllers\Inmuebles))
#7 C:\laragon\www\alquilando\system\CodeIgniter.php(318): CodeIgniter\CodeIgniter->handleRequest(NULL, Object(Config\Cache), false)
#8 C:\laragon\www\alquilando\public\index.php(37): CodeIgniter\CodeIgniter->run()
#9 {main}
CRITICAL - 2022-12-22 22:49:44 --> Undefined variable $validation
#0 C:\laragon\www\alquilando\app\Views\Admin\Home\registro.php(38): CodeIgniter\Debug\Exceptions->errorHandler(2, 'Undefined varia...', 'C:\\laragon\\www\\...', 38)
#1 C:\laragon\www\alquilando\system\View\View.php(210): include('C:\\laragon\\www\\...')
#2 C:\laragon\www\alquilando\system\View\View.php(213): CodeIgniter\View\View->CodeIgniter\View\{closure}()
#3 C:\laragon\www\alquilando\system\Common.php(1094): CodeIgniter\View\View->render('/Admin/home/reg...', Array, true)
#4 C:\laragon\www\alquilando\app\Controllers\Inmuebles.php(46): view('/Admin/home/reg...', Array)
#5 C:\laragon\www\alquilando\system\CodeIgniter.php(823): App\Controllers\Inmuebles->registro()
#6 C:\laragon\www\alquilando\system\CodeIgniter.php(410): CodeIgniter\CodeIgniter->runController(Object(App\Controllers\Inmuebles))
#7 C:\laragon\www\alquilando\system\CodeIgniter.php(318): CodeIgniter\CodeIgniter->handleRequest(NULL, Object(Config\Cache), false)
#8 C:\laragon\www\alquilando\public\index.php(37): CodeIgniter\CodeIgniter->run()
#9 {main}
CRITICAL - 2022-12-22 22:56:03 --> Undefined variable $validation
#0 C:\laragon\www\alquilando\app\Views\Admin\Home\registro.php(38): CodeIgniter\Debug\Exceptions->errorHandler(2, 'Undefined varia...', 'C:\\laragon\\www\\...', 38)
#1 C:\laragon\www\alquilando\system\View\View.php(210): include('C:\\laragon\\www\\...')
#2 C:\laragon\www\alquilando\system\View\View.php(213): CodeIgniter\View\View->CodeIgniter\View\{closure}()
#3 C:\laragon\www\alquilando\system\Common.php(1094): CodeIgniter\View\View->render('/Admin/home/reg...', Array, true)
#4 C:\laragon\www\alquilando\app\Controllers\Inmuebles.php(46): view('/Admin/home/reg...', Array)
#5 C:\laragon\www\alquilando\system\CodeIgniter.php(823): App\Controllers\Inmuebles->registro()
#6 C:\laragon\www\alquilando\system\CodeIgniter.php(410): CodeIgniter\CodeIgniter->runController(Object(App\Controllers\Inmuebles))
#7 C:\laragon\www\alquilando\system\CodeIgniter.php(318): CodeIgniter\CodeIgniter->handleRequest(NULL, Object(Config\Cache), false)
#8 C:\laragon\www\alquilando\public\index.php(37): CodeIgniter\CodeIgniter->run()
#9 {main}
CRITICAL - 2022-12-22 22:56:09 --> Undefined variable $validation
#0 C:\laragon\www\alquilando\app\Views\Admin\Home\registro.php(38): CodeIgniter\Debug\Exceptions->errorHandler(2, 'Undefined varia...', 'C:\\laragon\\www\\...', 38)
#1 C:\laragon\www\alquilando\system\View\View.php(210): include('C:\\laragon\\www\\...')
#2 C:\laragon\www\alquilando\system\View\View.php(213): CodeIgniter\View\View->CodeIgniter\View\{closure}()
#3 C:\laragon\www\alquilando\system\Common.php(1094): CodeIgniter\View\View->render('/Admin/home/reg...', Array, true)
#4 C:\laragon\www\alquilando\app\Controllers\Inmuebles.php(46): view('/Admin/home/reg...', Array)
#5 C:\laragon\www\alquilando\system\CodeIgniter.php(823): App\Controllers\Inmuebles->registro()
#6 C:\laragon\www\alquilando\system\CodeIgniter.php(410): CodeIgniter\CodeIgniter->runController(Object(App\Controllers\Inmuebles))
#7 C:\laragon\www\alquilando\system\CodeIgniter.php(318): CodeIgniter\CodeIgniter->handleRequest(NULL, Object(Config\Cache), false)
#8 C:\laragon\www\alquilando\public\index.php(37): CodeIgniter\CodeIgniter->run()
#9 {main}
CRITICAL - 2022-12-22 23:06:44 --> Undefined variable $error
#0 C:\laragon\www\alquilando\app\Views\Admin\Home\registro.php(46): CodeIgniter\Debug\Exceptions->errorHandler(2, 'Undefined varia...', 'C:\\laragon\\www\\...', 46)
#1 C:\laragon\www\alquilando\system\View\View.php(210): include('C:\\laragon\\www\\...')
#2 C:\laragon\www\alquilando\system\View\View.php(213): CodeIgniter\View\View->CodeIgniter\View\{closure}()
#3 C:\laragon\www\alquilando\system\Common.php(1094): CodeIgniter\View\View->render('/Admin/home/reg...', Array, true)
#4 C:\laragon\www\alquilando\app\Controllers\Inmuebles.php(46): view('/Admin/home/reg...', Array)
#5 C:\laragon\www\alquilando\system\CodeIgniter.php(823): App\Controllers\Inmuebles->registro()
#6 C:\laragon\www\alquilando\system\CodeIgniter.php(410): CodeIgniter\CodeIgniter->runController(Object(App\Controllers\Inmuebles))
#7 C:\laragon\www\alquilando\system\CodeIgniter.php(318): CodeIgniter\CodeIgniter->handleRequest(NULL, Object(Config\Cache), false)
#8 C:\laragon\www\alquilando\public\index.php(37): CodeIgniter\CodeIgniter->run()
#9 {main}
CRITICAL - 2022-12-22 23:07:29 --> Undefined variable $error
#0 C:\laragon\www\alquilando\app\Views\Admin\Home\registro.php(46): CodeIgniter\Debug\Exceptions->errorHandler(2, 'Undefined varia...', 'C:\\laragon\\www\\...', 46)
#1 C:\laragon\www\alquilando\system\View\View.php(210): include('C:\\laragon\\www\\...')
#2 C:\laragon\www\alquilando\system\View\View.php(213): CodeIgniter\View\View->CodeIgniter\View\{closure}()
#3 C:\laragon\www\alquilando\system\Common.php(1094): CodeIgniter\View\View->render('/Admin/home/reg...', Array, true)
#4 C:\laragon\www\alquilando\app\Controllers\Inmuebles.php(46): view('/Admin/home/reg...', Array)
#5 C:\laragon\www\alquilando\system\CodeIgniter.php(823): App\Controllers\Inmuebles->registro()
#6 C:\laragon\www\alquilando\system\CodeIgniter.php(410): CodeIgniter\CodeIgniter->runController(Object(App\Controllers\Inmuebles))
#7 C:\laragon\www\alquilando\system\CodeIgniter.php(318): CodeIgniter\CodeIgniter->handleRequest(NULL, Object(Config\Cache), false)
#8 C:\laragon\www\alquilando\public\index.php(37): CodeIgniter\CodeIgniter->run()
#9 {main}
CRITICAL - 2022-12-22 23:09:39 --> Undefined variable $error
#0 C:\laragon\www\alquilando\app\Views\Admin\Home\registro.php(46): CodeIgniter\Debug\Exceptions->errorHandler(2, 'Undefined varia...', 'C:\\laragon\\www\\...', 46)
#1 C:\laragon\www\alquilando\system\View\View.php(210): include('C:\\laragon\\www\\...')
#2 C:\laragon\www\alquilando\system\View\View.php(213): CodeIgniter\View\View->CodeIgniter\View\{closure}()
#3 C:\laragon\www\alquilando\system\Common.php(1094): CodeIgniter\View\View->render('/Admin/home/reg...', Array, true)
#4 C:\laragon\www\alquilando\app\Controllers\Inmuebles.php(46): view('/Admin/home/reg...', Array)
#5 C:\laragon\www\alquilando\system\CodeIgniter.php(823): App\Controllers\Inmuebles->registro()
#6 C:\laragon\www\alquilando\system\CodeIgniter.php(410): CodeIgniter\CodeIgniter->runController(Object(App\Controllers\Inmuebles))
#7 C:\laragon\www\alquilando\system\CodeIgniter.php(318): CodeIgniter\CodeIgniter->handleRequest(NULL, Object(Config\Cache), false)
#8 C:\laragon\www\alquilando\public\index.php(37): CodeIgniter\CodeIgniter->run()
#9 {main}
CRITICAL - 2022-12-22 23:12:10 --> Undefined variable $errores
#0 C:\laragon\www\alquilando\app\Views\Admin\Home\registro.php(38): CodeIgniter\Debug\Exceptions->errorHandler(2, 'Undefined varia...', 'C:\\laragon\\www\\...', 38)
#1 C:\laragon\www\alquilando\system\View\View.php(210): include('C:\\laragon\\www\\...')
#2 C:\laragon\www\alquilando\system\View\View.php(213): CodeIgniter\View\View->CodeIgniter\View\{closure}()
#3 C:\laragon\www\alquilando\system\Common.php(1094): CodeIgniter\View\View->render('/Admin/home/reg...', Array, true)
#4 C:\laragon\www\alquilando\app\Controllers\Inmuebles.php(46): view('/Admin/home/reg...', Array)
#5 C:\laragon\www\alquilando\system\CodeIgniter.php(823): App\Controllers\Inmuebles->registro()
#6 C:\laragon\www\alquilando\system\CodeIgniter.php(410): CodeIgniter\CodeIgniter->runController(Object(App\Controllers\Inmuebles))
#7 C:\laragon\www\alquilando\system\CodeIgniter.php(318): CodeIgniter\CodeIgniter->handleRequest(NULL, Object(Config\Cache), false)
#8 C:\laragon\www\alquilando\public\index.php(37): CodeIgniter\CodeIgniter->run()
#9 {main}
CRITICAL - 2022-12-22 23:15:00 --> Undefined variable $errores
#0 C:\laragon\www\alquilando\app\Views\Admin\Home\registro.php(39): CodeIgniter\Debug\Exceptions->errorHandler(2, 'Undefined varia...', 'C:\\laragon\\www\\...', 39)
#1 C:\laragon\www\alquilando\system\View\View.php(210): include('C:\\laragon\\www\\...')
#2 C:\laragon\www\alquilando\system\View\View.php(213): CodeIgniter\View\View->CodeIgniter\View\{closure}()
#3 C:\laragon\www\alquilando\system\Common.php(1094): CodeIgniter\View\View->render('/Admin/home/reg...', Array, true)
#4 C:\laragon\www\alquilando\app\Controllers\Inmuebles.php(46): view('/Admin/home/reg...', Array)
#5 C:\laragon\www\alquilando\system\CodeIgniter.php(823): App\Controllers\Inmuebles->registro()
#6 C:\laragon\www\alquilando\system\CodeIgniter.php(410): CodeIgniter\CodeIgniter->runController(Object(App\Controllers\Inmuebles))
#7 C:\laragon\www\alquilando\system\CodeIgniter.php(318): CodeIgniter\CodeIgniter->handleRequest(NULL, Object(Config\Cache), false)
#8 C:\laragon\www\alquilando\public\index.php(37): CodeIgniter\CodeIgniter->run()
#9 {main}
CRITICAL - 2022-12-22 23:15:22 --> Undefined variable $error
#0 C:\laragon\www\alquilando\app\Views\Admin\Home\registro.php(39): CodeIgniter\Debug\Exceptions->errorHandler(2, 'Undefined varia...', 'C:\\laragon\\www\\...', 39)
#1 C:\laragon\www\alquilando\system\View\View.php(210): include('C:\\laragon\\www\\...')
#2 C:\laragon\www\alquilando\system\View\View.php(213): CodeIgniter\View\View->CodeIgniter\View\{closure}()
#3 C:\laragon\www\alquilando\system\Common.php(1094): CodeIgniter\View\View->render('/Admin/home/reg...', Array, true)
#4 C:\laragon\www\alquilando\app\Controllers\Inmuebles.php(46): view('/Admin/home/reg...', Array)
#5 C:\laragon\www\alquilando\system\CodeIgniter.php(823): App\Controllers\Inmuebles->registro()
#6 C:\laragon\www\alquilando\system\CodeIgniter.php(410): CodeIgniter\CodeIgniter->runController(Object(App\Controllers\Inmuebles))
#7 C:\laragon\www\alquilando\system\CodeIgniter.php(318): CodeIgniter\CodeIgniter->handleRequest(NULL, Object(Config\Cache), false)
#8 C:\laragon\www\alquilando\public\index.php(37): CodeIgniter\CodeIgniter->run()
#9 {main}
CRITICAL - 2022-12-22 23:18:23 --> Undefined variable $error
#0 C:\laragon\www\alquilando\app\Views\Admin\Home\registro.php(39): CodeIgniter\Debug\Exceptions->errorHandler(2, 'Undefined varia...', 'C:\\laragon\\www\\...', 39)
#1 C:\laragon\www\alquilando\system\View\View.php(210): include('C:\\laragon\\www\\...')
#2 C:\laragon\www\alquilando\system\View\View.php(213): CodeIgniter\View\View->CodeIgniter\View\{closure}()
#3 C:\laragon\www\alquilando\system\Common.php(1094): CodeIgniter\View\View->render('/Admin/home/reg...', Array, true)
#4 C:\laragon\www\alquilando\app\Controllers\Inmuebles.php(46): view('/Admin/home/reg...', Array)
#5 C:\laragon\www\alquilando\system\CodeIgniter.php(823): App\Controllers\Inmuebles->registro()
#6 C:\laragon\www\alquilando\system\CodeIgniter.php(410): CodeIgniter\CodeIgniter->runController(Object(App\Controllers\Inmuebles))
#7 C:\laragon\www\alquilando\system\CodeIgniter.php(318): CodeIgniter\CodeIgniter->handleRequest(NULL, Object(Config\Cache), false)
#8 C:\laragon\www\alquilando\public\index.php(37): CodeIgniter\CodeIgniter->run()
#9 {main}
CRITICAL - 2022-12-22 23:18:27 --> Undefined variable $error
#0 C:\laragon\www\alquilando\app\Views\Admin\Home\registro.php(39): CodeIgniter\Debug\Exceptions->errorHandler(2, 'Undefined varia...', 'C:\\laragon\\www\\...', 39)
#1 C:\laragon\www\alquilando\system\View\View.php(210): include('C:\\laragon\\www\\...')
#2 C:\laragon\www\alquilando\system\View\View.php(213): CodeIgniter\View\View->CodeIgniter\View\{closure}()
#3 C:\laragon\www\alquilando\system\Common.php(1094): CodeIgniter\View\View->render('/Admin/home/reg...', Array, true)
#4 C:\laragon\www\alquilando\app\Controllers\Inmuebles.php(46): view('/Admin/home/reg...', Array)
#5 C:\laragon\www\alquilando\system\CodeIgniter.php(823): App\Controllers\Inmuebles->registro()
#6 C:\laragon\www\alquilando\system\CodeIgniter.php(410): CodeIgniter\CodeIgniter->runController(Object(App\Controllers\Inmuebles))
#7 C:\laragon\www\alquilando\system\CodeIgniter.php(318): CodeIgniter\CodeIgniter->handleRequest(NULL, Object(Config\Cache), false)
#8 C:\laragon\www\alquilando\public\index.php(37): CodeIgniter\CodeIgniter->run()
#9 {main}
