ERROR - 2022-12-25 18:21:50 --> Unknown table 'alquilando.usuarios'
CRITICAL - 2022-12-25 20:41:26 --> ini_set(): Session ini settings cannot be changed after headers have already been sent
#0 [internal function]: CodeIgniter\Debug\Exceptions->errorHandler(2, 'ini_set(): Sess...', 'C:\\laragon\\www\\...', 71)
#1 C:\laragon\www\alquilando\system\Session\Handlers\FileHandler.php(71): ini_set('session.save_pa...', 'C:\\laragon\\www\\...')
#2 C:\laragon\www\alquilando\system\Config\Services.php(570): CodeIgniter\Session\Handlers\FileHandler->__construct(Object(Config\App), '127.0.0.1')
#3 C:\laragon\www\alquilando\system\Config\BaseService.php(248): CodeIgniter\Config\Services::session(Object(Config\App), false)
#4 C:\laragon\www\alquilando\system\Config\BaseService.php(189): CodeIgniter\Config\BaseService::__callStatic('session', Array)
#5 C:\laragon\www\alquilando\system\Config\Services.php(563): CodeIgniter\Config\BaseService::getSharedInstance('session', NULL)
#6 C:\laragon\www\alquilando\system\Config\BaseService.php(248): CodeIgniter\Config\Services::session()
#7 C:\laragon\www\alquilando\system\Common.php(906): CodeIgniter\Config\BaseService::__callStatic('session', Array)
#8 C:\laragon\www\alquilando\app\Filters\FilterAdmin.php(13): session()
#9 C:\laragon\www\alquilando\system\Filters\Filters.php(173): App\Filters\FilterAdmin->before(Object(CodeIgniter\HTTP\IncomingRequest), NULL)
#10 C:\laragon\www\alquilando\system\CodeIgniter.php(384): CodeIgniter\Filters\Filters->run('inmuebles/inser...', 'before')
#11 C:\laragon\www\alquilando\system\CodeIgniter.php(318): CodeIgniter\CodeIgniter->handleRequest(NULL, Object(Config\Cache), false)
#12 C:\laragon\www\alquilando\public\index.php(37): CodeIgniter\CodeIgniter->run()
#13 {main}
CRITICAL - 2022-12-25 20:41:26 --> Uncaught ErrorException: Cannot modify header information - headers already sent by (output started at C:\laragon\www\alquilando\app\Config\Events.php:32) in C:\laragon\www\alquilando\system\Debug\Exceptions.php:112
Stack trace:
#0 [internal function]: CodeIgniter\Debug\Exceptions->errorHandler(2, 'Cannot modify h...', 'C:\\laragon\\www\\...', 112)
#1 C:\laragon\www\alquilando\system\Debug\Exceptions.php(112): header('HTTP/1.1 500 In...', true, 500)
#2 [internal function]: CodeIgniter\Debug\Exceptions->exceptionHandler(Object(ErrorException))
#3 {main}
  thrown
#0 [internal function]: CodeIgniter\Debug\Exceptions->shutdownHandler()
#1 {main}
CRITICAL - 2022-12-25 20:42:40 --> ini_set(): Session ini settings cannot be changed after headers have already been sent
#0 [internal function]: CodeIgniter\Debug\Exceptions->errorHandler(2, 'ini_set(): Sess...', 'C:\\laragon\\www\\...', 71)
#1 C:\laragon\www\alquilando\system\Session\Handlers\FileHandler.php(71): ini_set('session.save_pa...', 'C:\\laragon\\www\\...')
#2 C:\laragon\www\alquilando\system\Config\Services.php(570): CodeIgniter\Session\Handlers\FileHandler->__construct(Object(Config\App), '127.0.0.1')
#3 C:\laragon\www\alquilando\system\Config\BaseService.php(248): CodeIgniter\Config\Services::session(Object(Config\App), false)
#4 C:\laragon\www\alquilando\system\Config\BaseService.php(189): CodeIgniter\Config\BaseService::__callStatic('session', Array)
#5 C:\laragon\www\alquilando\system\Config\Services.php(563): CodeIgniter\Config\BaseService::getSharedInstance('session', NULL)
#6 C:\laragon\www\alquilando\system\Config\BaseService.php(248): CodeIgniter\Config\Services::session()
#7 C:\laragon\www\alquilando\system\Common.php(906): CodeIgniter\Config\BaseService::__callStatic('session', Array)
#8 C:\laragon\www\alquilando\app\Filters\FilterAdmin.php(13): session()
#9 C:\laragon\www\alquilando\system\Filters\Filters.php(173): App\Filters\FilterAdmin->before(Object(CodeIgniter\HTTP\IncomingRequest), NULL)
#10 C:\laragon\www\alquilando\system\CodeIgniter.php(384): CodeIgniter\Filters\Filters->run('inmuebles/inser...', 'before')
#11 C:\laragon\www\alquilando\system\CodeIgniter.php(318): CodeIgniter\CodeIgniter->handleRequest(NULL, Object(Config\Cache), false)
#12 C:\laragon\www\alquilando\public\index.php(37): CodeIgniter\CodeIgniter->run()
#13 {main}
CRITICAL - 2022-12-25 20:42:40 --> Uncaught ErrorException: Cannot modify header information - headers already sent by (output started at C:\laragon\www\alquilando\app\Config\Events.php:32) in C:\laragon\www\alquilando\system\Debug\Exceptions.php:112
Stack trace:
#0 [internal function]: CodeIgniter\Debug\Exceptions->errorHandler(2, 'Cannot modify h...', 'C:\\laragon\\www\\...', 112)
#1 C:\laragon\www\alquilando\system\Debug\Exceptions.php(112): header('HTTP/1.1 500 In...', true, 500)
#2 [internal function]: CodeIgniter\Debug\Exceptions->exceptionHandler(Object(ErrorException))
#3 {main}
  thrown
#0 [internal function]: CodeIgniter\Debug\Exceptions->shutdownHandler()
#1 {main}
CRITICAL - 2022-12-25 20:54:35 --> Unmatched '}'
#0 C:\laragon\www\alquilando\system\Autoloader\Autoloader.php(241): CodeIgniter\Autoloader\Autoloader->includeFile('C:\\laragon\\www\\...')
#1 C:\laragon\www\alquilando\system\Autoloader\Autoloader.php(219): CodeIgniter\Autoloader\Autoloader->loadInNamespace('App\\Controllers...')
#2 [internal function]: CodeIgniter\Autoloader\Autoloader->loadClass('App\\Controllers...')
#3 C:\laragon\www\alquilando\system\CodeIgniter.php(788): class_exists('\\App\\Controller...', true)
#4 C:\laragon\www\alquilando\system\CodeIgniter.php(397): CodeIgniter\CodeIgniter->startController()
#5 C:\laragon\www\alquilando\system\CodeIgniter.php(318): CodeIgniter\CodeIgniter->handleRequest(NULL, Object(Config\Cache), false)
#6 C:\laragon\www\alquilando\public\index.php(37): CodeIgniter\CodeIgniter->run()
#7 {main}
CRITICAL - 2022-12-25 20:54:42 --> Unmatched '}'
#0 C:\laragon\www\alquilando\system\Autoloader\Autoloader.php(241): CodeIgniter\Autoloader\Autoloader->includeFile('C:\\laragon\\www\\...')
#1 C:\laragon\www\alquilando\system\Autoloader\Autoloader.php(219): CodeIgniter\Autoloader\Autoloader->loadInNamespace('App\\Controllers...')
#2 [internal function]: CodeIgniter\Autoloader\Autoloader->loadClass('App\\Controllers...')
#3 C:\laragon\www\alquilando\system\CodeIgniter.php(788): class_exists('\\App\\Controller...', true)
#4 C:\laragon\www\alquilando\system\CodeIgniter.php(397): CodeIgniter\CodeIgniter->startController()
#5 C:\laragon\www\alquilando\system\CodeIgniter.php(318): CodeIgniter\CodeIgniter->handleRequest(NULL, Object(Config\Cache), false)
#6 C:\laragon\www\alquilando\public\index.php(37): CodeIgniter\CodeIgniter->run()
#7 {main}
CRITICAL - 2022-12-25 20:54:45 --> Unmatched '}'
#0 C:\laragon\www\alquilando\system\Autoloader\Autoloader.php(241): CodeIgniter\Autoloader\Autoloader->includeFile('C:\\laragon\\www\\...')
#1 C:\laragon\www\alquilando\system\Autoloader\Autoloader.php(219): CodeIgniter\Autoloader\Autoloader->loadInNamespace('App\\Controllers...')
#2 [internal function]: CodeIgniter\Autoloader\Autoloader->loadClass('App\\Controllers...')
#3 C:\laragon\www\alquilando\system\CodeIgniter.php(788): class_exists('\\App\\Controller...', true)
#4 C:\laragon\www\alquilando\system\CodeIgniter.php(397): CodeIgniter\CodeIgniter->startController()
#5 C:\laragon\www\alquilando\system\CodeIgniter.php(318): CodeIgniter\CodeIgniter->handleRequest(NULL, Object(Config\Cache), false)
#6 C:\laragon\www\alquilando\public\index.php(37): CodeIgniter\CodeIgniter->run()
#7 {main}
