CRITICAL - 2024-03-25 16:37:56 --> Array to string conversion
#0 C:\laragon\www\alquilando\vendor\setasign\fpdf\fpdf.php(626): CodeIgniter\Debug\Exceptions->errorHandler(2, 'Array to string...', 'C:\\laragon\\www\\...', 626)
#1 C:\laragon\www\alquilando\app\Controllers\Pagos.php(176): FPDF->Cell(95, 10, Array, 1, 1, 'L', true)
#2 C:\laragon\www\alquilando\system\CodeIgniter.php(823): App\Controllers\Pagos->generarReciboPDF('3')
#3 C:\laragon\www\alquilando\system\CodeIgniter.php(410): CodeIgniter\CodeIgniter->runController(Object(App\Controllers\Pagos))
#4 C:\laragon\www\alquilando\system\CodeIgniter.php(318): CodeIgniter\CodeIgniter->handleRequest(NULL, Object(Config\Cache), false)
#5 C:\laragon\www\alquilando\public\index.php(37): CodeIgniter\CodeIgniter->run()
#6 {main}
CRITICAL - 2024-03-25 16:38:20 --> Array to string conversion
#0 C:\laragon\www\alquilando\vendor\setasign\fpdf\fpdf.php(626): CodeIgniter\Debug\Exceptions->errorHandler(2, 'Array to string...', 'C:\\laragon\\www\\...', 626)
#1 C:\laragon\www\alquilando\app\Controllers\Pagos.php(176): FPDF->Cell(95, 10, Array, 1, 1, 'L', true)
#2 C:\laragon\www\alquilando\system\CodeIgniter.php(823): App\Controllers\Pagos->generarReciboPDF('3')
#3 C:\laragon\www\alquilando\system\CodeIgniter.php(410): CodeIgniter\CodeIgniter->runController(Object(App\Controllers\Pagos))
#4 C:\laragon\www\alquilando\system\CodeIgniter.php(318): CodeIgniter\CodeIgniter->handleRequest(NULL, Object(Config\Cache), false)
#5 C:\laragon\www\alquilando\public\index.php(37): CodeIgniter\CodeIgniter->run()
#6 {main}
CRITICAL - 2024-03-25 16:51:44 --> Call to undefined method FPDF::SetUTF8()
#0 C:\laragon\www\alquilando\system\CodeIgniter.php(823): App\Controllers\Pagos->generarReciboPDF('3')
#1 C:\laragon\www\alquilando\system\CodeIgniter.php(410): CodeIgniter\CodeIgniter->runController(Object(App\Controllers\Pagos))
#2 C:\laragon\www\alquilando\system\CodeIgniter.php(318): CodeIgniter\CodeIgniter->handleRequest(NULL, Object(Config\Cache), false)
#3 C:\laragon\www\alquilando\public\index.php(37): CodeIgniter\CodeIgniter->run()
#4 {main}
CRITICAL - 2024-03-25 16:56:28 --> FPDF error: Undefined font: iso-8859-1 
#0 C:\laragon\www\alquilando\vendor\setasign\fpdf\fpdf.php(513): FPDF->Error('Undefined font:...')
#1 C:\laragon\www\alquilando\app\Controllers\Pagos.php(171): FPDF->SetFont('iso-8859-1')
#2 C:\laragon\www\alquilando\system\CodeIgniter.php(823): App\Controllers\Pagos->generarReciboPDF('3')
#3 C:\laragon\www\alquilando\system\CodeIgniter.php(410): CodeIgniter\CodeIgniter->runController(Object(App\Controllers\Pagos))
#4 C:\laragon\www\alquilando\system\CodeIgniter.php(318): CodeIgniter\CodeIgniter->handleRequest(NULL, Object(Config\Cache), false)
#5 C:\laragon\www\alquilando\public\index.php(37): CodeIgniter\CodeIgniter->run()
#6 {main}
CRITICAL - 2024-03-25 16:57:04 --> FPDF error: Undefined font: iso-8859-15 
#0 C:\laragon\www\alquilando\vendor\setasign\fpdf\fpdf.php(513): FPDF->Error('Undefined font:...')
#1 C:\laragon\www\alquilando\app\Controllers\Pagos.php(171): FPDF->SetFont('iso-8859-15')
#2 C:\laragon\www\alquilando\system\CodeIgniter.php(823): App\Controllers\Pagos->generarReciboPDF('3')
#3 C:\laragon\www\alquilando\system\CodeIgniter.php(410): CodeIgniter\CodeIgniter->runController(Object(App\Controllers\Pagos))
#4 C:\laragon\www\alquilando\system\CodeIgniter.php(318): CodeIgniter\CodeIgniter->handleRequest(NULL, Object(Config\Cache), false)
#5 C:\laragon\www\alquilando\public\index.php(37): CodeIgniter\CodeIgniter->run()
#6 {main}
CRITICAL - 2024-03-25 16:57:19 --> FPDF error: Undefined font: windows-1252 
#0 C:\laragon\www\alquilando\vendor\setasign\fpdf\fpdf.php(513): FPDF->Error('Undefined font:...')
#1 C:\laragon\www\alquilando\app\Controllers\Pagos.php(171): FPDF->SetFont('windows-1252')
#2 C:\laragon\www\alquilando\system\CodeIgniter.php(823): App\Controllers\Pagos->generarReciboPDF('3')
#3 C:\laragon\www\alquilando\system\CodeIgniter.php(410): CodeIgniter\CodeIgniter->runController(Object(App\Controllers\Pagos))
#4 C:\laragon\www\alquilando\system\CodeIgniter.php(318): CodeIgniter\CodeIgniter->handleRequest(NULL, Object(Config\Cache), false)
#5 C:\laragon\www\alquilando\public\index.php(37): CodeIgniter\CodeIgniter->run()
#6 {main}
CRITICAL - 2024-03-25 17:03:29 --> Undefined array key "nro_operacion"
#0 C:\laragon\www\alquilando\app\Controllers\Pagos.php(194): CodeIgniter\Debug\Exceptions->errorHandler(2, 'Undefined array...', 'C:\\laragon\\www\\...', 194)
#1 C:\laragon\www\alquilando\system\CodeIgniter.php(823): App\Controllers\Pagos->generarReciboPDF('4')
#2 C:\laragon\www\alquilando\system\CodeIgniter.php(410): CodeIgniter\CodeIgniter->runController(Object(App\Controllers\Pagos))
#3 C:\laragon\www\alquilando\system\CodeIgniter.php(318): CodeIgniter\CodeIgniter->handleRequest(NULL, Object(Config\Cache), false)
#4 C:\laragon\www\alquilando\public\index.php(37): CodeIgniter\CodeIgniter->run()
#5 {main}
CRITICAL - 2024-03-25 17:05:32 --> Undefined array key "detalles"
#0 C:\laragon\www\alquilando\app\Controllers\Pagos.php(198): CodeIgniter\Debug\Exceptions->errorHandler(2, 'Undefined array...', 'C:\\laragon\\www\\...', 198)
#1 C:\laragon\www\alquilando\system\CodeIgniter.php(823): App\Controllers\Pagos->generarReciboPDF('4')
#2 C:\laragon\www\alquilando\system\CodeIgniter.php(410): CodeIgniter\CodeIgniter->runController(Object(App\Controllers\Pagos))
#3 C:\laragon\www\alquilando\system\CodeIgniter.php(318): CodeIgniter\CodeIgniter->handleRequest(NULL, Object(Config\Cache), false)
#4 C:\laragon\www\alquilando\public\index.php(37): CodeIgniter\CodeIgniter->run()
#5 {main}
CRITICAL - 2024-03-25 17:27:47 --> Call to undefined method FPDF::SetAngle()
#0 C:\laragon\www\alquilando\system\CodeIgniter.php(823): App\Controllers\Pagos->generarReciboPDF('8')
#1 C:\laragon\www\alquilando\system\CodeIgniter.php(410): CodeIgniter\CodeIgniter->runController(Object(App\Controllers\Pagos))
#2 C:\laragon\www\alquilando\system\CodeIgniter.php(318): CodeIgniter\CodeIgniter->handleRequest(NULL, Object(Config\Cache), false)
#3 C:\laragon\www\alquilando\public\index.php(37): CodeIgniter\CodeIgniter->run()
#4 {main}
CRITICAL - 2024-03-25 17:28:55 --> Call to undefined method FPDF::Rotate()
#0 C:\laragon\www\alquilando\system\CodeIgniter.php(823): App\Controllers\Pagos->generarReciboPDF('8')
#1 C:\laragon\www\alquilando\system\CodeIgniter.php(410): CodeIgniter\CodeIgniter->runController(Object(App\Controllers\Pagos))
#2 C:\laragon\www\alquilando\system\CodeIgniter.php(318): CodeIgniter\CodeIgniter->handleRequest(NULL, Object(Config\Cache), false)
#3 C:\laragon\www\alquilando\public\index.php(37): CodeIgniter\CodeIgniter->run()
#4 {main}
CRITICAL - 2024-03-25 17:29:33 --> Call to undefined method FPDF::Rotate()
#0 C:\laragon\www\alquilando\system\CodeIgniter.php(823): App\Controllers\Pagos->generarReciboPDF('8')
#1 C:\laragon\www\alquilando\system\CodeIgniter.php(410): CodeIgniter\CodeIgniter->runController(Object(App\Controllers\Pagos))
#2 C:\laragon\www\alquilando\system\CodeIgniter.php(318): CodeIgniter\CodeIgniter->handleRequest(NULL, Object(Config\Cache), false)
#3 C:\laragon\www\alquilando\public\index.php(37): CodeIgniter\CodeIgniter->run()
#4 {main}
CRITICAL - 2024-03-25 17:30:12 --> Call to undefined method FPDF::StartTransform()
#0 C:\laragon\www\alquilando\system\CodeIgniter.php(823): App\Controllers\Pagos->generarReciboPDF('8')
#1 C:\laragon\www\alquilando\system\CodeIgniter.php(410): CodeIgniter\CodeIgniter->runController(Object(App\Controllers\Pagos))
#2 C:\laragon\www\alquilando\system\CodeIgniter.php(318): CodeIgniter\CodeIgniter->handleRequest(NULL, Object(Config\Cache), false)
#3 C:\laragon\www\alquilando\public\index.php(37): CodeIgniter\CodeIgniter->run()
#4 {main}
CRITICAL - 2024-03-25 17:31:02 --> Call to undefined method FPDF::Rotate()
#0 C:\laragon\www\alquilando\system\CodeIgniter.php(823): App\Controllers\Pagos->generarReciboPDF('8')
#1 C:\laragon\www\alquilando\system\CodeIgniter.php(410): CodeIgniter\CodeIgniter->runController(Object(App\Controllers\Pagos))
#2 C:\laragon\www\alquilando\system\CodeIgniter.php(318): CodeIgniter\CodeIgniter->handleRequest(NULL, Object(Config\Cache), false)
#3 C:\laragon\www\alquilando\public\index.php(37): CodeIgniter\CodeIgniter->run()
#4 {main}
CRITICAL - 2024-03-25 17:31:42 --> Call to undefined method FPDF::Rotate()
#0 C:\laragon\www\alquilando\system\CodeIgniter.php(823): App\Controllers\Pagos->generarReciboPDF('8')
#1 C:\laragon\www\alquilando\system\CodeIgniter.php(410): CodeIgniter\CodeIgniter->runController(Object(App\Controllers\Pagos))
#2 C:\laragon\www\alquilando\system\CodeIgniter.php(318): CodeIgniter\CodeIgniter->handleRequest(NULL, Object(Config\Cache), false)
#3 C:\laragon\www\alquilando\public\index.php(37): CodeIgniter\CodeIgniter->run()
#4 {main}
CRITICAL - 2024-03-25 17:34:35 --> syntax error, unexpected token "/"
#0 C:\laragon\www\alquilando\system\Autoloader\Autoloader.php(241): CodeIgniter\Autoloader\Autoloader->includeFile('C:\\laragon\\www\\...')
#1 C:\laragon\www\alquilando\system\Autoloader\Autoloader.php(219): CodeIgniter\Autoloader\Autoloader->loadInNamespace('App\\Controllers...')
#2 [internal function]: CodeIgniter\Autoloader\Autoloader->loadClass('App\\Controllers...')
#3 C:\laragon\www\alquilando\system\CodeIgniter.php(788): class_exists('\\App\\Controller...', true)
#4 C:\laragon\www\alquilando\system\CodeIgniter.php(397): CodeIgniter\CodeIgniter->startController()
#5 C:\laragon\www\alquilando\system\CodeIgniter.php(318): CodeIgniter\CodeIgniter->handleRequest(NULL, Object(Config\Cache), false)
#6 C:\laragon\www\alquilando\public\index.php(37): CodeIgniter\CodeIgniter->run()
#7 {main}
CRITICAL - 2024-03-25 17:35:00 --> require_once(vendor/autoload.php): Failed to open stream: No such file or directory
#0 C:\laragon\www\alquilando\app\Controllers\Pagos.php(161): CodeIgniter\Debug\Exceptions->errorHandler(2, 'require_once(ve...', 'C:\\laragon\\www\\...', 161)
#1 C:\laragon\www\alquilando\app\Controllers\Pagos.php(161): require_once()
#2 C:\laragon\www\alquilando\system\CodeIgniter.php(823): App\Controllers\Pagos->generarReciboPDF('8')
#3 C:\laragon\www\alquilando\system\CodeIgniter.php(410): CodeIgniter\CodeIgniter->runController(Object(App\Controllers\Pagos))
#4 C:\laragon\www\alquilando\system\CodeIgniter.php(318): CodeIgniter\CodeIgniter->handleRequest(NULL, Object(Config\Cache), false)
#5 C:\laragon\www\alquilando\public\index.php(37): CodeIgniter\CodeIgniter->run()
#6 {main}
CRITICAL - 2024-03-25 17:36:25 --> require_once(vendor/autoload.php): Failed to open stream: No such file or directory
#0 C:\laragon\www\alquilando\app\Controllers\Pagos.php(161): CodeIgniter\Debug\Exceptions->errorHandler(2, 'require_once(ve...', 'C:\\laragon\\www\\...', 161)
#1 C:\laragon\www\alquilando\app\Controllers\Pagos.php(161): require_once()
#2 C:\laragon\www\alquilando\system\CodeIgniter.php(823): App\Controllers\Pagos->generarReciboPDF('8')
#3 C:\laragon\www\alquilando\system\CodeIgniter.php(410): CodeIgniter\CodeIgniter->runController(Object(App\Controllers\Pagos))
#4 C:\laragon\www\alquilando\system\CodeIgniter.php(318): CodeIgniter\CodeIgniter->handleRequest(NULL, Object(Config\Cache), false)
#5 C:\laragon\www\alquilando\public\index.php(37): CodeIgniter\CodeIgniter->run()
#6 {main}
CRITICAL - 2024-03-25 17:36:39 --> require_once(fpdf/fpdi.php): Failed to open stream: No such file or directory
#0 C:\laragon\www\alquilando\app\Controllers\Pagos.php(168): CodeIgniter\Debug\Exceptions->errorHandler(2, 'require_once(fp...', 'C:\\laragon\\www\\...', 168)
#1 C:\laragon\www\alquilando\app\Controllers\Pagos.php(168): require_once()
#2 C:\laragon\www\alquilando\system\CodeIgniter.php(823): App\Controllers\Pagos->generarReciboPDF('8')
#3 C:\laragon\www\alquilando\system\CodeIgniter.php(410): CodeIgniter\CodeIgniter->runController(Object(App\Controllers\Pagos))
#4 C:\laragon\www\alquilando\system\CodeIgniter.php(318): CodeIgniter\CodeIgniter->handleRequest(NULL, Object(Config\Cache), false)
#5 C:\laragon\www\alquilando\public\index.php(37): CodeIgniter\CodeIgniter->run()
#6 {main}
CRITICAL - 2024-03-25 17:36:51 --> Call to undefined method FPDF::Rotate()
#0 C:\laragon\www\alquilando\system\CodeIgniter.php(823): App\Controllers\Pagos->generarReciboPDF('8')
#1 C:\laragon\www\alquilando\system\CodeIgniter.php(410): CodeIgniter\CodeIgniter->runController(Object(App\Controllers\Pagos))
#2 C:\laragon\www\alquilando\system\CodeIgniter.php(318): CodeIgniter\CodeIgniter->handleRequest(NULL, Object(Config\Cache), false)
#3 C:\laragon\www\alquilando\public\index.php(37): CodeIgniter\CodeIgniter->run()
#4 {main}
CRITICAL - 2024-03-25 17:37:44 --> require_once(vendor/autoload.php): Failed to open stream: No such file or directory
#0 C:\laragon\www\alquilando\app\Controllers\Pagos.php(16): CodeIgniter\Debug\Exceptions->errorHandler(2, 'require_once(ve...', 'C:\\laragon\\www\\...', 16)
#1 C:\laragon\www\alquilando\app\Controllers\Pagos.php(16): require_once()
#2 C:\laragon\www\alquilando\system\Autoloader\Autoloader.php(264): include_once('C:\\laragon\\www\\...')
#3 C:\laragon\www\alquilando\system\Autoloader\Autoloader.php(241): CodeIgniter\Autoloader\Autoloader->includeFile('C:\\laragon\\www\\...')
#4 C:\laragon\www\alquilando\system\Autoloader\Autoloader.php(219): CodeIgniter\Autoloader\Autoloader->loadInNamespace('App\\Controllers...')
#5 [internal function]: CodeIgniter\Autoloader\Autoloader->loadClass('App\\Controllers...')
#6 C:\laragon\www\alquilando\system\CodeIgniter.php(788): class_exists('\\App\\Controller...', true)
#7 C:\laragon\www\alquilando\system\CodeIgniter.php(397): CodeIgniter\CodeIgniter->startController()
#8 C:\laragon\www\alquilando\system\CodeIgniter.php(318): CodeIgniter\CodeIgniter->handleRequest(NULL, Object(Config\Cache), false)
#9 C:\laragon\www\alquilando\public\index.php(37): CodeIgniter\CodeIgniter->run()
#10 {main}
CRITICAL - 2024-03-25 17:41:17 --> Call to undefined method FPDF::Rotate()
#0 C:\laragon\www\alquilando\system\CodeIgniter.php(823): App\Controllers\Pagos->generarReciboPDF('8')
#1 C:\laragon\www\alquilando\system\CodeIgniter.php(410): CodeIgniter\CodeIgniter->runController(Object(App\Controllers\Pagos))
#2 C:\laragon\www\alquilando\system\CodeIgniter.php(318): CodeIgniter\CodeIgniter->handleRequest(NULL, Object(Config\Cache), false)
#3 C:\laragon\www\alquilando\public\index.php(37): CodeIgniter\CodeIgniter->run()
#4 {main}
CRITICAL - 2024-03-25 17:42:24 --> Call to undefined method FPDF::StartTransform()
#0 C:\laragon\www\alquilando\system\CodeIgniter.php(823): App\Controllers\Pagos->generarReciboPDF('8')
#1 C:\laragon\www\alquilando\system\CodeIgniter.php(410): CodeIgniter\CodeIgniter->runController(Object(App\Controllers\Pagos))
#2 C:\laragon\www\alquilando\system\CodeIgniter.php(318): CodeIgniter\CodeIgniter->handleRequest(NULL, Object(Config\Cache), false)
#3 C:\laragon\www\alquilando\public\index.php(37): CodeIgniter\CodeIgniter->run()
#4 {main}
CRITICAL - 2024-03-25 17:44:56 --> Call to undefined method FPDF::StartTransform()
#0 C:\laragon\www\alquilando\system\CodeIgniter.php(823): App\Controllers\Pagos->generarReciboPDF('8')
#1 C:\laragon\www\alquilando\system\CodeIgniter.php(410): CodeIgniter\CodeIgniter->runController(Object(App\Controllers\Pagos))
#2 C:\laragon\www\alquilando\system\CodeIgniter.php(318): CodeIgniter\CodeIgniter->handleRequest(NULL, Object(Config\Cache), false)
#3 C:\laragon\www\alquilando\public\index.php(37): CodeIgniter\CodeIgniter->run()
#4 {main}
CRITICAL - 2024-03-25 17:45:46 --> Call to undefined method FPDF::Rotate()
#0 C:\laragon\www\alquilando\system\CodeIgniter.php(823): App\Controllers\Pagos->generarReciboPDF('8')
#1 C:\laragon\www\alquilando\system\CodeIgniter.php(410): CodeIgniter\CodeIgniter->runController(Object(App\Controllers\Pagos))
#2 C:\laragon\www\alquilando\system\CodeIgniter.php(318): CodeIgniter\CodeIgniter->handleRequest(NULL, Object(Config\Cache), false)
#3 C:\laragon\www\alquilando\public\index.php(37): CodeIgniter\CodeIgniter->run()
#4 {main}
CRITICAL - 2024-03-25 17:51:20 --> require(fpdf.php): Failed to open stream: No such file or directory
#0 C:\laragon\www\alquilando\app\Controllers\Pagos.php(152): CodeIgniter\Debug\Exceptions->errorHandler(2, 'require(fpdf.ph...', 'C:\\laragon\\www\\...', 152)
#1 C:\laragon\www\alquilando\app\Controllers\Pagos.php(152): require()
#2 C:\laragon\www\alquilando\system\CodeIgniter.php(823): App\Controllers\Pagos->generarReciboPDF('8')
#3 C:\laragon\www\alquilando\system\CodeIgniter.php(410): CodeIgniter\CodeIgniter->runController(Object(App\Controllers\Pagos))
#4 C:\laragon\www\alquilando\system\CodeIgniter.php(318): CodeIgniter\CodeIgniter->handleRequest(NULL, Object(Config\Cache), false)
#5 C:\laragon\www\alquilando\public\index.php(37): CodeIgniter\CodeIgniter->run()
#6 {main}
CRITICAL - 2024-03-25 17:55:18 --> FPDF error: No font has been set
#0 C:\laragon\www\alquilando\vendor\setasign\fpdf\fpdf.php(564): FPDF->Error('No font has bee...')
#1 C:\laragon\www\alquilando\app\Controllers\Pagos.php(168): FPDF->Text(50, 50, 'Texto en color ...')
#2 C:\laragon\www\alquilando\system\CodeIgniter.php(823): App\Controllers\Pagos->generarReciboPDF('8')
#3 C:\laragon\www\alquilando\system\CodeIgniter.php(410): CodeIgniter\CodeIgniter->runController(Object(App\Controllers\Pagos))
#4 C:\laragon\www\alquilando\system\CodeIgniter.php(318): CodeIgniter\CodeIgniter->handleRequest(NULL, Object(Config\Cache), false)
#5 C:\laragon\www\alquilando\public\index.php(37): CodeIgniter\CodeIgniter->run()
#6 {main}
CRITICAL - 2024-03-25 17:59:08 --> Call to undefined method FPDF::SetAlpha()
#0 C:\laragon\www\alquilando\system\CodeIgniter.php(823): App\Controllers\Pagos->generarReciboPDF('8')
#1 C:\laragon\www\alquilando\system\CodeIgniter.php(410): CodeIgniter\CodeIgniter->runController(Object(App\Controllers\Pagos))
#2 C:\laragon\www\alquilando\system\CodeIgniter.php(318): CodeIgniter\CodeIgniter->handleRequest(NULL, Object(Config\Cache), false)
#3 C:\laragon\www\alquilando\public\index.php(37): CodeIgniter\CodeIgniter->run()
#4 {main}
CRITICAL - 2024-03-25 18:05:11 --> Call to undefined method FPDF::SetAlpha()
#0 C:\laragon\www\alquilando\system\CodeIgniter.php(823): App\Controllers\Pagos->generarReciboPDF('8')
#1 C:\laragon\www\alquilando\system\CodeIgniter.php(410): CodeIgniter\CodeIgniter->runController(Object(App\Controllers\Pagos))
#2 C:\laragon\www\alquilando\system\CodeIgniter.php(318): CodeIgniter\CodeIgniter->handleRequest(NULL, Object(Config\Cache), false)
#3 C:\laragon\www\alquilando\public\index.php(37): CodeIgniter\CodeIgniter->run()
#4 {main}
CRITICAL - 2024-03-25 18:06:01 --> Call to undefined method FPDF::StartTransform()
#0 C:\laragon\www\alquilando\system\CodeIgniter.php(823): App\Controllers\Pagos->generarReciboPDF('8')
#1 C:\laragon\www\alquilando\system\CodeIgniter.php(410): CodeIgniter\CodeIgniter->runController(Object(App\Controllers\Pagos))
#2 C:\laragon\www\alquilando\system\CodeIgniter.php(318): CodeIgniter\CodeIgniter->handleRequest(NULL, Object(Config\Cache), false)
#3 C:\laragon\www\alquilando\public\index.php(37): CodeIgniter\CodeIgniter->run()
#4 {main}
ERROR - 2024-03-25 22:54:43 --> Table 'alquilando.inmueble' doesn't exist
CRITICAL - 2024-03-25 22:54:43 --> Table 'alquilando.inmueble' doesn't exist
#0 C:\laragon\www\alquilando\system\Database\MySQLi\Connection.php(292): mysqli->query('SELECT `pagos`....', 0)
#1 C:\laragon\www\alquilando\system\Database\BaseConnection.php(670): CodeIgniter\Database\MySQLi\Connection->execute('SELECT `pagos`....')
#2 C:\laragon\www\alquilando\system\Database\BaseConnection.php(598): CodeIgniter\Database\BaseConnection->simpleQuery('SELECT `pagos`....')
#3 C:\laragon\www\alquilando\system\Database\BaseBuilder.php(1455): CodeIgniter\Database\BaseConnection->query('SELECT `pagos`....', Array, false)
#4 C:\laragon\www\alquilando\app\Models\PagoModel.php(102): CodeIgniter\Database\BaseBuilder->get()
#5 C:\laragon\www\alquilando\app\Controllers\Pagos.php(157): App\Models\PagoModel->obtenerInmueblePorId('5')
#6 C:\laragon\www\alquilando\system\CodeIgniter.php(823): App\Controllers\Pagos->generarReciboPDF('5')
#7 C:\laragon\www\alquilando\system\CodeIgniter.php(410): CodeIgniter\CodeIgniter->runController(Object(App\Controllers\Pagos))
#8 C:\laragon\www\alquilando\system\CodeIgniter.php(318): CodeIgniter\CodeIgniter->handleRequest(NULL, Object(Config\Cache), false)
#9 C:\laragon\www\alquilando\public\index.php(37): CodeIgniter\CodeIgniter->run()
#10 {main}
CRITICAL - 2024-03-25 22:56:28 --> Undefined array key "direccion"
#0 C:\laragon\www\alquilando\app\Controllers\Pagos.php(158): CodeIgniter\Debug\Exceptions->errorHandler(2, 'Undefined array...', 'C:\\laragon\\www\\...', 158)
#1 C:\laragon\www\alquilando\system\CodeIgniter.php(823): App\Controllers\Pagos->generarReciboPDF('3')
#2 C:\laragon\www\alquilando\system\CodeIgniter.php(410): CodeIgniter\CodeIgniter->runController(Object(App\Controllers\Pagos))
#3 C:\laragon\www\alquilando\system\CodeIgniter.php(318): CodeIgniter\CodeIgniter->handleRequest(NULL, Object(Config\Cache), false)
#4 C:\laragon\www\alquilando\public\index.php(37): CodeIgniter\CodeIgniter->run()
#5 {main}
CRITICAL - 2024-03-25 23:14:16 --> Undefined variable $usuarios
#0 C:\laragon\www\alquilando\app\Views\Admin\Pago\editarrecibo.php(53): CodeIgniter\Debug\Exceptions->errorHandler(2, 'Undefined varia...', 'C:\\laragon\\www\\...', 53)
#1 C:\laragon\www\alquilando\system\View\View.php(210): include('C:\\laragon\\www\\...')
#2 C:\laragon\www\alquilando\system\View\View.php(213): CodeIgniter\View\View->CodeIgniter\View\{closure}()
#3 C:\laragon\www\alquilando\system\Common.php(1094): CodeIgniter\View\View->render('/Admin/pago/edi...', Array, true)
#4 C:\laragon\www\alquilando\app\Controllers\Pagos.php(158): view('/Admin/pago/edi...', Array)
#5 C:\laragon\www\alquilando\system\CodeIgniter.php(823): App\Controllers\Pagos->editarReciboPDF('11')
#6 C:\laragon\www\alquilando\system\CodeIgniter.php(410): CodeIgniter\CodeIgniter->runController(Object(App\Controllers\Pagos))
#7 C:\laragon\www\alquilando\system\CodeIgniter.php(318): CodeIgniter\CodeIgniter->handleRequest(NULL, Object(Config\Cache), false)
#8 C:\laragon\www\alquilando\public\index.php(37): CodeIgniter\CodeIgniter->run()
#9 {main}
CRITICAL - 2024-03-25 23:15:42 --> Undefined variable $inquilino
#0 C:\laragon\www\alquilando\app\Views\Admin\Pago\editarrecibo.php(53): CodeIgniter\Debug\Exceptions->errorHandler(2, 'Undefined varia...', 'C:\\laragon\\www\\...', 53)
#1 C:\laragon\www\alquilando\system\View\View.php(210): include('C:\\laragon\\www\\...')
#2 C:\laragon\www\alquilando\system\View\View.php(213): CodeIgniter\View\View->CodeIgniter\View\{closure}()
#3 C:\laragon\www\alquilando\system\Common.php(1094): CodeIgniter\View\View->render('/Admin/pago/edi...', Array, true)
#4 C:\laragon\www\alquilando\app\Controllers\Pagos.php(158): view('/Admin/pago/edi...', Array)
#5 C:\laragon\www\alquilando\system\CodeIgniter.php(823): App\Controllers\Pagos->editarReciboPDF('11')
#6 C:\laragon\www\alquilando\system\CodeIgniter.php(410): CodeIgniter\CodeIgniter->runController(Object(App\Controllers\Pagos))
#7 C:\laragon\www\alquilando\system\CodeIgniter.php(318): CodeIgniter\CodeIgniter->handleRequest(NULL, Object(Config\Cache), false)
#8 C:\laragon\www\alquilando\public\index.php(37): CodeIgniter\CodeIgniter->run()
#9 {main}
CRITICAL - 2024-03-25 23:15:44 --> Undefined variable $inquilino
#0 C:\laragon\www\alquilando\app\Views\Admin\Pago\editarrecibo.php(53): CodeIgniter\Debug\Exceptions->errorHandler(2, 'Undefined varia...', 'C:\\laragon\\www\\...', 53)
#1 C:\laragon\www\alquilando\system\View\View.php(210): include('C:\\laragon\\www\\...')
#2 C:\laragon\www\alquilando\system\View\View.php(213): CodeIgniter\View\View->CodeIgniter\View\{closure}()
#3 C:\laragon\www\alquilando\system\Common.php(1094): CodeIgniter\View\View->render('/Admin/pago/edi...', Array, true)
#4 C:\laragon\www\alquilando\app\Controllers\Pagos.php(158): view('/Admin/pago/edi...', Array)
#5 C:\laragon\www\alquilando\system\CodeIgniter.php(823): App\Controllers\Pagos->editarReciboPDF('11')
#6 C:\laragon\www\alquilando\system\CodeIgniter.php(410): CodeIgniter\CodeIgniter->runController(Object(App\Controllers\Pagos))
#7 C:\laragon\www\alquilando\system\CodeIgniter.php(318): CodeIgniter\CodeIgniter->handleRequest(NULL, Object(Config\Cache), false)
#8 C:\laragon\www\alquilando\public\index.php(37): CodeIgniter\CodeIgniter->run()
#9 {main}
CRITICAL - 2024-03-25 23:15:55 --> Undefined variable $inquilinos
#0 C:\laragon\www\alquilando\app\Views\Admin\Pago\editarrecibo.php(53): CodeIgniter\Debug\Exceptions->errorHandler(2, 'Undefined varia...', 'C:\\laragon\\www\\...', 53)
#1 C:\laragon\www\alquilando\system\View\View.php(210): include('C:\\laragon\\www\\...')
#2 C:\laragon\www\alquilando\system\View\View.php(213): CodeIgniter\View\View->CodeIgniter\View\{closure}()
#3 C:\laragon\www\alquilando\system\Common.php(1094): CodeIgniter\View\View->render('/Admin/pago/edi...', Array, true)
#4 C:\laragon\www\alquilando\app\Controllers\Pagos.php(158): view('/Admin/pago/edi...', Array)
#5 C:\laragon\www\alquilando\system\CodeIgniter.php(823): App\Controllers\Pagos->editarReciboPDF('11')
#6 C:\laragon\www\alquilando\system\CodeIgniter.php(410): CodeIgniter\CodeIgniter->runController(Object(App\Controllers\Pagos))
#7 C:\laragon\www\alquilando\system\CodeIgniter.php(318): CodeIgniter\CodeIgniter->handleRequest(NULL, Object(Config\Cache), false)
#8 C:\laragon\www\alquilando\public\index.php(37): CodeIgniter\CodeIgniter->run()
#9 {main}
CRITICAL - 2024-03-25 23:17:14 --> Undefined variable $inmuebles
#0 C:\laragon\www\alquilando\app\Views\Admin\Pago\editarrecibo.php(99): CodeIgniter\Debug\Exceptions->errorHandler(2, 'Undefined varia...', 'C:\\laragon\\www\\...', 99)
#1 C:\laragon\www\alquilando\system\View\View.php(210): include('C:\\laragon\\www\\...')
#2 C:\laragon\www\alquilando\system\View\View.php(213): CodeIgniter\View\View->CodeIgniter\View\{closure}()
#3 C:\laragon\www\alquilando\system\Common.php(1094): CodeIgniter\View\View->render('/Admin/pago/edi...', Array, true)
#4 C:\laragon\www\alquilando\app\Controllers\Pagos.php(159): view('/Admin/pago/edi...', Array)
#5 C:\laragon\www\alquilando\system\CodeIgniter.php(823): App\Controllers\Pagos->editarReciboPDF('11')
#6 C:\laragon\www\alquilando\system\CodeIgniter.php(410): CodeIgniter\CodeIgniter->runController(Object(App\Controllers\Pagos))
#7 C:\laragon\www\alquilando\system\CodeIgniter.php(318): CodeIgniter\CodeIgniter->handleRequest(NULL, Object(Config\Cache), false)
#8 C:\laragon\www\alquilando\public\index.php(37): CodeIgniter\CodeIgniter->run()
#9 {main}
CRITICAL - 2024-03-25 23:26:13 --> Undefined variable $inquilino
#0 C:\laragon\www\alquilando\app\Views\Admin\Pago\editarrecibo.php(51): CodeIgniter\Debug\Exceptions->errorHandler(2, 'Undefined varia...', 'C:\\laragon\\www\\...', 51)
#1 C:\laragon\www\alquilando\system\View\View.php(210): include('C:\\laragon\\www\\...')
#2 C:\laragon\www\alquilando\system\View\View.php(213): CodeIgniter\View\View->CodeIgniter\View\{closure}()
#3 C:\laragon\www\alquilando\system\Common.php(1094): CodeIgniter\View\View->render('/Admin/pago/edi...', Array, true)
#4 C:\laragon\www\alquilando\app\Controllers\Pagos.php(161): view('/Admin/pago/edi...', Array)
#5 C:\laragon\www\alquilando\system\CodeIgniter.php(823): App\Controllers\Pagos->editarReciboPDF('11')
#6 C:\laragon\www\alquilando\system\CodeIgniter.php(410): CodeIgniter\CodeIgniter->runController(Object(App\Controllers\Pagos))
#7 C:\laragon\www\alquilando\system\CodeIgniter.php(318): CodeIgniter\CodeIgniter->handleRequest(NULL, Object(Config\Cache), false)
#8 C:\laragon\www\alquilando\public\index.php(37): CodeIgniter\CodeIgniter->run()
#9 {main}
CRITICAL - 2024-03-25 23:28:49 --> Undefined variable $cliente
#0 C:\laragon\www\alquilando\app\Views\Admin\Pago\editarrecibo.php(55): CodeIgniter\Debug\Exceptions->errorHandler(2, 'Undefined varia...', 'C:\\laragon\\www\\...', 55)
#1 C:\laragon\www\alquilando\system\View\View.php(210): include('C:\\laragon\\www\\...')
#2 C:\laragon\www\alquilando\system\View\View.php(213): CodeIgniter\View\View->CodeIgniter\View\{closure}()
#3 C:\laragon\www\alquilando\system\Common.php(1094): CodeIgniter\View\View->render('/Admin/pago/edi...', Array, true)
#4 C:\laragon\www\alquilando\app\Controllers\Pagos.php(161): view('/Admin/pago/edi...', Array)
#5 C:\laragon\www\alquilando\system\CodeIgniter.php(823): App\Controllers\Pagos->editarReciboPDF('11')
#6 C:\laragon\www\alquilando\system\CodeIgniter.php(410): CodeIgniter\CodeIgniter->runController(Object(App\Controllers\Pagos))
#7 C:\laragon\www\alquilando\system\CodeIgniter.php(318): CodeIgniter\CodeIgniter->handleRequest(NULL, Object(Config\Cache), false)
#8 C:\laragon\www\alquilando\public\index.php(37): CodeIgniter\CodeIgniter->run()
#9 {main}
CRITICAL - 2024-03-25 23:31:07 --> Undefined array key "id_usuario"
#0 C:\laragon\www\alquilando\app\Views\Admin\Pago\editarrecibo.php(55): CodeIgniter\Debug\Exceptions->errorHandler(2, 'Undefined array...', 'C:\\laragon\\www\\...', 55)
#1 C:\laragon\www\alquilando\system\View\View.php(210): include('C:\\laragon\\www\\...')
#2 C:\laragon\www\alquilando\system\View\View.php(213): CodeIgniter\View\View->CodeIgniter\View\{closure}()
#3 C:\laragon\www\alquilando\system\Common.php(1094): CodeIgniter\View\View->render('/Admin/pago/edi...', Array, true)
#4 C:\laragon\www\alquilando\app\Controllers\Pagos.php(162): view('/Admin/pago/edi...', Array)
#5 C:\laragon\www\alquilando\system\CodeIgniter.php(823): App\Controllers\Pagos->editarReciboPDF('11')
#6 C:\laragon\www\alquilando\system\CodeIgniter.php(410): CodeIgniter\CodeIgniter->runController(Object(App\Controllers\Pagos))
#7 C:\laragon\www\alquilando\system\CodeIgniter.php(318): CodeIgniter\CodeIgniter->handleRequest(NULL, Object(Config\Cache), false)
#8 C:\laragon\www\alquilando\public\index.php(37): CodeIgniter\CodeIgniter->run()
#9 {main}
CRITICAL - 2024-03-25 23:34:23 --> Undefined variable $inquilino
#0 C:\laragon\www\alquilando\app\Views\Admin\Pago\editarrecibo.php(55): CodeIgniter\Debug\Exceptions->errorHandler(2, 'Undefined varia...', 'C:\\laragon\\www\\...', 55)
#1 C:\laragon\www\alquilando\system\View\View.php(210): include('C:\\laragon\\www\\...')
#2 C:\laragon\www\alquilando\system\View\View.php(213): CodeIgniter\View\View->CodeIgniter\View\{closure}()
#3 C:\laragon\www\alquilando\system\Common.php(1094): CodeIgniter\View\View->render('/Admin/pago/edi...', Array, true)
#4 C:\laragon\www\alquilando\app\Controllers\Pagos.php(164): view('/Admin/pago/edi...', Array)
#5 C:\laragon\www\alquilando\system\CodeIgniter.php(823): App\Controllers\Pagos->editarReciboPDF('11')
#6 C:\laragon\www\alquilando\system\CodeIgniter.php(410): CodeIgniter\CodeIgniter->runController(Object(App\Controllers\Pagos))
#7 C:\laragon\www\alquilando\system\CodeIgniter.php(318): CodeIgniter\CodeIgniter->handleRequest(NULL, Object(Config\Cache), false)
#8 C:\laragon\www\alquilando\public\index.php(37): CodeIgniter\CodeIgniter->run()
#9 {main}
CRITICAL - 2024-03-25 23:34:49 --> Undefined array key "id_usuario"
#0 C:\laragon\www\alquilando\app\Views\Admin\Pago\editarrecibo.php(55): CodeIgniter\Debug\Exceptions->errorHandler(2, 'Undefined array...', 'C:\\laragon\\www\\...', 55)
#1 C:\laragon\www\alquilando\system\View\View.php(210): include('C:\\laragon\\www\\...')
#2 C:\laragon\www\alquilando\system\View\View.php(213): CodeIgniter\View\View->CodeIgniter\View\{closure}()
#3 C:\laragon\www\alquilando\system\Common.php(1094): CodeIgniter\View\View->render('/Admin/pago/edi...', Array, true)
#4 C:\laragon\www\alquilando\app\Controllers\Pagos.php(164): view('/Admin/pago/edi...', Array)
#5 C:\laragon\www\alquilando\system\CodeIgniter.php(823): App\Controllers\Pagos->editarReciboPDF('11')
#6 C:\laragon\www\alquilando\system\CodeIgniter.php(410): CodeIgniter\CodeIgniter->runController(Object(App\Controllers\Pagos))
#7 C:\laragon\www\alquilando\system\CodeIgniter.php(318): CodeIgniter\CodeIgniter->handleRequest(NULL, Object(Config\Cache), false)
#8 C:\laragon\www\alquilando\public\index.php(37): CodeIgniter\CodeIgniter->run()
#9 {main}
CRITICAL - 2024-03-25 23:35:14 --> Undefined variable $inquilino
#0 C:\laragon\www\alquilando\app\Views\Admin\Pago\editarrecibo.php(53): CodeIgniter\Debug\Exceptions->errorHandler(2, 'Undefined varia...', 'C:\\laragon\\www\\...', 53)
#1 C:\laragon\www\alquilando\system\View\View.php(210): include('C:\\laragon\\www\\...')
#2 C:\laragon\www\alquilando\system\View\View.php(213): CodeIgniter\View\View->CodeIgniter\View\{closure}()
#3 C:\laragon\www\alquilando\system\Common.php(1094): CodeIgniter\View\View->render('/Admin/pago/edi...', Array, true)
#4 C:\laragon\www\alquilando\app\Controllers\Pagos.php(164): view('/Admin/pago/edi...', Array)
#5 C:\laragon\www\alquilando\system\CodeIgniter.php(823): App\Controllers\Pagos->editarReciboPDF('11')
#6 C:\laragon\www\alquilando\system\CodeIgniter.php(410): CodeIgniter\CodeIgniter->runController(Object(App\Controllers\Pagos))
#7 C:\laragon\www\alquilando\system\CodeIgniter.php(318): CodeIgniter\CodeIgniter->handleRequest(NULL, Object(Config\Cache), false)
#8 C:\laragon\www\alquilando\public\index.php(37): CodeIgniter\CodeIgniter->run()
#9 {main}
CRITICAL - 2024-03-25 23:36:54 --> Undefined variable $inquilino
#0 C:\laragon\www\alquilando\app\Views\Admin\Pago\editarrecibo.php(53): CodeIgniter\Debug\Exceptions->errorHandler(2, 'Undefined varia...', 'C:\\laragon\\www\\...', 53)
#1 C:\laragon\www\alquilando\system\View\View.php(210): include('C:\\laragon\\www\\...')
#2 C:\laragon\www\alquilando\system\View\View.php(213): CodeIgniter\View\View->CodeIgniter\View\{closure}()
#3 C:\laragon\www\alquilando\system\Common.php(1094): CodeIgniter\View\View->render('/Admin/pago/edi...', Array, true)
#4 C:\laragon\www\alquilando\app\Controllers\Pagos.php(164): view('/Admin/pago/edi...', Array)
#5 C:\laragon\www\alquilando\system\CodeIgniter.php(823): App\Controllers\Pagos->editarReciboPDF('11')
#6 C:\laragon\www\alquilando\system\CodeIgniter.php(410): CodeIgniter\CodeIgniter->runController(Object(App\Controllers\Pagos))
#7 C:\laragon\www\alquilando\system\CodeIgniter.php(318): CodeIgniter\CodeIgniter->handleRequest(NULL, Object(Config\Cache), false)
#8 C:\laragon\www\alquilando\public\index.php(37): CodeIgniter\CodeIgniter->run()
#9 {main}
CRITICAL - 2024-03-25 23:37:18 --> foreach() argument must be of type array|object, string given
#0 C:\laragon\www\alquilando\app\Views\Admin\Pago\editarrecibo.php(53): CodeIgniter\Debug\Exceptions->errorHandler(2, 'foreach() argum...', 'C:\\laragon\\www\\...', 53)
#1 C:\laragon\www\alquilando\system\View\View.php(210): include('C:\\laragon\\www\\...')
#2 C:\laragon\www\alquilando\system\View\View.php(213): CodeIgniter\View\View->CodeIgniter\View\{closure}()
#3 C:\laragon\www\alquilando\system\Common.php(1094): CodeIgniter\View\View->render('/Admin/pago/edi...', Array, true)
#4 C:\laragon\www\alquilando\app\Controllers\Pagos.php(164): view('/Admin/pago/edi...', Array)
#5 C:\laragon\www\alquilando\system\CodeIgniter.php(823): App\Controllers\Pagos->editarReciboPDF('11')
#6 C:\laragon\www\alquilando\system\CodeIgniter.php(410): CodeIgniter\CodeIgniter->runController(Object(App\Controllers\Pagos))
#7 C:\laragon\www\alquilando\system\CodeIgniter.php(318): CodeIgniter\CodeIgniter->handleRequest(NULL, Object(Config\Cache), false)
#8 C:\laragon\www\alquilando\public\index.php(37): CodeIgniter\CodeIgniter->run()
#9 {main}
CRITICAL - 2024-03-25 23:37:34 --> foreach() argument must be of type array|object, string given
#0 C:\laragon\www\alquilando\app\Views\Admin\Pago\editarrecibo.php(53): CodeIgniter\Debug\Exceptions->errorHandler(2, 'foreach() argum...', 'C:\\laragon\\www\\...', 53)
#1 C:\laragon\www\alquilando\system\View\View.php(210): include('C:\\laragon\\www\\...')
#2 C:\laragon\www\alquilando\system\View\View.php(213): CodeIgniter\View\View->CodeIgniter\View\{closure}()
#3 C:\laragon\www\alquilando\system\Common.php(1094): CodeIgniter\View\View->render('/Admin/pago/edi...', Array, true)
#4 C:\laragon\www\alquilando\app\Controllers\Pagos.php(164): view('/Admin/pago/edi...', Array)
#5 C:\laragon\www\alquilando\system\CodeIgniter.php(823): App\Controllers\Pagos->editarReciboPDF('11')
#6 C:\laragon\www\alquilando\system\CodeIgniter.php(410): CodeIgniter\CodeIgniter->runController(Object(App\Controllers\Pagos))
#7 C:\laragon\www\alquilando\system\CodeIgniter.php(318): CodeIgniter\CodeIgniter->handleRequest(NULL, Object(Config\Cache), false)
#8 C:\laragon\www\alquilando\public\index.php(37): CodeIgniter\CodeIgniter->run()
#9 {main}
CRITICAL - 2024-03-25 23:39:15 --> Undefined array key "id_usuario"
#0 C:\laragon\www\alquilando\app\Views\Admin\Pago\editarrecibo.php(55): CodeIgniter\Debug\Exceptions->errorHandler(2, 'Undefined array...', 'C:\\laragon\\www\\...', 55)
#1 C:\laragon\www\alquilando\system\View\View.php(210): include('C:\\laragon\\www\\...')
#2 C:\laragon\www\alquilando\system\View\View.php(213): CodeIgniter\View\View->CodeIgniter\View\{closure}()
#3 C:\laragon\www\alquilando\system\Common.php(1094): CodeIgniter\View\View->render('/Admin/pago/edi...', Array, true)
#4 C:\laragon\www\alquilando\app\Controllers\Pagos.php(164): view('/Admin/pago/edi...', Array)
#5 C:\laragon\www\alquilando\system\CodeIgniter.php(823): App\Controllers\Pagos->editarReciboPDF('11')
#6 C:\laragon\www\alquilando\system\CodeIgniter.php(410): CodeIgniter\CodeIgniter->runController(Object(App\Controllers\Pagos))
#7 C:\laragon\www\alquilando\system\CodeIgniter.php(318): CodeIgniter\CodeIgniter->handleRequest(NULL, Object(Config\Cache), false)
#8 C:\laragon\www\alquilando\public\index.php(37): CodeIgniter\CodeIgniter->run()
#9 {main}
CRITICAL - 2024-03-25 23:40:39 --> foreach() argument must be of type array|object, string given
#0 C:\laragon\www\alquilando\app\Views\Admin\Pago\editarrecibo.php(53): CodeIgniter\Debug\Exceptions->errorHandler(2, 'foreach() argum...', 'C:\\laragon\\www\\...', 53)
#1 C:\laragon\www\alquilando\system\View\View.php(210): include('C:\\laragon\\www\\...')
#2 C:\laragon\www\alquilando\system\View\View.php(213): CodeIgniter\View\View->CodeIgniter\View\{closure}()
#3 C:\laragon\www\alquilando\system\Common.php(1094): CodeIgniter\View\View->render('/Admin/pago/edi...', Array, true)
#4 C:\laragon\www\alquilando\app\Controllers\Pagos.php(164): view('/Admin/pago/edi...', Array)
#5 C:\laragon\www\alquilando\system\CodeIgniter.php(823): App\Controllers\Pagos->editarReciboPDF('11')
#6 C:\laragon\www\alquilando\system\CodeIgniter.php(410): CodeIgniter\CodeIgniter->runController(Object(App\Controllers\Pagos))
#7 C:\laragon\www\alquilando\system\CodeIgniter.php(318): CodeIgniter\CodeIgniter->handleRequest(NULL, Object(Config\Cache), false)
#8 C:\laragon\www\alquilando\public\index.php(37): CodeIgniter\CodeIgniter->run()
#9 {main}
CRITICAL - 2024-03-25 23:41:13 --> Cannot access offset of type string on string
#0 C:\laragon\www\alquilando\system\View\View.php(210): include()
#1 C:\laragon\www\alquilando\system\View\View.php(213): CodeIgniter\View\View->CodeIgniter\View\{closure}()
#2 C:\laragon\www\alquilando\system\Common.php(1094): CodeIgniter\View\View->render('/Admin/pago/edi...', Array, true)
#3 C:\laragon\www\alquilando\app\Controllers\Pagos.php(164): view('/Admin/pago/edi...', Array)
#4 C:\laragon\www\alquilando\system\CodeIgniter.php(823): App\Controllers\Pagos->editarReciboPDF('11')
#5 C:\laragon\www\alquilando\system\CodeIgniter.php(410): CodeIgniter\CodeIgniter->runController(Object(App\Controllers\Pagos))
#6 C:\laragon\www\alquilando\system\CodeIgniter.php(318): CodeIgniter\CodeIgniter->handleRequest(NULL, Object(Config\Cache), false)
#7 C:\laragon\www\alquilando\public\index.php(37): CodeIgniter\CodeIgniter->run()
#8 {main}
CRITICAL - 2024-03-25 23:43:04 --> Undefined array key "id_usuario"
#0 C:\laragon\www\alquilando\app\Views\Admin\Pago\editarrecibo.php(55): CodeIgniter\Debug\Exceptions->errorHandler(2, 'Undefined array...', 'C:\\laragon\\www\\...', 55)
#1 C:\laragon\www\alquilando\system\View\View.php(210): include('C:\\laragon\\www\\...')
#2 C:\laragon\www\alquilando\system\View\View.php(213): CodeIgniter\View\View->CodeIgniter\View\{closure}()
#3 C:\laragon\www\alquilando\system\Common.php(1094): CodeIgniter\View\View->render('/Admin/pago/edi...', Array, true)
#4 C:\laragon\www\alquilando\app\Controllers\Pagos.php(164): view('/Admin/pago/edi...', Array)
#5 C:\laragon\www\alquilando\system\CodeIgniter.php(823): App\Controllers\Pagos->editarReciboPDF('11')
#6 C:\laragon\www\alquilando\system\CodeIgniter.php(410): CodeIgniter\CodeIgniter->runController(Object(App\Controllers\Pagos))
#7 C:\laragon\www\alquilando\system\CodeIgniter.php(318): CodeIgniter\CodeIgniter->handleRequest(NULL, Object(Config\Cache), false)
#8 C:\laragon\www\alquilando\public\index.php(37): CodeIgniter\CodeIgniter->run()
#9 {main}
