CRITICAL - 2024-03-12 13:47:57 --> Call to undefined method App\Models\RolModel::obtenerRoles
#0 C:\laragon\www\alquilando\app\Controllers\Pagos.php(58): CodeIgniter\Model->__call('obtenerRoles', Array)
#1 C:\laragon\www\alquilando\system\CodeIgniter.php(823): App\Controllers\Pagos->hacerpago()
#2 C:\laragon\www\alquilando\system\CodeIgniter.php(410): CodeIgniter\CodeIgniter->runController(Object(App\Controllers\Pagos))
#3 C:\laragon\www\alquilando\system\CodeIgniter.php(318): CodeIgniter\CodeIgniter->handleRequest(NULL, Object(Config\Cache), false)
#4 C:\laragon\www\alquilando\public\index.php(37): CodeIgniter\CodeIgniter->run()
#5 {main}
CRITICAL - 2024-03-12 14:10:31 --> Archivo inválido: /Admin/pago/pagaralquiler.php
#0 C:\laragon\www\alquilando\system\View\View.php(198): CodeIgniter\Exceptions\FrameworkException::forInvalidFile('/Admin/pago/pag...')
#1 C:\laragon\www\alquilando\system\Common.php(1094): CodeIgniter\View\View->render('/Admin/pago/pag...', Array, true)
#2 C:\laragon\www\alquilando\app\Controllers\Pagos.php(70): view('/Admin/pago/pag...', Array)
#3 C:\laragon\www\alquilando\system\CodeIgniter.php(823): App\Controllers\Pagos->pagaralquiler('1')
#4 C:\laragon\www\alquilando\system\CodeIgniter.php(410): CodeIgniter\CodeIgniter->runController(Object(App\Controllers\Pagos))
#5 C:\laragon\www\alquilando\system\CodeIgniter.php(318): CodeIgniter\CodeIgniter->handleRequest(NULL, Object(Config\Cache), false)
#6 C:\laragon\www\alquilando\public\index.php(37): CodeIgniter\CodeIgniter->run()
#7 {main}
CRITICAL - 2024-03-12 14:11:51 --> Undefined variable $titulo
#0 C:\laragon\www\alquilando\app\Views\Admin\Pago\pagaralquiler.php(4): CodeIgniter\Debug\Exceptions->errorHandler(2, 'Undefined varia...', 'C:\\laragon\\www\\...', 4)
#1 C:\laragon\www\alquilando\system\View\View.php(210): include('C:\\laragon\\www\\...')
#2 C:\laragon\www\alquilando\system\View\View.php(213): CodeIgniter\View\View->CodeIgniter\View\{closure}()
#3 C:\laragon\www\alquilando\system\Common.php(1094): CodeIgniter\View\View->render('/Admin/pago/pag...', Array, true)
#4 C:\laragon\www\alquilando\app\Controllers\Pagos.php(70): view('/Admin/pago/pag...', Array)
#5 C:\laragon\www\alquilando\system\CodeIgniter.php(823): App\Controllers\Pagos->pagaralquiler('1')
#6 C:\laragon\www\alquilando\system\CodeIgniter.php(410): CodeIgniter\CodeIgniter->runController(Object(App\Controllers\Pagos))
#7 C:\laragon\www\alquilando\system\CodeIgniter.php(318): CodeIgniter\CodeIgniter->handleRequest(NULL, Object(Config\Cache), false)
#8 C:\laragon\www\alquilando\public\index.php(37): CodeIgniter\CodeIgniter->run()
#9 {main}
