CRITICAL - 2024-03-26 11:44:45 --> Call to undefined method FPDF::setHeaderCallback()
#0 C:\laragon\www\alquilando\system\CodeIgniter.php(823): App\Controllers\Pagos->generarReciboPDF('2')
#1 C:\laragon\www\alquilando\system\CodeIgniter.php(410): CodeIgniter\CodeIgniter->runController(Object(App\Controllers\Pagos))
#2 C:\laragon\www\alquilando\system\CodeIgniter.php(318): CodeIgniter\CodeIgniter->handleRequest(NULL, Object(Config\Cache), false)
#3 C:\laragon\www\alquilando\public\index.php(37): CodeIgniter\CodeIgniter->run()
#4 {main}
CRITICAL - 2024-03-26 11:46:07 --> Call to undefined method FPDF::setHeaderCallback()
#0 C:\laragon\www\alquilando\system\CodeIgniter.php(823): App\Controllers\Pagos->generarReciboPDF('2')
#1 C:\laragon\www\alquilando\system\CodeIgniter.php(410): CodeIgniter\CodeIgniter->runController(Object(App\Controllers\Pagos))
#2 C:\laragon\www\alquilando\system\CodeIgniter.php(318): CodeIgniter\CodeIgniter->handleRequest(NULL, Object(Config\Cache), false)
#3 C:\laragon\www\alquilando\public\index.php(37): CodeIgniter\CodeIgniter->run()
#4 {main}
CRITICAL - 2024-03-26 11:52:24 --> Undefined array key 1
#0 C:\laragon\www\alquilando\vendor\setasign\fpdf\fpdf.php(1524): CodeIgniter\Debug\Exceptions->errorHandler(2, 'Undefined array...', 'C:\\laragon\\www\\...', 1524)
#1 C:\laragon\www\alquilando\vendor\setasign\fpdf\fpdf.php(1563): FPDF->_putlinks(1)
#2 C:\laragon\www\alquilando\vendor\setasign\fpdf\fpdf.php(1579): FPDF->_putpage(1)
#3 C:\laragon\www\alquilando\vendor\setasign\fpdf\fpdf.php(1902): FPDF->_putpages()
#4 C:\laragon\www\alquilando\vendor\setasign\fpdf\fpdf.php(284): FPDF->_enddoc()
#5 C:\laragon\www\alquilando\vendor\setasign\fpdf\fpdf.php(988): FPDF->Close()
#6 C:\laragon\www\alquilando\app\Controllers\Pagos.php(268): FPDF->Output('recibo_pago_2.p...', 'I')
#7 C:\laragon\www\alquilando\system\CodeIgniter.php(823): App\Controllers\Pagos->generarReciboPDF('2')
#8 C:\laragon\www\alquilando\system\CodeIgniter.php(410): CodeIgniter\CodeIgniter->runController(Object(App\Controllers\Pagos))
#9 C:\laragon\www\alquilando\system\CodeIgniter.php(318): CodeIgniter\CodeIgniter->handleRequest(NULL, Object(Config\Cache), false)
#10 C:\laragon\www\alquilando\public\index.php(37): CodeIgniter\CodeIgniter->run()
#11 {main}
CRITICAL - 2024-03-26 11:52:59 --> Undefined array key 1
#0 C:\laragon\www\alquilando\vendor\setasign\fpdf\fpdf.php(1524): CodeIgniter\Debug\Exceptions->errorHandler(2, 'Undefined array...', 'C:\\laragon\\www\\...', 1524)
#1 C:\laragon\www\alquilando\vendor\setasign\fpdf\fpdf.php(1563): FPDF->_putlinks(1)
#2 C:\laragon\www\alquilando\vendor\setasign\fpdf\fpdf.php(1579): FPDF->_putpage(1)
#3 C:\laragon\www\alquilando\vendor\setasign\fpdf\fpdf.php(1902): FPDF->_putpages()
#4 C:\laragon\www\alquilando\vendor\setasign\fpdf\fpdf.php(284): FPDF->_enddoc()
#5 C:\laragon\www\alquilando\vendor\setasign\fpdf\fpdf.php(988): FPDF->Close()
#6 C:\laragon\www\alquilando\app\Controllers\Pagos.php(268): FPDF->Output('recibo_pago_2.p...', 'I')
#7 C:\laragon\www\alquilando\system\CodeIgniter.php(823): App\Controllers\Pagos->generarReciboPDF('2')
#8 C:\laragon\www\alquilando\system\CodeIgniter.php(410): CodeIgniter\CodeIgniter->runController(Object(App\Controllers\Pagos))
#9 C:\laragon\www\alquilando\system\CodeIgniter.php(318): CodeIgniter\CodeIgniter->handleRequest(NULL, Object(Config\Cache), false)
#10 C:\laragon\www\alquilando\public\index.php(37): CodeIgniter\CodeIgniter->run()
#11 {main}
CRITICAL - 2024-03-26 12:34:39 --> require(fpdf.php): Failed to open stream: No such file or directory
#0 C:\laragon\www\alquilando\app\Controllers\Pdf.php(9): CodeIgniter\Debug\Exceptions->errorHandler(2, 'require(fpdf.ph...', 'C:\\laragon\\www\\...', 9)
#1 C:\laragon\www\alquilando\app\Controllers\Pdf.php(9): require()
#2 C:\laragon\www\alquilando\app\Controllers\Pagos.php(183): require_once('C:\\laragon\\www\\...')
#3 C:\laragon\www\alquilando\system\CodeIgniter.php(823): App\Controllers\Pagos->generarReciboPDF('2')
#4 C:\laragon\www\alquilando\system\CodeIgniter.php(410): CodeIgniter\CodeIgniter->runController(Object(App\Controllers\Pagos))
#5 C:\laragon\www\alquilando\system\CodeIgniter.php(318): CodeIgniter\CodeIgniter->handleRequest(NULL, Object(Config\Cache), false)
#6 C:\laragon\www\alquilando\public\index.php(37): CodeIgniter\CodeIgniter->run()
#7 {main}
CRITICAL - 2024-03-26 12:35:29 --> fopen(logo.png): Failed to open stream: No such file or directory
#0 [internal function]: CodeIgniter\Debug\Exceptions->errorHandler(2, 'fopen(logo.png)...', 'C:\\laragon\\www\\...', 1274)
#1 C:\laragon\www\alquilando\vendor\setasign\fpdf\fpdf.php(1274): fopen('logo.png', 'rb')
#2 C:\laragon\www\alquilando\vendor\setasign\fpdf\fpdf.php(890): FPDF->_parsepng('logo.png')
#3 C:\laragon\www\alquilando\app\Controllers\Pdf.php(17): FPDF->Image('logo.png', 10, 8, 33)
#4 C:\laragon\www\alquilando\vendor\setasign\fpdf\fpdf.php(330): App\Controllers\Pdf->Header()
#5 C:\laragon\www\alquilando\app\Controllers\Pagos.php(187): FPDF->AddPage()
#6 C:\laragon\www\alquilando\system\CodeIgniter.php(823): App\Controllers\Pagos->generarReciboPDF('2')
#7 C:\laragon\www\alquilando\system\CodeIgniter.php(410): CodeIgniter\CodeIgniter->runController(Object(App\Controllers\Pagos))
#8 C:\laragon\www\alquilando\system\CodeIgniter.php(318): CodeIgniter\CodeIgniter->handleRequest(NULL, Object(Config\Cache), false)
#9 C:\laragon\www\alquilando\public\index.php(37): CodeIgniter\CodeIgniter->run()
#10 {main}
CRITICAL - 2024-03-26 12:38:08 --> Class "PDF" not found
#0 C:\laragon\www\alquilando\system\CodeIgniter.php(823): App\Controllers\Pagos->generarReciboPDF('2')
#1 C:\laragon\www\alquilando\system\CodeIgniter.php(410): CodeIgniter\CodeIgniter->runController(Object(App\Controllers\Pagos))
#2 C:\laragon\www\alquilando\system\CodeIgniter.php(318): CodeIgniter\CodeIgniter->handleRequest(NULL, Object(Config\Cache), false)
#3 C:\laragon\www\alquilando\public\index.php(37): CodeIgniter\CodeIgniter->run()
#4 {main}
CRITICAL - 2024-03-26 12:38:43 --> Undefined variable $pdf
#0 C:\laragon\www\alquilando\app\Controllers\Pagos.php(186): CodeIgniter\Debug\Exceptions->errorHandler(2, 'Undefined varia...', 'C:\\laragon\\www\\...', 186)
#1 C:\laragon\www\alquilando\system\CodeIgniter.php(823): App\Controllers\Pagos->generarReciboPDF('2')
#2 C:\laragon\www\alquilando\system\CodeIgniter.php(410): CodeIgniter\CodeIgniter->runController(Object(App\Controllers\Pagos))
#3 C:\laragon\www\alquilando\system\CodeIgniter.php(318): CodeIgniter\CodeIgniter->handleRequest(NULL, Object(Config\Cache), false)
#4 C:\laragon\www\alquilando\public\index.php(37): CodeIgniter\CodeIgniter->run()
#5 {main}
CRITICAL - 2024-03-26 12:39:05 --> FPDF error: The document is closed
#0 C:\laragon\www\alquilando\vendor\setasign\fpdf\fpdf.php(291): FPDF->Error('The document is...')
#1 C:\laragon\www\alquilando\app\Controllers\Pagos.php(215): FPDF->AddPage()
#2 C:\laragon\www\alquilando\system\CodeIgniter.php(823): App\Controllers\Pagos->generarReciboPDF('2')
#3 C:\laragon\www\alquilando\system\CodeIgniter.php(410): CodeIgniter\CodeIgniter->runController(Object(App\Controllers\Pagos))
#4 C:\laragon\www\alquilando\system\CodeIgniter.php(318): CodeIgniter\CodeIgniter->handleRequest(NULL, Object(Config\Cache), false)
#5 C:\laragon\www\alquilando\public\index.php(37): CodeIgniter\CodeIgniter->run()
#6 {main}
CRITICAL - 2024-03-26 12:42:17 --> Call to undefined method App\Controllers\Pagos::PageNo()
#0 C:\laragon\www\alquilando\system\CodeIgniter.php(823): App\Controllers\Pagos->generarReciboPDF('2')
#1 C:\laragon\www\alquilando\system\CodeIgniter.php(410): CodeIgniter\CodeIgniter->runController(Object(App\Controllers\Pagos))
#2 C:\laragon\www\alquilando\system\CodeIgniter.php(318): CodeIgniter\CodeIgniter->handleRequest(NULL, Object(Config\Cache), false)
#3 C:\laragon\www\alquilando\public\index.php(37): CodeIgniter\CodeIgniter->run()
#4 {main}
CRITICAL - 2024-03-26 12:42:53 --> Undefined variable $i
#0 C:\laragon\www\alquilando\app\Controllers\Pagos.php(220): CodeIgniter\Debug\Exceptions->errorHandler(2, 'Undefined varia...', 'C:\\laragon\\www\\...', 220)
#1 C:\laragon\www\alquilando\system\CodeIgniter.php(823): App\Controllers\Pagos->generarReciboPDF('2')
#2 C:\laragon\www\alquilando\system\CodeIgniter.php(410): CodeIgniter\CodeIgniter->runController(Object(App\Controllers\Pagos))
#3 C:\laragon\www\alquilando\system\CodeIgniter.php(318): CodeIgniter\CodeIgniter->handleRequest(NULL, Object(Config\Cache), false)
#4 C:\laragon\www\alquilando\public\index.php(37): CodeIgniter\CodeIgniter->run()
#5 {main}
CRITICAL - 2024-03-26 13:10:35 --> Undefined variable $numero_recibo
#0 C:\laragon\www\alquilando\app\Controllers\Pagos.php(210): CodeIgniter\Debug\Exceptions->errorHandler(2, 'Undefined varia...', 'C:\\laragon\\www\\...', 210)
#1 C:\laragon\www\alquilando\system\CodeIgniter.php(823): App\Controllers\Pagos->generarReciboPDF('7')
#2 C:\laragon\www\alquilando\system\CodeIgniter.php(410): CodeIgniter\CodeIgniter->runController(Object(App\Controllers\Pagos))
#3 C:\laragon\www\alquilando\system\CodeIgniter.php(318): CodeIgniter\CodeIgniter->handleRequest(NULL, Object(Config\Cache), false)
#4 C:\laragon\www\alquilando\public\index.php(37): CodeIgniter\CodeIgniter->run()
#5 {main}
CRITICAL - 2024-03-26 13:36:46 --> Undefined array key "id_usuario"
#0 C:\laragon\www\alquilando\app\Views\Admin\Pago\editarrecibo.php(55): CodeIgniter\Debug\Exceptions->errorHandler(2, 'Undefined array...', 'C:\\laragon\\www\\...', 55)
#1 C:\laragon\www\alquilando\system\View\View.php(210): include('C:\\laragon\\www\\...')
#2 C:\laragon\www\alquilando\system\View\View.php(213): CodeIgniter\View\View->CodeIgniter\View\{closure}()
#3 C:\laragon\www\alquilando\system\Common.php(1094): CodeIgniter\View\View->render('/Admin/pago/edi...', Array, true)
#4 C:\laragon\www\alquilando\app\Controllers\Pagos.php(166): view('/Admin/pago/edi...', Array)
#5 C:\laragon\www\alquilando\system\CodeIgniter.php(823): App\Controllers\Pagos->editarReciboPDF('11')
#6 C:\laragon\www\alquilando\system\CodeIgniter.php(410): CodeIgniter\CodeIgniter->runController(Object(App\Controllers\Pagos))
#7 C:\laragon\www\alquilando\system\CodeIgniter.php(318): CodeIgniter\CodeIgniter->handleRequest(NULL, Object(Config\Cache), false)
#8 C:\laragon\www\alquilando\public\index.php(37): CodeIgniter\CodeIgniter->run()
#9 {main}
CRITICAL - 2024-03-26 17:08:33 --> Undefined variable $usuarios
#0 C:\laragon\www\alquilando\app\Views\Admin\Pago\editarrecibo.php(54): CodeIgniter\Debug\Exceptions->errorHandler(2, 'Undefined varia...', 'C:\\laragon\\www\\...', 54)
#1 C:\laragon\www\alquilando\system\View\View.php(210): include('C:\\laragon\\www\\...')
#2 C:\laragon\www\alquilando\system\View\View.php(213): CodeIgniter\View\View->CodeIgniter\View\{closure}()
#3 C:\laragon\www\alquilando\system\Common.php(1094): CodeIgniter\View\View->render('/Admin/pago/edi...', Array, true)
#4 C:\laragon\www\alquilando\app\Controllers\Pagos.php(166): view('/Admin/pago/edi...', Array)
#5 C:\laragon\www\alquilando\system\CodeIgniter.php(823): App\Controllers\Pagos->editarReciboPDF('11')
#6 C:\laragon\www\alquilando\system\CodeIgniter.php(410): CodeIgniter\CodeIgniter->runController(Object(App\Controllers\Pagos))
#7 C:\laragon\www\alquilando\system\CodeIgniter.php(318): CodeIgniter\CodeIgniter->handleRequest(NULL, Object(Config\Cache), false)
#8 C:\laragon\www\alquilando\public\index.php(37): CodeIgniter\CodeIgniter->run()
#9 {main}
CRITICAL - 2024-03-26 17:19:08 --> Undefined variable $usuario
#0 C:\laragon\www\alquilando\app\Views\Admin\Pago\editarrecibo.php(54): CodeIgniter\Debug\Exceptions->errorHandler(2, 'Undefined varia...', 'C:\\laragon\\www\\...', 54)
#1 C:\laragon\www\alquilando\system\View\View.php(210): include('C:\\laragon\\www\\...')
#2 C:\laragon\www\alquilando\system\View\View.php(213): CodeIgniter\View\View->CodeIgniter\View\{closure}()
#3 C:\laragon\www\alquilando\system\Common.php(1094): CodeIgniter\View\View->render('/Admin/pago/edi...', Array, true)
#4 C:\laragon\www\alquilando\app\Controllers\Pagos.php(166): view('/Admin/pago/edi...', Array)
#5 C:\laragon\www\alquilando\system\CodeIgniter.php(823): App\Controllers\Pagos->editarReciboPDF('11')
#6 C:\laragon\www\alquilando\system\CodeIgniter.php(410): CodeIgniter\CodeIgniter->runController(Object(App\Controllers\Pagos))
#7 C:\laragon\www\alquilando\system\CodeIgniter.php(318): CodeIgniter\CodeIgniter->handleRequest(NULL, Object(Config\Cache), false)
#8 C:\laragon\www\alquilando\public\index.php(37): CodeIgniter\CodeIgniter->run()
#9 {main}
CRITICAL - 2024-03-26 17:19:51 --> Cannot access offset of type string on string
#0 C:\laragon\www\alquilando\system\View\View.php(210): include()
#1 C:\laragon\www\alquilando\system\View\View.php(213): CodeIgniter\View\View->CodeIgniter\View\{closure}()
#2 C:\laragon\www\alquilando\system\Common.php(1094): CodeIgniter\View\View->render('/Admin/pago/edi...', Array, true)
#3 C:\laragon\www\alquilando\app\Controllers\Pagos.php(166): view('/Admin/pago/edi...', Array)
#4 C:\laragon\www\alquilando\system\CodeIgniter.php(823): App\Controllers\Pagos->editarReciboPDF('11')
#5 C:\laragon\www\alquilando\system\CodeIgniter.php(410): CodeIgniter\CodeIgniter->runController(Object(App\Controllers\Pagos))
#6 C:\laragon\www\alquilando\system\CodeIgniter.php(318): CodeIgniter\CodeIgniter->handleRequest(NULL, Object(Config\Cache), false)
#7 C:\laragon\www\alquilando\public\index.php(37): CodeIgniter\CodeIgniter->run()
#8 {main}
CRITICAL - 2024-03-26 17:20:48 --> Cannot access offset of type string on string
#0 C:\laragon\www\alquilando\system\View\View.php(210): include()
#1 C:\laragon\www\alquilando\system\View\View.php(213): CodeIgniter\View\View->CodeIgniter\View\{closure}()
#2 C:\laragon\www\alquilando\system\Common.php(1094): CodeIgniter\View\View->render('/Admin/pago/edi...', Array, true)
#3 C:\laragon\www\alquilando\app\Controllers\Pagos.php(166): view('/Admin/pago/edi...', Array)
#4 C:\laragon\www\alquilando\system\CodeIgniter.php(823): App\Controllers\Pagos->editarReciboPDF('11')
#5 C:\laragon\www\alquilando\system\CodeIgniter.php(410): CodeIgniter\CodeIgniter->runController(Object(App\Controllers\Pagos))
#6 C:\laragon\www\alquilando\system\CodeIgniter.php(318): CodeIgniter\CodeIgniter->handleRequest(NULL, Object(Config\Cache), false)
#7 C:\laragon\www\alquilando\public\index.php(37): CodeIgniter\CodeIgniter->run()
#8 {main}
CRITICAL - 2024-03-26 17:20:49 --> Cannot access offset of type string on string
#0 C:\laragon\www\alquilando\system\View\View.php(210): include()
#1 C:\laragon\www\alquilando\system\View\View.php(213): CodeIgniter\View\View->CodeIgniter\View\{closure}()
#2 C:\laragon\www\alquilando\system\Common.php(1094): CodeIgniter\View\View->render('/Admin/pago/edi...', Array, true)
#3 C:\laragon\www\alquilando\app\Controllers\Pagos.php(166): view('/Admin/pago/edi...', Array)
#4 C:\laragon\www\alquilando\system\CodeIgniter.php(823): App\Controllers\Pagos->editarReciboPDF('11')
#5 C:\laragon\www\alquilando\system\CodeIgniter.php(410): CodeIgniter\CodeIgniter->runController(Object(App\Controllers\Pagos))
#6 C:\laragon\www\alquilando\system\CodeIgniter.php(318): CodeIgniter\CodeIgniter->handleRequest(NULL, Object(Config\Cache), false)
#7 C:\laragon\www\alquilando\public\index.php(37): CodeIgniter\CodeIgniter->run()
#8 {main}
CRITICAL - 2024-03-26 17:25:01 --> Undefined variable $p
#0 C:\laragon\www\alquilando\app\Views\Admin\Pago\editarrecibo.php(55): CodeIgniter\Debug\Exceptions->errorHandler(2, 'Undefined varia...', 'C:\\laragon\\www\\...', 55)
#1 C:\laragon\www\alquilando\system\View\View.php(210): include('C:\\laragon\\www\\...')
#2 C:\laragon\www\alquilando\system\View\View.php(213): CodeIgniter\View\View->CodeIgniter\View\{closure}()
#3 C:\laragon\www\alquilando\system\Common.php(1094): CodeIgniter\View\View->render('/Admin/pago/edi...', Array, true)
#4 C:\laragon\www\alquilando\app\Controllers\Pagos.php(167): view('/Admin/pago/edi...', Array)
#5 C:\laragon\www\alquilando\system\CodeIgniter.php(823): App\Controllers\Pagos->editarReciboPDF('11')
#6 C:\laragon\www\alquilando\system\CodeIgniter.php(410): CodeIgniter\CodeIgniter->runController(Object(App\Controllers\Pagos))
#7 C:\laragon\www\alquilando\system\CodeIgniter.php(318): CodeIgniter\CodeIgniter->handleRequest(NULL, Object(Config\Cache), false)
#8 C:\laragon\www\alquilando\public\index.php(37): CodeIgniter\CodeIgniter->run()
#9 {main}
CRITICAL - 2024-03-26 17:26:25 --> Undefined variable $pago
#0 C:\laragon\www\alquilando\app\Views\Admin\Pago\editarrecibo.php(55): CodeIgniter\Debug\Exceptions->errorHandler(2, 'Undefined varia...', 'C:\\laragon\\www\\...', 55)
#1 C:\laragon\www\alquilando\system\View\View.php(210): include('C:\\laragon\\www\\...')
#2 C:\laragon\www\alquilando\system\View\View.php(213): CodeIgniter\View\View->CodeIgniter\View\{closure}()
#3 C:\laragon\www\alquilando\system\Common.php(1094): CodeIgniter\View\View->render('/Admin/pago/edi...', Array, true)
#4 C:\laragon\www\alquilando\app\Controllers\Pagos.php(167): view('/Admin/pago/edi...', Array)
#5 C:\laragon\www\alquilando\system\CodeIgniter.php(823): App\Controllers\Pagos->editarReciboPDF('11')
#6 C:\laragon\www\alquilando\system\CodeIgniter.php(410): CodeIgniter\CodeIgniter->runController(Object(App\Controllers\Pagos))
#7 C:\laragon\www\alquilando\system\CodeIgniter.php(318): CodeIgniter\CodeIgniter->handleRequest(NULL, Object(Config\Cache), false)
#8 C:\laragon\www\alquilando\public\index.php(37): CodeIgniter\CodeIgniter->run()
#9 {main}
CRITICAL - 2024-03-26 17:29:05 --> syntax error, unexpected end of file
#0 C:\laragon\www\alquilando\system\View\View.php(213): CodeIgniter\View\View->CodeIgniter\View\{closure}()
#1 C:\laragon\www\alquilando\system\Common.php(1094): CodeIgniter\View\View->render('/Admin/pago/edi...', Array, true)
#2 C:\laragon\www\alquilando\app\Controllers\Pagos.php(167): view('/Admin/pago/edi...', Array)
#3 C:\laragon\www\alquilando\system\CodeIgniter.php(823): App\Controllers\Pagos->editarReciboPDF('11')
#4 C:\laragon\www\alquilando\system\CodeIgniter.php(410): CodeIgniter\CodeIgniter->runController(Object(App\Controllers\Pagos))
#5 C:\laragon\www\alquilando\system\CodeIgniter.php(318): CodeIgniter\CodeIgniter->handleRequest(NULL, Object(Config\Cache), false)
#6 C:\laragon\www\alquilando\public\index.php(37): CodeIgniter\CodeIgniter->run()
#7 {main}
CRITICAL - 2024-03-26 17:32:42 --> Undefined variable $pago
#0 C:\laragon\www\alquilando\app\Views\Admin\Pago\editarrecibo.php(54): CodeIgniter\Debug\Exceptions->errorHandler(2, 'Undefined varia...', 'C:\\laragon\\www\\...', 54)
#1 C:\laragon\www\alquilando\system\View\View.php(210): include('C:\\laragon\\www\\...')
#2 C:\laragon\www\alquilando\system\View\View.php(213): CodeIgniter\View\View->CodeIgniter\View\{closure}()
#3 C:\laragon\www\alquilando\system\Common.php(1094): CodeIgniter\View\View->render('/Admin/pago/edi...', Array, true)
#4 C:\laragon\www\alquilando\app\Controllers\Pagos.php(167): view('/Admin/pago/edi...', Array)
#5 C:\laragon\www\alquilando\system\CodeIgniter.php(823): App\Controllers\Pagos->editarReciboPDF('11')
#6 C:\laragon\www\alquilando\system\CodeIgniter.php(410): CodeIgniter\CodeIgniter->runController(Object(App\Controllers\Pagos))
#7 C:\laragon\www\alquilando\system\CodeIgniter.php(318): CodeIgniter\CodeIgniter->handleRequest(NULL, Object(Config\Cache), false)
#8 C:\laragon\www\alquilando\public\index.php(37): CodeIgniter\CodeIgniter->run()
#9 {main}
CRITICAL - 2024-03-26 17:44:43 --> Cannot access offset of type string on string
#0 C:\laragon\www\alquilando\system\View\View.php(210): include()
#1 C:\laragon\www\alquilando\system\View\View.php(213): CodeIgniter\View\View->CodeIgniter\View\{closure}()
#2 C:\laragon\www\alquilando\system\Common.php(1094): CodeIgniter\View\View->render('/Admin/pago/edi...', Array, true)
#3 C:\laragon\www\alquilando\app\Controllers\Pagos.php(167): view('/Admin/pago/edi...', Array)
#4 C:\laragon\www\alquilando\system\CodeIgniter.php(823): App\Controllers\Pagos->editarReciboPDF('11')
#5 C:\laragon\www\alquilando\system\CodeIgniter.php(410): CodeIgniter\CodeIgniter->runController(Object(App\Controllers\Pagos))
#6 C:\laragon\www\alquilando\system\CodeIgniter.php(318): CodeIgniter\CodeIgniter->handleRequest(NULL, Object(Config\Cache), false)
#7 C:\laragon\www\alquilando\public\index.php(37): CodeIgniter\CodeIgniter->run()
#8 {main}
CRITICAL - 2024-03-26 23:45:33 --> Undefined array key "metodo_pago"
#0 C:\laragon\www\alquilando\app\Views\Admin\Pago\editarrecibo.php(67): CodeIgniter\Debug\Exceptions->errorHandler(2, 'Undefined array...', 'C:\\laragon\\www\\...', 67)
#1 C:\laragon\www\alquilando\system\View\View.php(210): include('C:\\laragon\\www\\...')
#2 C:\laragon\www\alquilando\system\View\View.php(213): CodeIgniter\View\View->CodeIgniter\View\{closure}()
#3 C:\laragon\www\alquilando\system\Common.php(1094): CodeIgniter\View\View->render('/Admin/pago/edi...', Array, true)
#4 C:\laragon\www\alquilando\app\Controllers\Pagos.php(167): view('/Admin/pago/edi...', Array)
#5 C:\laragon\www\alquilando\system\CodeIgniter.php(823): App\Controllers\Pagos->editarReciboPDF('2')
#6 C:\laragon\www\alquilando\system\CodeIgniter.php(410): CodeIgniter\CodeIgniter->runController(Object(App\Controllers\Pagos))
#7 C:\laragon\www\alquilando\system\CodeIgniter.php(318): CodeIgniter\CodeIgniter->handleRequest(NULL, Object(Config\Cache), false)
#8 C:\laragon\www\alquilando\public\index.php(37): CodeIgniter\CodeIgniter->run()
#9 {main}
CRITICAL - 2024-03-26 23:50:12 --> Undefined variable $pago
#0 C:\laragon\www\alquilando\app\Views\Admin\Pago\editarrecibo.php(67): CodeIgniter\Debug\Exceptions->errorHandler(2, 'Undefined varia...', 'C:\\laragon\\www\\...', 67)
#1 C:\laragon\www\alquilando\system\View\View.php(210): include('C:\\laragon\\www\\...')
#2 C:\laragon\www\alquilando\system\View\View.php(213): CodeIgniter\View\View->CodeIgniter\View\{closure}()
#3 C:\laragon\www\alquilando\system\Common.php(1094): CodeIgniter\View\View->render('/Admin/pago/edi...', Array, true)
#4 C:\laragon\www\alquilando\app\Controllers\Pagos.php(168): view('/Admin/pago/edi...', Array)
#5 C:\laragon\www\alquilando\system\CodeIgniter.php(823): App\Controllers\Pagos->editarReciboPDF('2')
#6 C:\laragon\www\alquilando\system\CodeIgniter.php(410): CodeIgniter\CodeIgniter->runController(Object(App\Controllers\Pagos))
#7 C:\laragon\www\alquilando\system\CodeIgniter.php(318): CodeIgniter\CodeIgniter->handleRequest(NULL, Object(Config\Cache), false)
#8 C:\laragon\www\alquilando\public\index.php(37): CodeIgniter\CodeIgniter->run()
#9 {main}
CRITICAL - 2024-03-26 23:56:01 --> Undefined variable $pago
#0 C:\laragon\www\alquilando\app\Views\Admin\Pago\editarrecibo.php(69): CodeIgniter\Debug\Exceptions->errorHandler(2, 'Undefined varia...', 'C:\\laragon\\www\\...', 69)
#1 C:\laragon\www\alquilando\system\View\View.php(210): include('C:\\laragon\\www\\...')
#2 C:\laragon\www\alquilando\system\View\View.php(213): CodeIgniter\View\View->CodeIgniter\View\{closure}()
#3 C:\laragon\www\alquilando\system\Common.php(1094): CodeIgniter\View\View->render('/Admin/pago/edi...', Array, true)
#4 C:\laragon\www\alquilando\app\Controllers\Pagos.php(168): view('/Admin/pago/edi...', Array)
#5 C:\laragon\www\alquilando\system\CodeIgniter.php(823): App\Controllers\Pagos->editarReciboPDF('2')
#6 C:\laragon\www\alquilando\system\CodeIgniter.php(410): CodeIgniter\CodeIgniter->runController(Object(App\Controllers\Pagos))
#7 C:\laragon\www\alquilando\system\CodeIgniter.php(318): CodeIgniter\CodeIgniter->handleRequest(NULL, Object(Config\Cache), false)
#8 C:\laragon\www\alquilando\public\index.php(37): CodeIgniter\CodeIgniter->run()
#9 {main}
CRITICAL - 2024-03-26 23:56:28 --> Cannot access offset of type string on string
#0 C:\laragon\www\alquilando\system\View\View.php(210): include()
#1 C:\laragon\www\alquilando\system\View\View.php(213): CodeIgniter\View\View->CodeIgniter\View\{closure}()
#2 C:\laragon\www\alquilando\system\Common.php(1094): CodeIgniter\View\View->render('/Admin/pago/edi...', Array, true)
#3 C:\laragon\www\alquilando\app\Controllers\Pagos.php(169): view('/Admin/pago/edi...', Array)
#4 C:\laragon\www\alquilando\system\CodeIgniter.php(823): App\Controllers\Pagos->editarReciboPDF('2')
#5 C:\laragon\www\alquilando\system\CodeIgniter.php(410): CodeIgniter\CodeIgniter->runController(Object(App\Controllers\Pagos))
#6 C:\laragon\www\alquilando\system\CodeIgniter.php(318): CodeIgniter\CodeIgniter->handleRequest(NULL, Object(Config\Cache), false)
#7 C:\laragon\www\alquilando\public\index.php(37): CodeIgniter\CodeIgniter->run()
#8 {main}
CRITICAL - 2024-03-26 23:58:14 --> Cannot access offset of type string on string
#0 C:\laragon\www\alquilando\system\View\View.php(210): include()
#1 C:\laragon\www\alquilando\system\View\View.php(213): CodeIgniter\View\View->CodeIgniter\View\{closure}()
#2 C:\laragon\www\alquilando\system\Common.php(1094): CodeIgniter\View\View->render('/Admin/pago/edi...', Array, true)
#3 C:\laragon\www\alquilando\app\Controllers\Pagos.php(169): view('/Admin/pago/edi...', Array)
#4 C:\laragon\www\alquilando\system\CodeIgniter.php(823): App\Controllers\Pagos->editarReciboPDF('2')
#5 C:\laragon\www\alquilando\system\CodeIgniter.php(410): CodeIgniter\CodeIgniter->runController(Object(App\Controllers\Pagos))
#6 C:\laragon\www\alquilando\system\CodeIgniter.php(318): CodeIgniter\CodeIgniter->handleRequest(NULL, Object(Config\Cache), false)
#7 C:\laragon\www\alquilando\public\index.php(37): CodeIgniter\CodeIgniter->run()
#8 {main}
CRITICAL - 2024-03-26 23:59:01 --> Cannot access offset of type string on string
#0 C:\laragon\www\alquilando\system\View\View.php(210): include()
#1 C:\laragon\www\alquilando\system\View\View.php(213): CodeIgniter\View\View->CodeIgniter\View\{closure}()
#2 C:\laragon\www\alquilando\system\Common.php(1094): CodeIgniter\View\View->render('/Admin/pago/edi...', Array, true)
#3 C:\laragon\www\alquilando\app\Controllers\Pagos.php(169): view('/Admin/pago/edi...', Array)
#4 C:\laragon\www\alquilando\system\CodeIgniter.php(823): App\Controllers\Pagos->editarReciboPDF('2')
#5 C:\laragon\www\alquilando\system\CodeIgniter.php(410): CodeIgniter\CodeIgniter->runController(Object(App\Controllers\Pagos))
#6 C:\laragon\www\alquilando\system\CodeIgniter.php(318): CodeIgniter\CodeIgniter->handleRequest(NULL, Object(Config\Cache), false)
#7 C:\laragon\www\alquilando\public\index.php(37): CodeIgniter\CodeIgniter->run()
#8 {main}
