CRITICAL - 2023-09-08 23:23:38 --> Undefined variable $dato
#0 C:\laragon\www\alquilando\app\Views\Admin\Layout\aside.php(17): CodeIgniter\Debug\Exceptions->errorHandler(2, 'Undefined varia...', 'C:\\laragon\\www\\...', 17)
#1 C:\laragon\www\alquilando\system\View\View.php(210): include('C:\\laragon\\www\\...')
#2 C:\laragon\www\alquilando\system\View\View.php(213): CodeIgniter\View\View->CodeIgniter\View\{closure}()
#3 C:\laragon\www\alquilando\system\View\View.php(424): CodeIgniter\View\View->render('Admin/Layout/as...', NULL, true)
#4 C:\laragon\www\alquilando\app\Views\Admin\Layout\main.php(5): CodeIgniter\View\View->include('Admin/Layout/as...')
#5 C:\laragon\www\alquilando\system\View\View.php(210): include('C:\\laragon\\www\\...')
#6 C:\laragon\www\alquilando\system\View\View.php(213): CodeIgniter\View\View->CodeIgniter\View\{closure}()
#7 C:\laragon\www\alquilando\system\View\View.php(226): CodeIgniter\View\View->render('Admin/Layout/ma...', Array, true)
#8 C:\laragon\www\alquilando\system\Common.php(1094): CodeIgniter\View\View->render('/Admin/usuario/...', Array, true)
#9 C:\laragon\www\alquilando\app\Controllers\Usuarios.php(64): view('/Admin/usuario/...', Array)
#10 C:\laragon\www\alquilando\system\CodeIgniter.php(823): App\Controllers\Usuarios->listar()
#11 C:\laragon\www\alquilando\system\CodeIgniter.php(410): CodeIgniter\CodeIgniter->runController(Object(App\Controllers\Usuarios))
#12 C:\laragon\www\alquilando\system\CodeIgniter.php(318): CodeIgniter\CodeIgniter->handleRequest(NULL, Object(Config\Cache), false)
#13 C:\laragon\www\alquilando\public\index.php(37): CodeIgniter\CodeIgniter->run()
#14 {main}
CRITICAL - 2023-09-08 23:26:21 --> Undefined variable $inmueble
#0 C:\laragon\www\alquilando\app\Views\Admin\Layout\aside.php(17): CodeIgniter\Debug\Exceptions->errorHandler(2, 'Undefined varia...', 'C:\\laragon\\www\\...', 17)
#1 C:\laragon\www\alquilando\system\View\View.php(210): include('C:\\laragon\\www\\...')
#2 C:\laragon\www\alquilando\system\View\View.php(213): CodeIgniter\View\View->CodeIgniter\View\{closure}()
#3 C:\laragon\www\alquilando\system\View\View.php(424): CodeIgniter\View\View->render('Admin/Layout/as...', NULL, true)
#4 C:\laragon\www\alquilando\app\Views\Admin\Layout\main.php(5): CodeIgniter\View\View->include('Admin/Layout/as...')
#5 C:\laragon\www\alquilando\system\View\View.php(210): include('C:\\laragon\\www\\...')
#6 C:\laragon\www\alquilando\system\View\View.php(213): CodeIgniter\View\View->CodeIgniter\View\{closure}()
#7 C:\laragon\www\alquilando\system\View\View.php(226): CodeIgniter\View\View->render('Admin/Layout/ma...', Array, true)
#8 C:\laragon\www\alquilando\system\Common.php(1094): CodeIgniter\View\View->render('/Admin/usuario/...', Array, true)
#9 C:\laragon\www\alquilando\app\Controllers\Usuarios.php(64): view('/Admin/usuario/...', Array)
#10 C:\laragon\www\alquilando\system\CodeIgniter.php(823): App\Controllers\Usuarios->listar()
#11 C:\laragon\www\alquilando\system\CodeIgniter.php(410): CodeIgniter\CodeIgniter->runController(Object(App\Controllers\Usuarios))
#12 C:\laragon\www\alquilando\system\CodeIgniter.php(318): CodeIgniter\CodeIgniter->handleRequest(NULL, Object(Config\Cache), false)
#13 C:\laragon\www\alquilando\public\index.php(37): CodeIgniter\CodeIgniter->run()
#14 {main}
CRITICAL - 2023-09-08 23:26:33 --> Undefined variable $inmuebles
#0 C:\laragon\www\alquilando\app\Views\Admin\Layout\aside.php(17): CodeIgniter\Debug\Exceptions->errorHandler(2, 'Undefined varia...', 'C:\\laragon\\www\\...', 17)
#1 C:\laragon\www\alquilando\system\View\View.php(210): include('C:\\laragon\\www\\...')
#2 C:\laragon\www\alquilando\system\View\View.php(213): CodeIgniter\View\View->CodeIgniter\View\{closure}()
#3 C:\laragon\www\alquilando\system\View\View.php(424): CodeIgniter\View\View->render('Admin/Layout/as...', NULL, true)
#4 C:\laragon\www\alquilando\app\Views\Admin\Layout\main.php(5): CodeIgniter\View\View->include('Admin/Layout/as...')
#5 C:\laragon\www\alquilando\system\View\View.php(210): include('C:\\laragon\\www\\...')
#6 C:\laragon\www\alquilando\system\View\View.php(213): CodeIgniter\View\View->CodeIgniter\View\{closure}()
#7 C:\laragon\www\alquilando\system\View\View.php(226): CodeIgniter\View\View->render('Admin/Layout/ma...', Array, true)
#8 C:\laragon\www\alquilando\system\Common.php(1094): CodeIgniter\View\View->render('/Admin/usuario/...', Array, true)
#9 C:\laragon\www\alquilando\app\Controllers\Usuarios.php(64): view('/Admin/usuario/...', Array)
#10 C:\laragon\www\alquilando\system\CodeIgniter.php(823): App\Controllers\Usuarios->listar()
#11 C:\laragon\www\alquilando\system\CodeIgniter.php(410): CodeIgniter\CodeIgniter->runController(Object(App\Controllers\Usuarios))
#12 C:\laragon\www\alquilando\system\CodeIgniter.php(318): CodeIgniter\CodeIgniter->handleRequest(NULL, Object(Config\Cache), false)
#13 C:\laragon\www\alquilando\public\index.php(37): CodeIgniter\CodeIgniter->run()
#14 {main}
